273757423642
66476977112
237905924503
268145773779
1009274567874
133235037708
490463511544
488261294368
281356752080
752867613163
140878891959
116280565475
431247126230
47187175834
623046882965
168840754351
84041149197
380784864121
163937321134
258535804412
446360806108
98427472953
348024159178
90695270485
337158695562
391671850835
322750348778
994305932244
38314582004
647813803183
62127368611
17642643357
513554647536
399575857410
328622859637
453317427321
827708043285
99447496004
691917697858
431994126275
469350574370
241797819660
272932049970
270469012786
406559561347
673527436406
581537707513
424308993867
605549134819
283968463225
73505704233
461167846980
369190348541
168645923017
185300286823
302850087696
310475891404
333218191806
15370880873
229981010014
322895536825
520216035028
49253011575
317103693307
943487957431
296195912461
263441277336
590518165145
164108415326
57948140938
775199866374
97613516268
337589580210
150113346498
164365928282
169004107773
452507581120
61931916902
103381668321
14779932448
200554642924
163981872529
92841258440
344682611778
122855365663
102227333028
188068777382
46616019686
719427909492
199973516615
55262664107
639001767344
68356192235
143039308690
351878043438
929382974196
455957769890
91289653168
58770322866
67607449252
591569377537
724551697130
22612008511
16302409836
184537910727
133094246846
85227735990
526742490418
196869898676
75825333276
128799469204
951216559679
416050543510
147643925856
477365739431
16198004926
448240422471
204436725732
16757537989
693426580753
918514054503
204837139656
411531531940
33851617566
244407552952
90764019833
591816955176
239934685710
142085054597
466424776988
221260225579
41851360221
631984559841
206168066722
292839356240
515158671127
439312906100
31376884264
417696294492
659678215371
759693908969
397002439616
266400801864
898279753281
471649775732
203107650234
52710751658
164877726756
212110840480
54026907536
122735032843
750167260869
109141131028
852564738388
786553138359
72894008196
12811943470
137074293172
729728179592
474421212278
244966925969
251887353770
490087481332
314059750465
796120109138
565781568428
512178923862
703227893202
250363136200
69517423299
573303971638
133664751648
474232950537
72675128595
6179570032
55843300618
160721115031
555000496348
405019190961
328757753443
95444821432
335147653588
171555007406
373823900775
316837933562
307309631522
720247507935
418374652783
49339645006
893189759348
192809585159
118571546000
197354708027
114453802862
958134195656
81074252951
261253351809
363924019325
561684298180
140562397016
231113492766
102088934755
493904238317
213892956294
112728858652
556771658295
52901091462
27134632947
303772603463
9782924346
91769244239
47060401712
396323005819
568530949248
19777524015
76864386006
506882048518
107764050589
223635550212
534735713481
273258324591
6229981711
240277557975
17837018348
608038200957
737047006576
152662073114
316898229366
500426125601
237068951896
469203340252
545219478463
14369056470
96272028514
167554190886
203101028268
68073631442
840057445403
79291478808
682217644879
370095926368
643846366021
44386929324
234660899921
153606763968
412658024742
486181095121
527939366863
49856860789
218290039513
527052720598
821864580821
198417920785
118438867014
748829726865
21214538431
754095886536
459481995387
380481880392
344511870390
231730112948
193667307425
124668936693
859096799052
175530846278
54973477298
254522084471
206594736172
561298277233
48167425337
451252030479
385621547617
35780107199
248384041384
114287549323
232437120626
320766103434
393808229032
310673228580
32752986625
563654462571
997266494754
100985297314
516694869737
67736591118
171134310906
233949810241
284174990257
10607790903
696011278758
484205417442
259817541340
57245625912
18899038881
173686567532
133173680661
166342064530
322259365246
354446565862
354616770122
67429829447
276491252918
85980826712
456851825815
185981057579
572199712783
51257215397
383794378324
269832743408
7338036420
155844690323
489317163008
234512876812
742291335383
263940478295
21554313213
32700191699
187187792944
240259291623
387771047248
10844240613
145342312404
284382182468
17786499923
26581403676
26873247144
555196012683
99854980500
146240764225
708746275482
626635643971
113926381977
86596938184
226812323287
334627818404
87504639142
173354847103
397522552262
141029172867
592346616307
430622455580
632284978446
836531148554
542333341280
50065947090
30656875173
340737848377
40609118835
74612233736
137102167759
233815938
226993794406
124108328816
577634176894
83133568377
410619483374
68975490009
304637796614
539233327742
68774101104
662020430387
93632863379
358155541395
64632052296
30982783990
404510177875
422062517073
150238846522
421735799310
323579553362
583282092441
27630792183
97573698968
179893563399
512926558227
491558136536
859742592683
467203594988
664961804398
533956009243
486080360777
367143828989
27580067867
636153209072
45695779748
117386846832
368793662002
52743901176
661978702250
565577181625
159972287064
395023352140
104374104672
184882427084
367061806849
36829322252
809115835075
176764690946
57658101178
215240621903
495057949140
217164258806
172002443810
289213854454
65422406787
932367382719
167969927394
130694835444
511289891472
22505382678
585957144696
328908393109
658955073777
367233384834
336255096848
232763276235
430742146187
212208600198
2632601102
150612997985
11442063764
125856935582
383089191378
345076956616
807859589222
3088237164
173074384070
240661890890
514608955370
939178837247
307139816907
51229233723
51107883674
857670642073
568445914398
18690011090
23264942547
19207810289
186231121182
94275704680
656002877474
358278448293
266834616771
318634114630
415603148805
112942082003
18578331356
747899962073
215158935077
114359719455
585066820228
77379299744
400304691822
403949237155
23411158473
359771865010
298569576946
879912435918
137120253464
108126805502
116781036784
220925398047
407724401419
424109011504
380113422232
154439299443
380039699857
220363004020
339753233564
128574354488
37936634446
389113027393
18496407987
282933380675
204337065143
20067280061
162368532727
329515430518
558102607961
422992826427
8530941388
11241413127
396900292387
352511136094
263128319031
407922549532
388872894423
265359283716
454139774174
458258982911
483699140556
357973405226
788609671166
123879151250
129615511194
827649574803
18770566784
241821936255
696121185618
776160860475
222427425802
653522447873
625726529852
230410479583
563861231313
181412278865
381973356355
525818892668
772930441638
103811947304
87806284224
190768663968
382255465070
182389749137
603998791339
164349751579
272594220225
890335388138
273984665162
483791844898
388955153839
48796495931
550033266889
93837705903
478456332263
64175727317
369988795192
486613090180
130190944928
306762088478
703615991450
890330309640
62591027583
794637291381
446932059654
337868271914
87769769940
221021876039
758589526222
214006775545
279392815543
105852554343
700699915035
233087621493
329438369564
503164691847
53216390039
433913879689
690890000404
59569875651
143887710817
75765889037
528825581233
121029279145
311709650887
192726034651
232796249441
59053162369
30940854666
777206134428
181405302159
501604017101
97077565867
560697488052
221639193080
291614272921
293301158671
151248036522
100867404934
323570970391
724277383481
270790110835
281502130994
66192815662
307273784610
144263086788
132649239355
722110427
150403025922
505686714783
552663818767
418394126954
60836990655
186943234488
9002734980
79368145673
554654380464
81778531668
224979292856
155597994707
349527862221
140548098524
151323348629
604129108654
124103595172
43994473371
25490882633
383864292711
328298301078
656894529213
243331892850
151047380711
557961101709
305542838582
516509684402
200250312065
245245774093
575653759092
92816478579
277880981219
7629422504
9063220335
179653086679
388457537363
64623401160
791332576719
309043984620
787072922017
75234314752
38594862202
318221261542
685286499767
35560798074
447908946817
402406652541
71680083553
131586536353
232600652592
608987138295
677805678087
196316626332
34397726230
531362561509
508220605897
34836338595
675356615558
452736749621
195981507290
158410782361
180980274667
536793457018
41426167119
563955036771
92985329491
271041462833
150657894695
781402783190
297048032569
841818041314
49749254680
241534760568
75458319409
62029253562
97102837352
500047845346
5914561298
6461663392
356945946318
214146959441
25880479193
253105589171
945829582584
223242864898
676586253498
22580698074
746399460772
598945826239
204161176081
58210756702
112793558824
653474421235
312917239652
662453904638
807981357408
76984994157
62345220480
726137968340
383800035131
64449750704
267221532460
41762590778
62461079753
439724986498
103949160340
131699207399
388574699118
69449156096
569679481902
792897407514
219554576272
417811279711
130733618696
407825852848
533755166824
72710225316
217560920423
520474644442
207222574536
436052244919
572383927144
156814326462
98739660192
829560843795
242846941171
262028263594
151493636529
16234104907
461238771495
205348918860
197793642279
44303968370
444079713244
344184815519
963842715
668663098865
113365491836
242179378754
242580304228
439558270172
2892120851
888894806281
558576640805
87064824644
426930076699
376388515377
289713940425
455593833175
752250835243
103824893916
444949790683
821632799128
124946539392
17369240071
444372127565
266848674520
7326351128
949522533477
32773159522
11043085635
345453330974
410472378927
346434282749
59226568012
47818190890
983461683537
32856448951
250997849407
242536423858
48101043728
422623777481
174538591277
502792605718
266943895478
374661960258
608151251467
62570331968
719324621977
211624711017
264651069899
74239104778
380376981992
254410917979
330477218928
482602494337
365937055315
139657413777
525582568659
327280783571
91657077513
40736581466
46685428163
632239407841
837615961194
209859169434
426180943243
593478608549
761362576080
372650535934
44106268016
187755362366
740975244251
242483390431
339834196192
632381129967
371244788408
601223980292
490243290281
98186002972
591984184410
442476856858
359621252180
105640700802
34512079542
573836401662
335881074318
775996437491
54021904442
391425073963
55669717996
185447491115
833564877264
125390339847
958258236969
103995346748
269412313943
32761442095
766293010227
575209030335
66882545558
662136380995
92712886445
411237433479
757069195564
672894147681
494012745898
262257114175
155723843904
132994324708
152839637854
765247785955
421769456334
671811405634
49916573013
29842646895
654943656930
363769450704
439985784991
550182772902
425456656402
40651961894
27201934600
943663055232
187825067087
787869088809
526722234359
245964721332
361398148050
132331649415
62983717027
572234001176
514081345007
816698915576
177600345816
352480740422
545256037173
241880937108
428820118263
194833180548
144356098442
144941048736
524968382087
530671682527
108457868550
187756608731
254776407472
769741685073
454589605453
563929851699
150981157573
721563978851
87931234571
70977942292
140558855040
50367445481
304920110433
560770947654
432941129653
342755081600
16801937068
124278964208
209014363390
215503500938
27961799077
119154950233
862848581785
430628042946
351032659615
360736596964
223812463813
106023150445
472978243771
452544295356
406353513475
564119333479
162073234959
148093418084
482611315272
102841928214
329709600782
786361362088
81188017195
108020228532
262211686869
95381223791
232390040929
94177652907
378989636259
477661196833
121308142780
96501283134
26281461425
71216845705
366822275795
17584068496
225944618024
441056058075
192666655565
242883450427
32679144484
505744976332
289625713048
264195230351
693684379181
112290480543
165655559530
262800593362
690020204600
463956454672
145659277654
651224441753
60843975223
791332576719
212336304510
382702431368
613078498961
208757585080
73917083985
248165949305
315502018070
389506285250
28199013426
91860615474
273726995295
131783368636
40191881008
12083858473
99543105259
580342390109
3256104506
679902551219
244032298152
282571676187
173416459246
261239697247
121664550966
376518831451
76646175358
253325338430
693802379212
393630762989
345812556742
712028501758
73841756180
79030717364
725734723736
228712594146
294342511906
313241713916
299276513395
969746975290
158728064344
138665884244
135612025585
321151128919
28762701832
240791036329
626653699733
642423532417
918264827735
958519326487
57097980602
603182570384
229152974035
213988756717
699796394919
220543586530
34669913663
232872297422
314176151536
165980924433
510418314980
582868617655
588749112136
463257101276
40443522018
754041170943
72905245213
402195799065
529740763570
477692317307
215948651966
260780715094
201757715750
343154091112
143966176707
254802630774
81446326799
674621116957
245335172946
143518374896
657699201421
128809376448
535009547798
278449486747
803227748057
971327110271
665802428275
589343411169
706887205653
481300447717
60420486842
340034541067
48571581741
196211623282
620802481741
42201868147
139979118498
133648991082
488472762764
325789336445
860389385403
49842854053
654489603595
837396341475
39057758273
369848196816
243484129213
101766616760
704564748196
44650697520
565803357259
580894604090
136256562722
508716246944
214932172342
393729366852
596232610177
94175993643
301650101602
341563118114
365941602055
196675840757
7009547289
604111502801
106822712872
587055692196
11643829634
307007935304
446901002644
186508496255
733037225081
821497748992
108070205883
690196708368
481173682439
637343507462
383502545583
694518734676
402553296500
315795604614
765255444887
655844188670
229004521663
484860100961
114178897436
27520630289
234922058558
81000086379
168982380232
418553441810
36039306223
799319032519
440702847240
475514437177
854159628080
544709362053
650594807523
334421187444
67260231892
83405510566
448697222976
636778615491
80155717401
734294293788
250902618478
895021502313
425251218408
499242889422
215124147793
238344238384
34107013142
236824051900
507944100847
196089810989
741714014861
340446494184
427730281491
228345475315
766596467415
256454240218
421253816430
196358738614
119836442616
99923274196
4925927855
150611350802
691193073914
263419511492
55497100680
568332713781
839510560120
122455114575
72870833350
210838010977
96658943756
560891373425
58239790548
218410457384
70019486961
605115813112
847531913867
237078919124
292690004319
823224623574
505024719673
135047522722
215158927864
118039738072
139388452273
417030192612
113608367244
814771423539
22776216107
855275545220
587858348745
686257161034
892144696169
741706920952
721953741291
603147330792
193893537450
64067856190
299567678023
105698213175
192182709264
181391037502
596293188911
738515297110
490314678735
291634091556
348582223767
395943483502
45674537737
351674375728
616949731175
152184399059
951805511598
448360423122
83996062722
464457633304
421254656981
22682470331
296477099301
626092275238
243592969889
183328688787
211268385646
330391242510
18868190407
733139314632
77043374287
609417141758
508125509241
530413474720
248988991799
142601110370
576263326745
385526179355
457194824403
622657629086
626489998272
385079278917
285254755368
891403921161
50197145927
210292235125
266319196975
415961913521
745761985520
785220522150
379706024254
1482768615
8065552359
15724506269
131049514132
6329552204
122999147645
590980506274
543112390447
382547712923
333320837940
51038318546
31899714209
46447134738
145816799744
222074759251
182507281444
5032071570
488092395066
208008041800
171634394390
572130137454
406514292642
88044356138
180306445301
137800574036
209794710282
204526477209
498068606481
493193325126
180875516658
921374588651
39810805579
661592644187
456577197194
65316879490
27044067119
67600441898
927851968940
67769302060
113855730789
485970745968
39507210741
515385162021
447267438376
271861658971
213198291224
271449546005
232752075313
711474724371
368671922683
492417963728
217269581473
65673243746
582467579259
71408188475
449961923635
332991818576
125157603212
69099280873
570086392915
196736578876
90931629143
581232635562
586771560779
552436120909
330356728961
213106658928
509484331165
81069992249
19630285780
154368862571
109811187833
42278913867
337225152439
8073559722
161989719614
354223372145
303874434738
330586554938
128448860135
846944952203
75717170541
332732974741
769591513739
467526984405
215501127503
534180411114
68203922404
463664286047
83128931003
290977451240
124364644348
168759991819
387449764969
249010947365
486451269678
387376935767
306148250846
174407470137
571618024322
125671934243
47416695609
26963819729
542418509656
823353101231
71202726963
147728260053
9405132705
74841533741
1332030943
40335124612
530495652448
481930468056
63166569899
123251920286
385249260143
266316525530
47704775533
136654018082
14774022828
502725493373
211539041940
264633423013
41003706354
317251012428
30510905225
115256930734
94967984559
474516974296
314119679905
285567197391
111265180796
702969882049
394212285251
751946128987
191476559463
71285816247
442502942871
933196058054
463585252098
6273946919
420674325134
40172976173
439760878493
117820168621
357751673060
37207083267
230424036943
250366541758
140974403939
195436213407
270418045774
322669142506
52357128663
248572019038
626052253679
167676864003
226907331195
552660328376
579961933333
732236269016
606410135767
46922139801
921599706701
445316026625
250115249796
372159716236
94717698924
565117142658
205930599123
187396502240
54418606423
158530154766
340978694236
600175124626
151144053006
536885200768
108609311394
202757129254
139656525794
249907253974
450677097531
471593673409
368503351467
157716674415
215250120422
43095289055
35213488210
537040814129
372079022849
201958357167
132785674054
245663670588
318071930134
37837896856
11864777751
597184536601
230553246767
44934601751
297432939229
800393781341
146316806596
1982100768
405794727407
360437257196
389754310668
34182843141
80116208666
296624115488
507508768416
478226159213
430999222413
538651499234
454294043628
50454322553
158419237372
210683676084
845357195724
30537253880
229241827755
302873485288
867280626130
150457085299
284073078720
571591481212
526836786239
310757482660
95849300040
179880889101
56622052538
348056863384
246783001938
103293842132
934478355388
118153353015
101274955729
698595621305
39799523133
110825753114
96743039411
447603872201
17675252929
482783413319
21175401737
437024405991
118368326060
12768392549
504943786032
230277977287
411618066306
374851159883
361509693018
484941791456
344817209556
60335190813
510701223994
236252736364
474417704656
376027512047
740330293124
332569863268
57096378298
333677743059
19235860862
147579682
374192036715
46117916531
191537816235
110378383364
103358476977
380428804767
304688641247
51593610404
795988016164
192665301520
400311514298
399503402931
562550832039
625173104143
206434734432
309749042508
66522674705
231081505384
298565013634
40717492511
106908010541
415005229353
777825627121
754454901631
211505743752
184362736278
126276199308
379333706951
828866868718
710123744675
538505793799
42170354137
781006806566
99730532120
919802025352
48158901897
862934181151
221720540598
408000739286
386033673630
174650106344
160235071512
261083424283
390944058356
366532824157
861695186857
80174701242
33651916837
495635379698
150933706919
18072490042
147211490005
101961404750
205429016580
939491646517
642502306918
786331046090
383656426555
621785344858
146340283161
403895011894
64287859036
69209377717
427665612337
460754554519
73214873961
105369910218
522863555709
420717904176
354032658619
725681238617
322045322580
19406077253
224761501128
770160890955
421174950190
538983393216
467791790689
172022652922
139596586987
987773991813
506805990374
543948028157
132720593272
522687198704
273447521850
739833222628
64767068174
23140335040
443510757294
466807558044
260115573689
158785661443
654740726822
351498234939
661621265216
347808633266
514094128890
13120447126
97712290526
295425403508
395875934687
129339081625
462022596566
411669894177
322983504047
76496229672
224875841475
160787172546
711904154431
399238839287
184767230404
689965996565
191568646868
513144526802
99098014208
375983359761
473964164159
176524761212
537132788146
984025797835
32673961750
308842651345
341594382391
326237418024
2703278118
298337674048
430356113659
676571295611
766805664158
14084227087
493064001459
212500952461
196431755444
218718713242
4455137348
487032981924
398607975901
205796113643
184259140656
301050718291
317110823907
166955556380
40564723397
240246272479
591042635330
177602785118
673085741321
751683738956
9228948872
157443154535
197709896657
127356838235
203433314408
324730925363
102641851262
3786328292
570889001309
504443943011
223912659991
284011141239
368875673755
18397653949
705832756606
146506077906
86791089880
639558635960
97417799018
459937087215
58827599755
610436784930
256301547206
197639816305
108095230818
793960380149
653758963827
624853595789
366586031178
275415265424
172507027670
291065045684
158277755065
144928283077
898199853264
321064137823
259193148048
321152558627
648465665979
719176917891
791273517683
456545106615
277639145650
943225457
71313233296
428003358311
188218268641
708381564300
337932753665
578743494119
782022800466
276602385415
682707722104
313279807391
148669255118
698427465779
115433715457
243678650881
338071192359
390529941832
186611916652
84011978784
500413039883
694734947891
713367832054
168054462159
35017811103
46142019351
36314757555
106370302094
235485793080
213589414338
534638346991
18661383885
76019397348
81011194107
703490445217
339233599050
373275059537
94448342178
337237210914
221361357485
76569594737
296373438522
108503220741
91985659341
571274934260
17789942555
587060487267
581712074739
558948184118
43359610778
85028392167
40860493018
479807106694
469402111154
672800655626
778533341351
446380607757
697410781104
587713099400
390153728200
273798984085
72495113841
130281614150
949647566303
252155557873
74322219507
372283281596
43588432081
21213184990
303188429230
502212224851
374838337687
654291854260
324765289700
278102083140
289293430728
139286730972
126686906991
4171367528
201859015748
635132702775
53707149961
51452693396
236329068851
455301807993
549542840463
174737099016
683464516543
273590607101
403671682371
223554526019
13077884755
174249548218
284011693582
157546123042
159373795458
968552591647
292074430416
93354890451
320702851119
712817828015
134313821101
540845082190
283473999212
578758849490
255371425853
2192074415
134166088396
423549449373
191228395326
62217394960
193443304527
337721122228
80342525452
1595534887
423077562419
537654277876
161529737085
405191155068
471091809668
550703809942
50268909532
238634467035
711871244998
299202849204
25550080373
633643664882
243863468265
442602630698
574696030406
701157537164
437800457463
399234251758
549354635471
70512754396
266641361787
837550532113
172953241500
182366891970
33969825888
246921975147
774156594221
10718518560
504370997034
311174803050
328932951392
351875388162
373493419431
224678926812
437908206928
50668255186
334958200823
843890269792
252869107309
154796235062
215411935902
344233151674
588904394519
690782246798
198403915188
373630593850
738144705987
278380474344
585003426111
705248179443
739375464174
272405650868
28615422923
766957681456
274365174277
80660773210
303109462087
258889652408
239623923417
641029571777
340130402050
268522366945
3679519737
127363458434
842232753986
55566111776
176447599664
633397313785
560465857399
272801514885
122031634301
91779264919
226837516452
142477534444
609771875898
48779675213
84978129908
711623840595
401270196324
444535965708
656608145069
447330928415
140106210300
134781525486
83539120693
585627992713
101737455108
47711106637
558411781726
108578329877
50159156664
145739997147
62032613268
861105597889
328731127270
114243095980
48256952635
386237891597
654189564843
506768897953
316259465573
195715636615
521740343149
860779569475
383153853761
891175440525
118026017081
2765390217
325618785786
193150706481
292555676173
254570235810
928250071722
94368623676
64851834067
137081133511
141614395550
163073443713
318853703001
305182414700
241558741134
89701200820
653177161320
13664626558
252117894339
378838101222
555407238526
28376087177
187917659243
12250773532
644509688439
674464708739
297920227407
621906783424
83530500672
865166436011
775234410073
85590333452
259415661183
868689796197
507275254384
852358815189
522518693584
293007032434
63132226630
439521793110
867141725587
218271847907
214422485672
219515737318
129759412341
127226664383
512890373322
233808793310
182838364874
44737631779
17719873253
334472808992
820566058452
202515338931
839677363407
538734374528
308113151199
444437372930
372536072992
7466169243
322327423175
103463515696
697966112485
525782576615
605932505574
133426177226
54942663068
742994800120
164710501971
96429791520
111649571013
339184768416
477990294498
439318096293
50455419296
33967712597
590307440820
446168026342
133900999688
462769186865
675527382304
173547290928
458759106431
509598137817
31326437746
740382882814
111054896014
733798744997
106737444986
601429031421
268297344681
543800309238
357278836215
304301642051
138746262078
356432682452
363519317693
99608854249
461938516840
179105306260
165361189037
104343309018
235705395149
218025950748
113192802753
931569501257
201595101278
221733907211
11195897998
364069590351
35043408971
285437212268
163191069136
34977726819
756802486181
80764807465
57688381809
407467204044
310238934222
589932322019
75336574303
871356493617
249986636742
156363797323
217419861583
485723846162
5144432374
433259099867
35416706083
516482578675
376476011820
583006571307
