572256829943
664805649055
156946619190
609964613731
133184514146
27573811698
176175454437
480273237819
15693149570
496044812586
339601590747
60339154451
402831452507
396565742189
145255610947
684304273826
529869367988
569576214542
364096388216
239357736074
76777255979
141189744624
104700932792
298126702693
101331494052
20002151802
413578973250
856666526206
451539404983
183639839201
37596155966
181206901874
3318811808
265573579450
107321604394
757593257081
891089946092
100352503609
293920015187
62709464601
471594085009
882705592961
136879600438
348176446535
211690354216
464734212789
105856650402
528020745340
173042661639
92612422070
386616193557
608366935989
550125051809
740449743565
585979973213
231666151394
69692059316
486267907935
44332807613
104215925907
618180845245
57667629358
50229723784
568219650974
8653818783
48113997028
41979746097
86283390594
370476362437
259655623577
27496155498
503736111346
923609774467
177920704995
299832043357
452150141815
258185774074
308078995159
833728763187
248605850267
428175896919
122985574646
341378753313
102270347520
459201828725
21086169657
227557510382
66625985114
896444012073
23809149214
627760623030
682173415202
352998058106
332735920709
360263096486
247699123038
147542538856
216784168925
78104508906
524476378333
306043404473
264977842129
66757883106
407027809184
347980955593
415075095208
256780988132
303862530020
527290728626
27259836193
22240412978
376045551306
366992769214
142820869304
268708625614
718285843467
273795835914
27064285095
158931756132
100370781831
488581475812
40174961726
545744477115
256750593274
246453868710
341791075219
150590711678
619668408443
66566593071
538178600049
141656463097
615902528349
48126765448
113639712538
561775323262
333885263294
65999609763
69945028685
803957849810
83775748415
348576518371
35970932178
101826653194
675345967297
487294893625
290291175093
100889148490
21765410400
519632959635
514053294426
239680021819
192563213855
257832722696
19274795538
292215004712
845756701409
175543567266
363579996680
515575381380
134898621257
373343462310
337235490272
654247079423
1100110498
118678864505
432810196111
852036134003
293962323269
41653799667
101418261841
767457921585
445925309790
37472098138
30961076612
431170990133
869053479230
166539264958
114127246199
135829507076
378561403741
40217450567
569528401843
218259909776
259091591713
402143820921
199251643159
302617153115
157631259020
260885939597
147550949887
206943077475
200563666908
257327237497
196926018407
305540092157
68416910117
90916378826
82843362874
204686622829
261744990190
277393998475
89049260871
838970728322
526968473506
568403175401
670379252797
19896064274
323132973059
290210174781
554147998917
53035227012
130177459897
924101749587
202355450265
264631831688
553980996561
368639852035
529529174975
840929548114
27203293553
130644660758
725370966333
118181129263
140090682216
597575972874
215486526294
737013370599
49253068037
38296906507
599805449450
51098932243
711312632623
381531400409
516575304505
644154016663
537143760077
456667826445
500787353359
417676521525
674967688006
213209777093
800216555577
262172590950
348338363749
236438501529
488075032781
99970901895
221645239485
739666492187
1009061233042
171954941941
55905141738
54489809284
591431990784
594385190350
273255894089
177270165301
71703849805
334735558566
764591596283
374545311892
276353192200
126776260995
547295962587
550523863751
454660757055
394406733950
247372620994
991159412682
115199040779
395428475797
303985432156
849428750216
325759530834
608692378763
277682559367
52896139761
434570550233
251617295253
54312384889
127887891845
108674465246
233990463797
18104141567
295745115053
653473705562
472685894558
650267782341
81728682879
115443688342
289899161307
38087757971
392914649983
521900765926
62703504515
837354257069
57318011777
326015255608
20535846134
767334232645
53327410231
230180698032
606661319976
183231377256
317231964663
600708583702
59187464622
796705904744
543499027837
337852004381
298626079287
302578627477
279511202843
86712804750
229336703980
26062755106
887089156401
101259819466
470153333360
694410699399
79422551869
15340455342
192895645755
507811980091
195819047597
513059724765
569417787733
862886602146
108929714421
418391019121
721650911257
218831484875
477875740278
200807778359
560791669193
214031295888
837496279859
564393942090
10138080001
747219948043
750089401776
517168128413
66564950654
62432562515
274717312091
202193957385
461449792807
312101982093
151677002504
67080138472
34198161573
64581643579
299044303166
281737563448
201018842722
50312658124
133183172011
378023425632
17298073956
98104028051
896922695649
137441854667
783831309279
236111552025
397241393717
5210557259
329077037742
280816606112
207545749865
141603646936
560012229707
140759961355
485842589519
16043952708
684321048562
405291058286
2427176147
203563049625
141340020266
159489211646
184940191263
884933860327
344786728066
286199935739
848737532773
533015096584
255030899111
570786042331
373404579006
430343702887
388833378346
367621531298
109947240392
28852449228
470851660679
928460605386
584944959808
511254109499
763250746390
653862907614
415511009378
664191103973
307511557227
205735527502
209375542938
148309491545
98809856973
14833728227
163922349056
241089518870
158926779981
234908157615
454588661685
711793894820
337425823148
620186238517
556513785116
296119260879
383725000034
187301342166
53151774457
807303158508
94341366402
195128768849
604027866683
242794811218
384812829932
45241334760
350770509757
479910475008
640521201214
35063955173
68563574931
448993613518
333736625235
844490315318
378971589755
528509296445
148249334927
551247848982
388653752902
136023373763
313646761804
36750379709
851149486611
97170354745
324355649047
479625269990
595269944623
574935986598
742308949373
85067559042
121536118893
376981347405
378423668951
672592268153
120382716287
236968312204
615990017043
157103238029
238014752344
319575044071
260711915607
288862517294
19791876618
429471311437
247636522271
492851905272
96728200048
93599065178
503701213251
169901367420
58292911030
210543509859
183889875831
399511096252
769484312221
323208171662
50148691299
127593918987
277067311227
704541930735
118106478109
92688720063
253750873380
636199716245
477820550679
51126743226
132031800598
346530371969
598412264833
406330174836
304948883425
223898726367
301696302879
138082545644
750246112845
302072694741
32612726290
347319418439
253698697285
298067084421
229879350610
42963905692
171060843599
66196493024
256619641700
187148358324
92381390459
272354968868
198823710613
626665953214
222501372909
46579744204
117388309841
229294270914
294059492
432403424743
27473676434
311792710032
585816376302
176545599452
246466165786
213029947790
466527569401
199829171743
131409401964
176225589044
124126979107
122147037037
355785122682
309872323096
636141816421
469901875819
230490894779
197780046055
650528466391
3034479423
42647142091
316466425562
52871048888
54608957922
473267399859
695684288843
448254373371
86064440794
353020522719
53457487639
13545842540
374166265239
190779106839
356039028024
123510997420
415440996626
70869347886
914284726157
7651436946
200953675092
234108939411
384556458705
230728181330
875555501049
95367568618
102570407132
185494590459
388856836851
418732964708
133889250572
435845974885
360568035205
52084204916
342456041074
420195628824
224836641925
166584973646
428566647290
336382427033
203735794543
715442079186
594217392061
787906849618
31066400763
180460795546
737054704893
79087837230
182439880508
78659307544
860238256875
189375345011
183860576898
270303730615
62614100486
649447424602
505096475852
143118997107
11917717740
503079637767
187452197564
146633120228
610554699083
697883188975
718832110210
856362864437
73194638303
815004351503
8601938129
449502133703
314597027472
177029984492
647050072395
5153758683
785171960821
323651062185
2689140968
83812802296
124971538234
433185024967
372573696499
349217318243
122033213758
543348766196
78743057380
38703159270
421385675155
382602513841
375364985524
158798389157
240724097658
17590144023
201327755895
430010043917
175724556547
863140991809
52832958045
224220549395
269313663352
463963142503
468461487857
107691179629
43864857820
6884959126
177745849151
135165478830
173989086114
274076605236
345640461431
34789971993
338766331389
208496459937
54775499777
295966724141
344972797665
73199444570
703023525187
57835244880
769794114391
610351653425
546785710620
378991897414
376048729507
692734411177
280796379150
700793059428
80360753243
672361021277
657748155636
644445060937
38763064656
853710968092
950042352319
407885091512
263651530177
57587177977
521277247574
535658004535
81776899056
91513892191
712655048469
305357730957
115033619400
565291656864
74627507362
172386035614
355510574275
159019554817
103269676257
643640564056
309566732617
291900426695
258430033528
515405311479
18542156465
67131389454
116884621693
386206304388
197925718973
277654927305
866994023313
116712747764
56135147864
584902285367
263433357922
570922932160
486825030912
608794738744
433520388651
847731852435
722812560540
85137994118
186132709784
102876696193
98367818798
378638355232
538076572286
356706444610
638900090981
469414873122
177975704471
483786779500
329485143625
639228580347
190307599764
297640963863
251467735841
302362040182
25841209553
30983274663
271798131503
268073695253
491943420333
651823132096
146579428419
287845016952
588374285929
585543446417
531707774243
61399150738
595585326862
864764567843
418228102297
407455756453
160770422162
461389316919
211984679709
282688274195
425726557171
177909336099
279116307744
774259456339
459966696911
327333475053
147858397711
622445865473
652086147185
161071610611
317768858683
26115489897
45445487605
297338160615
445330592137
345015612471
67692031866
372490954576
14203789157
211715481568
235112426308
93175375177
67480256567
146214806724
321191727560
560830746287
212712891813
272799754635
648540009089
224528824025
704192474276
123260208195
20182433216
680547676995
472982704273
100437635813
88657639586
782570189883
153315203440
989255720265
483385348478
437193969669
320801352453
30534754566
179611443281
86948233937
64259536167
398237076363
3990887857
139956931600
260196925845
639053728633
810131719380
759131391585
983089058326
3262426511
310463898469
183696122947
574966833805
602211801432
475712244575
70131122946
352450130101
758235511194
12184808087
424373843635
493779344925
462088426959
319550973250
144076479454
291388964074
596798977431
505503418514
533491404933
397426607931
762122127203
530907322813
4272640096
161032873334
548837775813
26462513618
33490558814
62241619
225949701627
249295027049
308648546668
175805763140
397151139259
84520416915
319836763776
188032645765
824853600743
156104822569
526693253654
413985542322
719776512678
599682837653
27490374333
455371631805
179145855782
89038949896
477725384421
412338700904
69716307043
478389221043
105921997613
545027368011
732025846339
770623051281
12664692463
221048872217
543914154948
590663818715
953324741801
554416732084
61886070540
264365013901
365490458179
555425715979
354282772988
156880911589
674927267014
460966902481
162641727250
528104737585
164261904083
811132643941
784057826396
305930973885
101459857386
441558723268
181156626476
186908643601
35064880978
286456286875
882715803986
91139816729
456937064880
561790399258
521084388028
452077651746
295987097540
43600721848
147447452465
48598447281
154230983925
744525751739
391923853538
846436707278
533099480990
477747934356
328833381547
75759339949
541866047884
404580188776
166738321102
104509576217
391806690690
55956745746
182830556127
314325548601
380835417515
493131727445
613711322399
767820373699
370140193716
1970886609
332449539479
314090110271
213261778293
766979797885
73284131334
325680333822
364219396649
144458972009
684269832501
618799088435
780257007929
313239326947
352944579358
192689416358
192868466723
234504371315
255310448057
457950413143
144832744897
111926559985
273016699146
56740200772
260538308800
632899747418
143234314454
171841756348
702105709732
27216740094
433511491276
183405870789
190441262622
787250280785
619545341641
482956017603
259522441398
391155693228
262582651836
43189368629
387578044933
695732059521
237795162744
355436741465
3674083567
483207412446
487259756965
183077898806
216070387774
141634930945
418408650458
284099171891
263195131160
400686880486
279942886688
259989846355
434229375485
320453148091
222815819887
115445534647
55458119310
519949338268
402869525740
498477048230
471657362667
301759697783
178296006824
409972779945
7168789395
181804022497
358885902217
478371135486
765616671135
150491131348
318898302572
755570138543
793628932747
266785989948
68104508259
236369521559
126773315090
698409707223
440067234803
133960710741
521125989862
285190023536
324867210711
377915005872
191394806884
742956320669
380295696716
713252009773
375480232218
9513003949
33048353902
281555464671
952116798732
309635958002
449317912625
284662966638
689462583309
841850836866
148638503672
85133007320
112541117707
607582617320
960685056345
613634226995
37712763829
262131165022
363910125400
189907737332
24093458789
176253285825
242264579510
121376887874
101753847973
955989587426
362582645814
652888185210
469103486602
654092671036
632631698111
379584957172
376099651646
214469359203
227979420792
299217720841
239726198609
319174572401
381544031668
82721512506
109415112942
583737020775
368567572329
238590611635
91061802882
55982645225
92705010463
221324145001
739500458195
3088965171
282870933192
295788035374
263672907058
166594083581
234676047005
82104411134
652312361057
468398758132
518226365600
412368304948
63319801608
176789280467
617149998659
328722262722
94556343429
91088923774
692360079371
159100335460
211715164824
118133995871
668135901302
104498880837
708446692231
362295590690
96376784822
397665041451
374320693138
87322558374
367049109907
358704920145
22714460803
81274037190
30820914318
140748096457
36089637466
442084895226
170394870294
157113997557
584688131921
958480977502
377460790802
126063610357
258132730545
159777092954
468040308973
223713817206
273430397886
430315838080
373963145419
428878752450
340982371231
265070877274
382660039870
942071558313
100260567149
266751871330
196908169862
736668524975
371662324257
432972682119
32951539555
68736721844
475128625072
393457439228
938417032211
790707431
109055292613
490777429535
445309390342
27927461710
422831170930
486711308714
422009347768
513027888654
202770630874
257356401982
422522989330
244814980780
470803172285
397568885471
49065485482
374692042428
286070961633
250386794623
267345168408
574418972249
194373001717
453427605095
471309191252
809855981796
99000580211
2508256296
239782092323
785798072435
17094314473
810083189421
376269145292
551959244533
922333602459
362972826636
710306750957
164672538676
334393606797
334459108007
89128615346
331454509203
274092511824
13040666450
545321156378
152509887118
704973140051
193685838677
33138758570
257053965474
372277709846
367188431308
542975636956
76587451422
213181487525
199506856440
465551570672
586330182746
55224025537
126701192059
54782798148
539185745017
14881812303
240386535606
243469220241
98800852694
450708080427
146932092904
718947437150
435593278719
398732779068
173981653615
79083916190
611567549133
68893582268
270490476677
436776915000
320833453798
79316715809
432277924308
635334159801
405935876543
65562449981
32449210892
333749406595
537841110164
639347449952
369915976789
18464491464
168307734278
204012794036
368564886243
846721824587
128336015201
22888746057
91654174326
250495177948
120004402879
568661197755
30514561092
277975239541
790548757196
313553068249
12056511604
560816721745
36447884670
68411396815
575082457940
818633219796
197031785481
710645016905
740111329865
344623505444
154692525185
33224209196
231809607764
70653874196
588663726963
419401886863
192128511424
492995611474
424645832510
290500271823
220311679680
775355510203
52239642616
334342592354
261252421122
526128129472
176891419693
285165409275
507521756181
502991060864
190603067490
582098925567
193334213893
2851425452
575989649609
533149690869
366175650359
263598811086
493370148852
240981914353
513080473377
201729308433
416204894920
166967220551
60150449587
71019897068
808378524809
630993991828
441712285683
523067640947
51436033093
361276518787
90951229763
325930069156
253970621330
309377254573
94719365639
371816290745
459958595679
311968217607
16881277199
158290350735
456068484907
759208648345
32011613182
364671731451
782793500024
171457851528
379192978379
351533457858
142680781905
316447476960
192432821230
714652443774
230908198757
412215177460
210829447861
43820296466
305092021374
86837230671
1473089758
218402211369
412897858654
37388466253
170403718163
416594159409
702492191832
592387169784
306494745031
792380866862
94226169140
772596501481
117125666214
563300450300
932228261959
818326714497
2850441576
139730172844
449532042008
50440516304
526097437198
708603138200
612863063347
522760582595
458001413045
226051304266
132287427901
30124110874
141334918596
429272671386
299044887537
292038855977
617455579653
282797789678
249331514377
290277201659
412116617536
542519542819
641083941462
121539142618
43090779583
124446941870
9816375082
750222341215
74727412156
226348113636
108794613609
68041358398
660077868668
129079408479
163185422575
914508856827
202459809181
24560095205
201931488674
42590780166
18462024743
142183437841
188636344578
571075346224
521019784804
593463727491
211494384605
167258217857
710286755279
201325894964
237416419266
629788987301
31194340131
452579034536
202644335181
173717344480
597249819166
641426715960
191217859482
611757860149
158372040650
183751909434
148963285996
174744064726
434449950291
103424399467
762248520825
842595382247
803282389182
874030690719
431434629932
298790858013
77451271901
831004571327
111607828350
382536817024
723735256141
90027006566
444848120087
341604713784
297861831762
348974292546
568838906134
509917362634
531710652907
686513960691
128061174118
680110646912
903694594246
216089223377
433475753273
240958821342
356370869311
27373258688
29736784207
225489205863
412591316130
628167603346
533312714592
491149037845
533209548544
256898135103
392578652380
508197159264
146713140913
277416076465
553184117982
191482142571
121798769648
219864603975
580083156046
5055263527
532358487404
9311876964
653240432328
586745931551
726644692105
64030198848
66964270760
596214815862
255233751369
349822234078
102375452099
249110754917
310473624695
99902244698
766740728633
384440198014
922816162670
291124770801
595338560637
15447201221
41890632169
450922799907
71852423786
586614328623
151535030392
147890961304
197603242439
232686300059
639912205363
563290704701
238161042961
35058556733
607575932219
310913000839
761572886529
753171701973
139374769741
63735601477
283514901627
443961945636
133670391846
205258975006
430371783698
172994158444
80153089408
179873867851
31222549942
280149667947
873153469101
890678153932
143757113479
265163123424
168216297963
146797706287
682318979420
548029225716
93315968175
712519855465
358866851306
136332715766
227505388558
236050378059
274228519911
49972579037
922341877491
50076217727
54405599761
27414807006
604474446325
609217348860
236265437122
143898215047
82816326210
59058473956
258851369845
387772560632
863281345787
512931388118
311028879143
914403236833
7395797327
15106710193
61459771202
65491054788
912975054123
199924341403
811976900899
570212542841
12544415518
675180425430
576189745044
754678472369
199018574764
249759135111
541831991326
928852007240
12677906870
853198941
715767198270
408310960258
28364938646
289931006197
75738239130
171326979850
153760154124
405505065800
406078592176
155218124507
111371751625
657056088064
280630773349
86762769966
671250586859
25891454241
251936503348
211756978678
677682293849
820597536395
564860993571
252601367630
342167752190
745850409770
477795935218
344625561149
109339673003
539125595417
613240231099
459897502637
929968085378
543460749923
90590181620
320384472347
364348842133
708244178415
733444271113
2869660022
195183263023
98009596001
107235964311
365071391951
15552345905
87497249728
170420039795
244021138187
119582776822
477829617473
443527206229
141092236141
748511801508
515901823328
314320242347
356407720297
903368720888
17304366856
226246587884
684411862240
328436870441
64261832294
132928676440
378493488275
373475851933
427279146598
353152576232
620049444770
250153734885
37996033838
497634420648
389276060205
191826634752
264777267940
536712262827
248052513622
382600577238
205323974286
364189640744
62806474091
581400318204
532085345836
505851828341
521804881898
523984700442
108383317290
429310731866
242793542379
942306703621
136473065185
344847372295
49801148919
24439079551
458310963798
587626307999
258761749976
690159479591
462302347945
580507926883
45766948280
528478131167
60316732122
34354707285
102667365407
87500364071
155906552073
239945553716
460256718676
206331972817
42548420259
253871804971
607693789216
487419331027
299328665240
644843503836
292346963463
620165189313
243038059881
758390890639
160714845813
802122304845
78702082529
489098675965
671282639849
361569380125
16968074234
582476904127
658728636399
488943838766
323460974942
284791510911
232606008149
71341982221
23607145020
571040865420
317338712916
74933078939
339024164565
525330247387
123009159027
329571203064
344670994355
543777988408
298050891826
256280052248
496723739948
257108356878
148258441837
3477629187
508925328134
30695133949
798484946971
195084959550
82157853641
265656262125
220839455589
41961480324
542943438586
208459559494
287630424563
129948087208
588103783275
487369399155
455129812532
94688910283
570430432825
206305559500
201550833187
103455436876
291515920023
339423056094
141768154120
314520253638
130526752349
754492752973
663889054125
57689087381
172230644175
129784057463
53229384701
307750091787
822645810148
274864315104
549226866217
238704405308
318918366744
210680968494
66050057225
434809088524
196642172663
226369550925
5342309347
826109335575
14236369608
259480958136
736604906070
64124109776
204816930389
111042177748
288277029010
27017768152
201079323718
254884395702
855304297763
39885725332
272478468055
458883048947
882992146775
496090306243
354411604551
127578763664
197015137761
136629255655
62778721207
446523769420
600389960306
482435651663
674577981017
55879716790
660687849252
102908413388
282665899268
350090663280
402953777755
369281975552
469460830923
314353012107
42438734984
26776894311
426337910427
181943514824
227396673087
251660994409
289981279157
102909784422
579992247218
155823336178
299927970957
339326186012
820485490265
152882395123
286794757673
235823218084
486971605017
619588812881
410832961168
337273951073
166118673782
161173964475
574924370387
199085124285
246636134283
352506703344
170718450697
77622321750
309893745535
46256326962
248558682244
586559981113
203808141576
699570241725
365406381825
330804077059
674814839288
790779389097
27708560363
262293195905
382066583217
441468983644
110617516081
333343719304
806058012853
92709669405
800811723347
104432972200
251378693198
177099800960
100232525339
244778080609
73933432725
549343655628
572055940368
451928656070
223832272390
79663042481
461387330518
344639538092
615950316152
545237301404
509689471296
214207817648
610974640488
657788114580
17900315990
60449742346
316153151747
554128687474
228534721491
352816712897
172025802256
396940743607
546796094606
222332978721
153303305885
185335963656
199418863686
378670226670
32951853065
97293951416
433769189433
222060673123
164341562367
304491372016
124315117291
65395529179
229255384541
132246840926
584119670460
346007633434
917330844615
497844724933
794819082125
274082958475
698875739576
219770525812
85849155756
203796334831
443053424232
472381900316
560588504487
200612472492
203277539646
608856417127
153733086043
36499933088
370519672382
389203835916
691776334963
570798125027
458454560358
285597982351
417379296748
436321758396
364426717568
779194113213
266047746635
492226783684
398041633430
185439475869
599146690109
905712672059
299545163952
493872023788
673176315340
52775739339
756999109069
459987391810
293065023594
21767181194
843174306023
247274834068
352039315458
298852203625
477725785557
686396579364
47329441985
51560665786
25041404399
699706225885
528909532073
349474472541
320970486500
395908726964
217127543054
798663290939
859602281309
44172491338
855719314386
880290938459
115421544869
162100353731
456295277643
356748153476
482668871505
601454528933
53162551896
100842825379
120429102648
14900925450
76884807184
322652108147
264706555509
321524371452
133244728067
36488669076
597671324937
367317224527
158168600747
217675388691
578273731686
695052787395
520654937289
529538793259
397143685075
181578522905
320427539203
589006177781
354633945314
603352317404
254948712834
23760983417
418649046857
277134734326
705036436179
686828098873
412501797305
291199927117
440781022518
382402270929
663564095694
30860610262
556284775759
6956112974
113035100455
745965742735
88089584466
323205169494
473035049725
442147701376
350662927753
765098432971
416249040435
158563609778
333173500500
457773804301
460924035044
195535887245
22063687315
34980621573
84091829106
312531545056
517054603977
264049027959
339693579993
212762547165
467220911934
636344585828
822304526398
357178036992
338403898034
610252519723
858587570033
514205452871
260414171954
276609389846
534387004865
210242394848
233662901470
318989023574
395177706958
243841031731
190450840790
788546062260
256284068998
199858202636
375888521491
735116608409
230208066715
733447306443
282210942235
836320327335
406962411413
905113446253
137885197539
302974968660
519925974431
581965689171
