22816186265
77800170465
109794318366
761973373672
667874385722
58937127966
673298255202
656249241920
373037668739
259563617900
892391641970
700898503534
589031039697
404791205133
463770946434
341922338103
325308823975
372238431670
86960098391
131814497048
422475685926
168082709910
428731393681
207233837592
44100525966
345305481841
135054712268
268462466367
776260583922
666032776671
264800522845
757964704938
270512727201
179529070120
477911819569
89733539907
291330459212
463919812364
319976778502
501536965644
596776030196
54152356992
455274815485
36745383995
616095877186
871335471873
70940282714
208155150892
321288432316
550477892040
171775078938
296390434177
225094494618
814741901484
188374218061
666523651219
626610741609
195768852414
33749921127
287509238834
572861129066
163875847270
563913474371
346840914689
286370299387
22530418392
54673755379
589497785124
116907820165
101874699978
110440826960
132784785302
45999828451
551551202863
145074836144
497764850025
590772625280
182247693798
299922780764
282771500432
188019757271
766823996854
378225760566
374949160598
569820042535
107986578225
315992950891
575401467439
531089784168
1655148835
245897296770
262730395744
28737142504
346412061397
270682230125
259059525620
241196279478
308498281381
69865311320
195568146228
650339800853
534679115404
233741312277
701913633195
77965583928
322799063376
286658340252
645617328264
283320857248
366248772120
522451646123
867653861328
306155091938
636718006982
311018017588
77884836975
451469694487
82525612014
675587944101
64392686360
108720828738
670170847630
318082077763
232993479876
265868029206
171823959730
384644438002
386365651094
424179049608
438513429811
521787273591
560105726307
252555593018
478684139896
107659149610
23219099783
108515463799
25434571461
845547202069
912936708334
17062797225
249187976868
285844804517
170964436821
87366586217
96803886381
425275912083
238661656442
636828388934
605715444553
111955887958
213830795998
123580513956
114445442282
33820705207
437794896786
303249859302
192162167419
775780414208
174133007403
818223955701
909732813836
303451438138
120575049139
521405860226
357002147672
949530063593
183416149625
391993671003
77434823769
700447443391
128440990862
77405402289
280348299086
8894931515
77116768363
70117997812
176432045076
301291381363
84535184938
7502075578
413318164457
29317535117
480108081248
49620170815
77229394554
637804844389
253070323987
444631764042
394918591309
360614567145
583052967381
275019940517
382338753721
184748530554
116246233470
599120442397
584887114570
66003807314
360391488266
612544236542
736540030545
38992698519
217135965757
13811853787
498417120867
377171095683
8138025058
492964465408
136567083744
564878521571
87962946088
11613757577
159761897441
160149180664
311929992604
156708278894
838132296937
12808751763
681952082767
600947298598
321762020047
492584379261
214722591294
806659645115
340880718949
60061634911
482746040106
347718938273
895252685180
812130493557
316962481127
130208231611
672320557683
140185882116
338969974612
440440454721
757019978999
257675613200
175925119170
842321195283
24205105230
256952047325
152908342764
203195910407
514424947835
348948809134
817963329602
17714655375
730151136476
604315755643
754708444750
758369490836
535938143391
279869019426
185440461944
473312231746
441535266072
606405719494
334664037676
487606479173
140175949611
235161073205
148505937602
12116496096
118462581834
34439597469
599046034595
196769714748
608929040278
464133191897
442295722497
7424222512
649632719311
905924902072
48738384893
348414706430
436186114473
264797788596
72924425835
670981530499
101253035072
786497946094
19709563974
393266824714
640186086140
388055488435
214944899404
447543496769
21046006941
753054978216
476135969151
240930258573
207306416796
238545372406
545780023410
472105660844
245868369505
551614135773
419290859931
97903536424
298247389889
71121953829
338746426480
733539725653
656463303343
130277360046
6759796170
62545198245
140260036651
248279388251
334328031755
84381782893
54745617278
970683173036
498958546641
268140597669
772151642923
247874870084
222301316962
894295932269
182718763880
170828219052
789493260514
416275378210
239970504990
194484244457
577782407762
23335794087
171273633257
298682692277
714709468506
563373937688
74147502708
484928743578
257652495164
105080014860
261857394916
277885604170
141143564335
687329201922
23507263894
288630301759
704499858311
491756768216
301141971265
370381166764
159407939342
207912633537
495934978863
696220701045
204138433304
487548132011
238606946992
420138512412
14650690685
344238724858
236976596248
237933553514
725375577304
34312311434
859461297234
157235438495
91224486676
602332616606
40018459246
138006320143
302038537789
432021418789
348471298315
637450388543
77332493870
54488728685
270891205933
205230176401
749629339073
323845386041
105256327567
693868072204
171098182371
452105709365
121243593547
510679467098
356642420092
176882155181
157771151999
79882288377
783253420987
21326904170
43293105195
277014873277
655758695047
66883216341
256299437641
351857172100
289982746592
503606328853
768637795470
661035671716
263282996326
482320273983
480616474352
404052726106
446768288040
298661986569
118146578399
32326661550
688857528721
421022024509
765212731599
162441545128
56746494080
78652878050
389382131879
275123593196
186144490095
315732887786
612828245456
48539754271
395306321899
740295557374
557085162892
225679062407
803550252630
131677710880
179106987991
483483057166
213857487719
524376517628
433020728563
440792576501
596886821167
625473144992
218737207371
205535995367
694688479694
115754724044
47355717450
135344152878
306714717444
544325487513
687926774379
247114861873
48455280144
47294988887
936756697768
367981097076
514069909855
503263227884
510458495172
76834766419
379883317601
157557610119
141866293385
471051916090
273529277284
464555160515
492825614562
332926930318
111368255312
355364725138
197301218567
25645285075
381590669110
25628442160
360521940112
219652273731
417892569974
152845163974
468661126925
262636598915
255523962463
256129206838
421857462611
209537163974
463423693972
76682803432
871848250064
216939028951
748672430003
50025139101
737309189851
326085965437
564412411906
268584418248
536631717405
334796375306
380904494074
243540392971
280339620639
292891544897
203706150661
285803994689
369803851929
149075464145
17613843908
338263158801
396625047878
493831645123
455109943914
103999703204
200838496225
477430624889
90625777939
355003698350
106173084497
451417605353
292427356882
52606345020
461312831086
89453220543
20903555944
99174890929
8455291056
243965233468
314351527520
347616173843
321826699987
846513380178
143102389275
267709926989
78942716927
434225301717
198053432484
16919112347
526969438936
413056600692
483846234117
352752339635
90312509980
212662737510
123998161474
326093503516
80077931999
323451110870
314561386071
511898025485
52630071726
94242624703
211737494322
692569462621
316448416470
340451273973
220677948902
227376460135
901348992707
742359213353
25125538368
274630838134
122637686588
451451557120
5227076595
198100176295
170381127051
39668596111
198219652706
40767814827
92694523357
935121724431
903895480160
502339032657
820016822143
93782428237
243262224577
527147595096
314924328801
178455819684
872665690356
569722476352
198296105694
448426670020
320493726336
864723231904
465374826411
238408954588
176303348010
100310885908
403559718053
82836194234
126631372926
232405831329
189454922734
454432654075
316726613610
716145626717
165259888658
204135116352
476922854282
274246922634
54695285641
61166459602
665884244401
94661399477
17441503980
587253518157
43854969238
80580763672
62811787792
219101155419
49189528878
99193809067
23673257026
36119999784
537442998286
4575557975
194444571069
572448385290
1185557882
389437657862
43390581950
332354360707
379095658875
532894119074
430415812333
571048158489
663514603534
849615082338
316333379282
18952340313
82388054609
177943232404
82774597624
227614457815
626902100205
175918534318
357920202315
122154912895
118551076208
530666876463
84295779410
239402470038
409903199849
451592276192
859729524590
164490708768
239935255388
594181680651
967449232303
517398043599
215741526065
34540348341
289016146454
297930750310
872743284464
145687616703
705776074781
336243026522
268793310823
412599285804
389210943581
566232267776
442649744998
797881168876
162860996765
26316314481
615665286087
64184236863
803451708670
416436551878
155522415464
453048516614
85941447645
233809710929
780022116684
135528861270
264131454576
356258066359
666796490407
893399408926
48410507505
508760201805
160175870323
138598730311
324600154050
147125415714
8381431044
258453872767
549667099816
220808275214
594270406889
824228721147
535458544086
106127134063
138260465068
582006962199
506730732876
312753610924
608214031956
385512155301
251864953612
201139860569
140307166947
362881129401
244031447250
639335442668
647558348997
102826760825
885051842347
239799557948
83060786441
98806181102
175115549710
240089555230
66374554048
64142780369
167444040361
39007925667
825165351163
698460440494
735363385123
249643617192
111253881414
345268565712
22000452189
116816171113
64934993667
15897087009
345105253208
138641579122
603384882710
283481441138
638229678622
196982920636
42314733035
155988428148
974224457328
357628214962
54078587933
653955636391
430973766749
770541135242
283750306091
352029146266
142852783049
931889316623
158977581075
784691379444
398053610558
21384503071
83720151660
384947214324
262333754695
198092531322
180566734980
544499107462
300667004382
327197231262
83401789046
54313888673
125612213640
182601848146
114632725796
628592413588
457484662924
333318122502
72511506452
195535023226
390609729291
289134063590
435417845434
173798347212
903665068400
30187430989
4024473546
472670279943
44396605030
146024696527
869501075149
654067672438
115228719958
568863887469
52070988973
846230164380
750695857245
815152544230
709278097875
10446505931
688948093732
212848059102
899983123562
268270668408
17320019104
137547976625
696001204818
356952948443
667446571262
507443011129
683905022536
678725160596
633191321554
231027959372
492215099601
78107180902
404971504490
205004411886
203439333415
415485786072
89217835158
594440258785
532028291583
116683934846
420991542714
521983729882
65213864174
735530492529
325998240208
14187546861
333094153515
15615483137
654675530089
84026786397
275943339576
198082101059
82228411277
97796866882
195995458166
223746359482
676404501569
758350369752
70599258917
437508413983
444195369790
269189939913
282281121997
447176572662
540945182390
566005192565
41510822999
31378283929
221289747660
62165316566
290959920001
390132171901
599671971745
285445459901
22099974051
3642261561
490103373223
199075156944
72408260810
446141114221
325682188108
343826709414
599549820405
95566121390
198218345746
183839356475
136031537313
485668783776
313266412361
645882946015
887983058920
400651520210
282630921287
222511708300
66536715390
6793254703
493986507768
470510141440
443255660423
54921814423
568164486619
450218753911
767238622309
527451134866
147258167617
298444551625
278457247836
627196822079
131832661488
397872426512
472531617895
98273168102
529748654131
230478697406
310142736889
20838916063
481134297112
107007893229
460142812136
645367373942
161199524316
280062075658
151324644556
5926697949
385936674068
100354969971
159923052273
419161392578
831781133841
566605747022
581502709523
139828898802
576206833492
339973115913
301789623484
303404168695
48671218107
482014744968
837985432127
890960821881
273775291073
99623916079
682153872872
508347882628
286887417676
303007498264
869669517404
296020271578
576868589414
160825219804
490940698434
543339713026
442159214971
736184813274
371047634412
178730417189
640267184266
25100881130
115836239438
964243293771
12627803134
385353571488
309094851342
51470135435
779139405686
304481435496
340379455667
281312840699
125079940407
57080235480
205439548667
256073569987
33540361551
557297217632
251353077823
301068327302
389456637192
13681466851
244625138159
56687172891
469322361036
587476688160
72274041079
690729718605
760087059675
100921671703
287638820132
496109114252
76584314722
11184049395
624714052600
113962359479
753772357670
500682062849
830538694307
216213801364
38456710150
219899951695
179889157967
254366863532
320819310132
492394317231
89975931356
277824589060
57292068198
117064101033
481555749180
71683373075
661063782702
203344188136
543558501500
70146627415
244618520254
233741132163
13351069453
248436543027
268544838939
41905318379
74472690229
178656663269
646047842128
576493414555
201354396950
119767884022
88384395852
135870335298
223531421183
609984697616
363657629199
159294947032
91407748294
281478643758
531613285925
137137213338
300161668578
174245844821
305067345251
422976569567
736672368467
206059522798
156105521597
204774547634
776686884564
102199399288
502657895798
65324363642
622717205359
521223775858
961095710232
220169511571
388914487560
517758676414
175821234628
780248820412
44510034110
543376845500
103007967012
176226992313
285653535478
148006934129
6409816439
413702477712
44720741459
442325509564
750483505745
100782604645
210931755192
651490652653
142229152315
220637316001
397848756242
708517082359
269142814037
390254207156
161928452855
242053544613
652721812062
254652764424
502431015996
43971258848
472626262396
298277436710
433231981000
632307090823
836400854599
382291467175
401927003094
691305802617
843100654225
151294516034
401819574284
434209150322
113205506076
492862527785
1879183839
560136197319
217258858524
678223842957
223424797656
8016526053
419314324125
28888048972
15247648840
262226106364
168724537026
595707423328
545192096503
127758464188
44625346641
764943226092
247023557719
598044717351
78663158588
42583872115
81087981338
112104234994
394905080195
15030592017
586612329728
131568089252
467286915745
587552071355
386815918494
185513199728
201212093046
69823102778
70425375754
29357365774
624797313933
63469494252
54750460250
346108010470
829366945862
255830667026
552972184830
606583015600
339130418525
30953668444
586734234055
764606842813
88401238895
94908421784
79046618310
9344156955
781363902934
767950012441
387794724919
341237048642
67979931710
911286057830
86384642325
539825187851
87921086412
154809791516
119364359029
546743618588
44026961702
206985160478
111620633352
361017655133
626113366998
183180358919
502826281256
246888330997
422680618803
165070693190
263344205818
514991079945
183814495096
299557389462
19539363619
234727236410
53628281282
644069962325
95629699307
33294976512
196902430244
329508743583
738873195547
636469437444
307506867327
894416174978
320536135104
106408038130
674181119775
162510899885
54832465091
178561625168
245664799406
477596621146
351972373060
215409695723
152796866452
392616671201
95206274490
180646322257
501109070751
858691668554
186484525758
549729524624
827552279281
544177814726
296940052327
663125870821
100028162959
430325835253
310071939916
129693720822
481901549783
563794346314
329497500746
701183868459
22574541876
56863236761
252527175074
44233706724
121216642939
681903412408
370596300889
93260669091
275272091198
222746370788
160939096160
414727273541
187877810063
116032970276
766249582094
450605933304
107693786211
346006928567
246783221012
828218110122
178843137130
511602232319
261413144490
245958580299
567688521667
544575568962
56858078404
73881597853
53499405239
463433024436
11752601093
10818108851
322276603363
442880010963
163222319200
282021455501
3148209913
114038375429
294350261628
108988540711
469626557622
184983361050
696291938814
258231296926
210451529524
1521936507
113824371598
452060774140
20565687983
471871649250
26969106611
312842493181
50355620311
364874535080
241991315051
124885263539
557227297271
391420189112
783838438070
80148272807
266129294294
89346331741
564055983837
510076428400
95852181901
59187302607
31728417233
797212107052
654273886237
132681439804
11557215001
352542066668
632134340899
190262561405
224853925719
421643444162
68532984017
180697225346
360064718288
672109835726
575463105370
678736201022
322322634560
178697426888
121953005684
750244638774
294647196834
530976189393
232709448910
28918738931
113873692895
218056897387
160034616333
357509300454
373999592466
454453274378
105792871316
824908585362
334707234509
367663016487
54351165273
2929073983
357608366133
259238182176
402877829534
290146800642
409602247397
816134163921
235962276758
127797704658
578815911413
488933924652
752384436528
255943004184
417444667758
200533583118
458459530530
398909374577
477636410140
161234156529
1613984303
715022991546
108918830487
150761433833
266098921945
32820386239
235410476134
167617474050
193186350330
85591050089
194036913072
405066945824
439410462317
107435595840
270096799883
145157647544
490963012688
377369906525
166949272426
171674014252
15420706529
72753045567
60952555226
248895178263
200079724144
74626609946
82154864014
588874259392
203462263670
330800870551
98515280242
184957441249
88144403422
72658407333
703684544905
634548058489
326796474449
327871298451
519836960095
161436511596
238813134844
432752728034
432986630312
196715317558
198722832943
226604867316
139832642838
184123572901
862341334102
441448399076
525984091884
245462911775
520469309903
836496800923
70206881177
247583063916
140817519784
35173254132
755723078245
783175951773
24741111074
91447556047
264355417917
226652879992
331421311556
665266694159
2339270265
284038573667
526442281995
82073896242
226173775165
8385283588
608022633197
180455605804
324789639576
413405456494
505108775916
108281442027
410912643052
351209868713
201419103395
112003701129
56043612274
333172024979
32081378987
327672510447
99444157047
2318045249
598326123823
631463424858
455485844761
160053991716
168507847434
91363079321
94908092870
390252724404
543541436989
85600412979
504708760217
813741949451
971672615446
61260598568
158571660829
91186580933
114642460491
237803443756
441407180023
509074623768
31570990496
316936730675
86346885350
310689504022
11594163844
46264986142
675515790294
871197244172
561671096744
52332274517
76352822180
65343858415
477582608103
304772546616
625593342501
155919410718
46114848888
136173080376
883396872677
490115605752
280721789949
114612821002
157144106644
532560975420
816965483667
298820132636
41288168667
135082348433
388851687015
227623511824
789930340572
485029774523
336561136165
656454704630
268828394898
245835920885
282459994651
860718773420
466474672629
60898203163
388338021508
120779507328
472848778757
834928624194
267402763604
83103233270
165744549676
349874647755
134422135916
344331762407
25611580583
225579651202
594997467655
745917246680
3402239585
294241124031
807585177702
751797969826
557851553651
15434834777
44406598143
742848470084
212146919419
515832205029
325611606607
383527000925
304646263163
181798582879
282103112652
335291033955
67028755306
190480040876
199082483066
318158179030
505119502898
435873491567
247490085513
450754913742
204083107699
145255442903
524296441182
316971395274
138808690864
53466946328
76707810543
137755505769
66664719182
406690631244
203876578702
796230031052
68998012791
42261746356
837383614202
527207210199
957148051028
89224386554
274089347214
39124272693
269536715749
336798366299
298519464143
313011724666
207890429146
258298591635
106978220825
395643956378
34308970152
558278515447
980687092486
461759234229
526893649168
48797066248
191204145938
156018568218
264209068664
130594048077
202975237985
185075909472
237711732334
101958051092
323396274087
365801234231
273881932974
785471805643
679525261572
409219777067
524592804434
496572655789
186165562015
212556717145
343409958297
208746896363
695974677761
962099468568
354431539306
159603369644
98637407517
632006958233
4545415294
264272210965
576872934175
406947396226
149241043429
731848638215
844484661963
876462423308
518384458437
556120971657
444907413479
351695245371
45990474366
632544279834
292805129387
38840998792
51237341165
708300685184
194778964664
29077934609
260497947609
469611667974
206751556216
45890803303
268511298224
284531468859
55525018038
118470339018
133797475784
246633991740
392701690683
451592276192
97629873316
249784489309
259058810818
335220584943
262016518206
175738678687
729918980059
40857572702
38043519240
72157418657
364277419797
200472911330
616150831869
548636592171
343090943018
100351040358
681284963422
770181753297
28130163502
80938882016
887271976567
412454859652
78811178272
97935849227
291218409466
206486889934
253220412728
816565704497
242158029541
334602614197
77108730205
818553486522
376623664885
331585278603
159783723153
456805832665
681596240086
711409545827
127499202785
820912623315
325549799233
231583561086
152499061006
337863033865
200775547116
64796133586
447781827772
67829497848
653808480247
206313074588
8120536889
607573120050
409728205542
634977154805
17259836162
83495024862
751469378503
408571187757
325780560901
211611114012
232010927344
269499648147
133915597635
176728074129
219485320967
159440365941
498551916333
617468063281
689162733319
438185869005
507223195731
669839170417
10944300312
243274141554
534276772773
797710974841
65842191963
159534562145
22276699720
228999807515
417003942421
259594053710
346436436729
243010079770
701682695748
482822762751
806566904958
546520820225
76437399080
478572657669
205860644370
307025289993
825643194814
659751255051
557083995213
467413757094
645989146392
308272712491
182748315698
441496314748
587953528119
710328511019
365462803592
415252195615
86030392127
155902147366
136465072645
164521353397
45870387219
302183574362
300004472810
592069369027
493609202561
843148043955
500041338556
58691186825
279663046186
6696014288
16950112557
570310667963
283303078223
446906031870
73162295930
91617208800
45615345617
283595106184
219372077855
140400805901
135962507839
796502131332
70149228168
289092480907
806006197233
208028385319
425421303025
8405569539
160831670954
75995134920
753641544506
275141705378
41047577853
240558087362
173349566409
353237899800
513121801580
40541444119
19227620177
766381945463
464143755501
215450771779
63707584464
79840914016
672142398127
722097043205
352711876306
578913463369
253388866997
289311263288
434611374807
796760001168
524561098278
871689836171
41872708410
409582266627
21031119996
284003054056
197217908703
537279513764
570385794879
51135146407
39915703597
763870970196
671522073180
426549808774
712905704767
305475168527
80223086001
496975810383
293898844186
367060884627
189336849884
77205814813
539975232296
72965035475
343184740792
73888208491
474445952395
292503805167
58843242745
107612879432
741749182194
677819886748
351037831551
54034777409
249267229479
556613746746
537135405213
633445632498
779224778807
624435165482
354712468409
305530541762
35088355962
237210179495
599141850684
189003903565
507286987136
288123551745
63685132201
124205232515
97086093705
68438984455
263329746153
484905947626
350383569368
69179852759
580104459954
110353111904
525274950653
500433535171
932812607126
397768737178
347388671650
966022255191
39030852394
158190991183
913193632960
162530102733
691748240158
830314848526
775457666364
420990421654
361447392407
395725093896
278051013508
495934904586
24051382055
219700174722
185440261386
198963297261
687443051723
698208470816
783986928687
45109225483
219727377793
277288551952
126533161439
313546775258
169447286325
222566597897
61050962737
731962494676
838468456388
307857486712
478522577771
113388777352
412637740932
57823873067
720521362213
57282361873
177573512834
439452587468
450435738542
270693802234
39854974357
657977833096
387463686945
241921820615
140772707874
282947108575
433529896965
353313223071
260446175164
352613238871
150080121825
453487189578
377358805837
609583647814
101510287164
9346025725
499498842837
271298894788
29292793686
158316112136
323427883505
395529563468
761415693830
199278987016
481232414638
348895765148
306310307477
417344653981
127798207323
23894123129
826460469383
337290870937
509718731565
627922522829
471904725080
180597549992
319230280688
602973244365
411561128992
684771521829
266651417441
480876395150
661414427178
226538020526
14610751830
606161016272
981463055287
515443868608
360192782286
591163444920
33865842041
278004760737
337771725149
453364179221
891462435445
58102368923
137992262712
280185660649
219228248344
59764439039
288507445559
271060022280
747997890219
135942209468
409874467637
261213898154
77719798127
499337731782
223288319810
20785056085
77523450246
441854233578
807542658049
21260448055
304663569078
23676387546
482886713990
638411415871
91076782734
19327991639
514423873283
453747342840
545813160988
380117971894
333863034847
111662440114
270435592230
710119466225
112883630581
265143833036
691792901166
449076609878
625939583752
554844290684
713748525667
154354241493
616489003805
201719408241
186920329862
31236075268
567747642869
193386986225
355077553394
887318918586
163440828857
275131907739
532648255192
223299187862
245832250369
143045215296
393646525595
523178886101
71422224124
284469692771
71838662310
356232176332
193968196222
549281061343
355647253782
320181098432
164906319006
276704537656
49571689496
369027031772
662671091820
608209453966
297894232412
467460614268
197963703084
296620160412
90777883891
47099438031
120096420272
636558763255
462503009392
474567720358
579341698766
103999666690
122884443343
322720358753
745832488626
245995451738
758691125474
740807490969
631879291899
142133146874
236827530168
397636336551
261773022967
782586037217
680201202311
625484172839
79118676798
320497736416
385745967460
236629860111
139900963079
268628481757
513459572165
16925054078
628799772256
841508817284
791164822823
27478480565
808243746124
