106398326007
444075111660
610789371553
41911178095
24368907326
589488250310
80760460010
73516225638
343138692052
608480252486
476374324497
147551648827
442304902889
480904439360
130609437487
523685232322
580578038221
936135819125
72980481206
298704673171
477890373591
873940554658
503392518601
328989050991
35546876733
383291771830
746151517421
821415096870
145012996228
26159341472
596377894843
144168246837
396885514748
370732899926
296496929469
492871693058
485030131045
169244216012
488983153057
358277412309
71230064550
50163258523
473998338517
113664536950
489300529001
316942218406
788062858257
755228159220
515488251125
218542526912
414562770333
407648191455
307172891872
633507567551
576383573799
764087397920
564214743895
718506651377
423720908654
645017417299
678583678987
408812470786
273632809081
68623190264
124647049075
236990132334
627756025255
591905560511
23385579208
973523125482
361200109101
488848322331
524503317108
23044410524
558444002549
852640901277
603341956538
34527330427
976093707477
907468071481
70123305038
599123622965
147403383752
387174646319
652352868940
618755809983
190015440054
419715875487
438177589033
21338008044
203161874065
665566807743
136209445468
103930357186
799635909892
434587011601
297271080416
442976510477
537061805886
307450558479
458943137738
530070769975
132588537800
128633337710
957172890149
224979554382
664085442236
554069173237
422212058814
240462304277
167604272950
43524281509
842371554013
360353192345
494761501536
439169609858
5847827908
447843904955
660836826810
201890735019
154573662462
352241233621
745501829920
884692255747
855254773369
832603646876
306596022174
8101907635
322050358114
22967830815
46115615745
506990449087
292187253091
77243841380
416660732558
692161466922
644113030429
889300094149
497363974399
642172721742
514051906289
165836812462
517638175158
419880559043
717693961942
83748311819
13738597785
636151609701
485296435624
7210765291
838961332511
127775880604
285406292800
500781801612
232675038147
131988157594
293255283592
130689319477
494474888015
396971569230
950961231521
171481641368
276602896071
197775909393
27655467604
518112074305
25195570614
356103103753
870547698526
60331949087
124583982244
411218725531
8337704988
89687096223
215756352239
433047490134
148535242324
178943174461
838080474500
202219506328
339182066275
289121782511
136430607537
437681978693
213892957895
782831362825
428775412120
944825819613
10855460927
359911607574
196102480209
340318258420
36819953075
519819057769
303503996321
228831514996
225212705637
93465689810
150510907354
119914449342
442708143577
883393743350
605521424147
140207256068
194048554680
78132314712
163893787374
412688086011
284212810191
486007321050
145496401807
125562830954
60195139441
379751349907
273415809994
177671732921
389165412885
11125651889
516370222027
125172797737
119837242962
459330796874
1014992684559
380063250755
589931962956
691572836149
135427436766
727998123247
13979408106
301790854480
5301714126
418193447633
866592165750
622917745961
463569340503
415308923097
134687750432
53626429127
574955081316
659174746934
341847043510
69539327327
367383545951
2287472550
523353316234
23241082518
602900720307
179494036379
81743627443
11386591295
520280334345
211305185633
122548343593
52741098534
576276316639
269688027356
459162846267
465877373255
913756979711
202630238686
558838254260
288726041143
308151515157
15516565937
931799578418
357116491907
352966806220
641534891005
168000298551
699244226337
347221270108
139234990538
94270398257
190623289623
48159540044
292096614944
655657354215
55083710825
290888120242
563730139360
195163850756
541357510634
497153785840
592319948357
44341895877
679700561561
125500497643
245064804674
283017212936
919180260252
182550483853
164958998823
32198369205
544077397489
195544357009
589162922553
618006275843
820578772865
371797932891
61699739453
419896462549
430873542084
602962283580
79366294490
129844065273
323344839064
385295052805
143480644807
152111333934
406539538653
414209034727
547080304331
206132850464
25424370058
311697425993
211303407235
560836318217
667263559421
59197650326
296707808344
533466771731
206081293928
154365575837
416463141743
226408200466
197883748030
215028219193
584331022275
293858470402
6731494898
190363429344
886716515621
678830853868
181337416697
615544521993
481292039560
431978479558
159614398345
133536046676
294749919248
199362189723
495181184365
540253314042
532036673313
389858926716
544078681095
181378954929
126335316852
601030588765
64661783632
816334818368
177641775209
621397708261
85088566115
622373690155
8125855194
859691051801
1031250366650
854908944083
248118623330
592859390270
473434307852
15401434413
516291330005
6904601140
60641317566
84926201226
158468339818
251879498141
204692985276
666280009699
314764660612
693872746011
26748205754
274249906512
206397926651
452392909815
242627647916
687943720864
7895240129
183924374777
223444888368
195444783315
329654673570
429634537722
113431410786
94404796943
588729921898
729239047659
506764735939
158536822542
28507704124
517404841275
217847612429
127501755512
922529264750
571057466012
715941097211
834843435844
63047162953
335290378686
8753933463
394663174651
158608928582
662239574781
654050645477
152855081959
323334363400
126562114943
1018841884559
175563284799
191621619438
152095512891
209472134299
412427564298
142266924742
100484156462
717616777947
157261962001
566220263470
136086721248
15655719458
184247212568
417051813059
492389283755
399304078356
486242681173
243061944619
52477838963
350986277371
259365787276
690654031932
542225239878
412770337660
699951054855
37723968288
323112863872
430129559098
113381473166
233831263444
174581904688
115643140985
399230677659
363170034698
447300468505
139466235696
146458281420
560791334705
160716082238
977131687265
456271010656
168463800227
418121398555
516797075713
642789789192
927181895855
485334878391
167379038866
797535552797
206678583800
31932881126
157372456896
300454914839
346481722199
425366588008
340257900785
699090474131
3043301803
536204780001
247858661111
729636646009
164202734006
759354511027
40348517271
204862586769
410589225588
702549648007
82601975320
487207283978
571086363588
25293972881
107697182566
749258510061
299960553770
343895962816
67121176482
855539751664
627469049321
646441467931
734716609330
751787937760
283864041346
670959240982
323544537872
82267478426
41299627548
887458690275
461532133477
766965230313
379214365082
53946495264
542888079567
127212194156
166713694785
27987652912
362492151179
3143772724
167999138660
658218026386
266981865609
158064498673
117859937919
307044465670
10346329285
307514522942
236117983148
168069351548
431585390867
13302036051
361731155504
127834178011
126600828195
87207995396
341810438695
755876403560
554457707511
5658148388
213845713522
408780568824
57954357586
463151257623
223612001400
435473481909
653229350634
519411023217
235521710613
214902144094
215293763337
324520372299
194149932913
206441933123
537139963301
23030795418
38597413806
377576456041
664661649059
565246052061
562360961198
703693812621
289178328396
419742808110
319192357043
483846914698
28125166009
398416499087
744345497202
58171421298
131981056033
412063618365
713848078564
342238134114
362430306476
270962115734
436251146738
822138232641
710438278477
50641365575
479197557050
125948060016
200060541447
48637230176
803759448910
145471111163
197584176161
184461384109
654843928027
319846146110
259401856051
530506843763
840531252726
145744643864
309687321297
299197383572
348147491223
111057596876
288934486231
708171126464
378084848096
216079606281
687133521752
882120838724
562898792299
117119978807
87209285576
142536953427
36062776561
489353283039
245532528759
413643169382
794349198255
616166258060
529433192754
92979319299
303874912857
886435889180
64829120069
493859445323
797783042049
389111315363
375041237230
616822584184
571981696529
395044269116
552930096835
486404281897
67834989187
404257832136
48447225307
987295610130
355150334822
570784472145
681699385648
405261114512
876513981405
366737564648
765393751243
5701369178
18572946778
299872634613
192970955183
125946090358
78134176153
227706256036
743214023657
141700016348
135665621223
22854723890
600634525545
2333956628
597783784229
412938818125
112008809375
29958903741
92230804645
326019281373
98126897630
266668044504
51796855428
276966426881
274755872093
40470382201
109898060237
123490381980
376431577153
216763859980
200234554
569360031006
243900243093
89221840188
874244988053
489349637561
308639277974
814975470186
322636743365
400774192350
520326882242
486010110251
46526453116
335386814418
61359460950
412491298724
36839446080
389356529775
38049376563
268915229648
75048645282
585532810387
303259219979
398280522782
232189926479
552328096112
481894163350
203812712941
63473887402
242101432988
284992300498
171824870967
655057621817
372337006613
596579797719
160510506837
819382481472
119650334874
405160500269
89088366245
536819478827
546554126548
231414767215
295457589975
158369705673
314066943320
507129440035
328110036501
519013886963
330683703991
48446737731
72268779449
77605761203
57585877530
933356414837
856818414518
643935898804
463421496651
123760918031
218912530684
185953874951
382754101465
232026524256
683530764066
159811932551
624378514259
414637399902
278025026977
309749192673
184404196109
122381441980
162577260141
417102742207
883002068185
384264646625
141317791586
347863435649
515579113501
646206746434
136169329140
745141332624
6936976938
532484560184
755371388859
123993889571
966478614099
44068508333
272084596328
603350065306
715218481795
629034850450
21788370117
264755324125
340187643815
62086483828
246813589364
112577359184
486183379510
649178484545
185192931431
176926234994
331248786784
26493362936
230303589211
305632478224
166676168242
265659061491
259706650145
115491049232
210061187380
529782860445
69539112027
112737933954
483656375937
224972098865
36721742560
220731133906
632503980986
544507972007
199482570727
348976060625
341416214664
626225351560
31986825385
506983231483
395819297268
300837228203
477196161508
237895423684
332622935043
8154474649
524218811371
634834393409
938509285975
648455932039
523577611377
49366442838
369858231574
417247718257
438681528297
640667926102
75164432092
59669265084
34955530574
609586798388
68298188241
147181284366
566665020411
204062715785
320663612181
493919914721
456821076439
288441804774
398030893685
120111629793
101719177224
146059649911
369493271369
85197011746
274289210384
527557129771
62735320829
619900520259
825120519993
415873288195
26025290209
391388790877
415637020011
394705641389
32015639789
482527847504
16518848070
675811210341
325625290045
129283047987
298181751511
91425466995
633800334691
506138108403
575315217305
278897027834
374714529440
564584412827
212588687012
80474183796
720283890364
200288858091
354362890141
182229788546
561169769142
178767698992
130164857825
296785388375
590638640050
652754613713
76632434159
314778285695
373859365904
103801733807
411264190927
86625078759
454295206391
115160142076
195742139803
155728590290
724852690598
232675038147
476634291488
254637245951
328070800539
87463590074
321005233569
147785330102
126160522504
207556678165
618443503347
379591893586
598563773829
385519589179
1006433427525
58220000305
555505824240
185437769663
458460717600
172048508314
322015252001
78175329308
479236954709
576838949895
179226164831
159617701413
513236328514
769851425743
262023463980
647213161493
133571934195
866477242173
84612499484
241860286008
232576404247
154623013525
98502104559
392873322748
646233187412
133234224311
310796796099
588512238431
543426054912
417089052476
136180239320
227404002127
535123902805
588305192518
591383698574
576965967995
320790804738
47884920438
80148366595
79053796921
766624259152
64451859793
52533405897
330733378332
1013607163465
837840875330
670971984936
154741130330
30207186581
242126930993
489078749490
438164944961
568040217847
14688030540
109949763141
809857276647
68928087533
264955238620
418584213042
147948112369
540197840422
271000468497
671840294728
463459899284
210684344595
148454967417
759112618821
394187683083
267760066350
26455548999
373931713628
751703275869
433165010258
349856864241
129974727538
320715627389
554068338340
1020185833729
389110086370
35622360248
16315030109
95209034752
163521086997
586051695703
53390637203
210506814725
155006226415
376989061862
403417142039
633706228286
705013752818
774552926048
2315689632
602483265150
570398162439
678899987439
84929941798
163942106641
644088411066
271791206256
24801131454
1028220949191
199419124905
249896126344
720399561575
91306095791
455256945112
167651786620
657802607233
752327260939
430301773126
301095176522
131104744265
79885318351
56629405630
157836920463
11747405346
1029095331266
86947577976
407947352638
534493637313
279495688683
301080218133
173130275882
672481747878
486910812818
649254276232
422092737613
724828207276
81917221470
730064342795
957545973428
66520838025
762050154153
48016079053
533003019856
195060301324
188746794884
463322086013
320825954385
336976030664
220062585726
46681136592
137484328372
303814142847
854343118411
257341452936
354430372621
615503060343
567319235323
141410273212
71165867729
740615279793
629690156991
781507084347
784182894035
258343062345
395250792423
337470012865
96325630774
90417721147
134645894873
586260126769
823701405058
283682886452
645967973195
147733522238
145314853708
475119662740
56500459561
288603397517
24578477110
89090240548
704218094950
458362466653
328934154937
58707215772
657726403822
161717412179
75176719859
101110064962
531569499758
41508633074
508611982353
424858260339
660525778719
390894666734
532187270262
204178590577
114667831998
94631988044
90144427113
365330043735
302159603747
69815962619
487853337656
355006732177
512737592314
310085315463
245077203875
298706077837
248837441738
873988111544
564470685177
845671106850
444953937291
141513888449
26055445552
88549069424
1000294904083
958760333471
513837005319
396666895131
134878388760
62283375125
524927800238
320997152746
195772180634
169675544960
244490269441
347785133989
62631365652
453280458198
96925070042
86752885542
124690636990
301457821422
647520753872
207884332210
79224780731
20690781958
320325619360
6166812042
594556566509
472431545123
867673512062
366426959076
210557483239
40501216641
285402745670
21244876152
113694134981
92845455212
311643597843
268898463275
84744215852
101174692559
37876207559
653973560839
485395117308
180400152713
165182757027
152431832529
658707417535
453755122045
204996625963
538941391982
269178285041
716982936078
225610627207
10021277342
98572677047
119247999790
233883091177
749211974506
406154021594
387979941902
5979887322
300946199705
381214218585
200038943201
173317637481
226841141407
376821095676
369218754304
931820397084
709304027135
22962557461
897350866712
187101582150
29435665691
909750934293
510226939619
174568634958
400516487253
62618934393
348740905579
481070396957
739673210455
109426835363
587848829518
578789600840
321581904321
440889089559
173450815979
122494949742
446288208798
200873402661
589589761841
69174379418
45252711497
42434677465
179557368799
136787527883
10866118203
265503047320
72755617093
858921422548
405396780345
149101691664
591230080833
680525542789
436627997709
395878035425
348528793479
183735046520
303235012691
521891566863
168244308706
665039433382
469181314399
338057125592
81281332744
624289978675
3439624601
591594650814
375710392978
135637800036
363274598252
151892091916
79787786085
390596278920
5522972174
85600903793
35847598138
94787613919
80186960782
264468115078
11784439503
630574182950
101448419501
76096256696
465249876770
602719043687
302869992111
69356898910
193007734621
425004773884
88969614584
630497899355
290977202064
101833370687
418179243378
282433010912
507911378809
364789560302
173057651177
478977472735
244310132451
178285255808
125914161828
108928589007
465195831768
306095191371
360145890093
211209043267
259176813913
170584829707
9792211911
560498943279
390042021382
405100974866
929243009095
430999593986
18032200524
291206272558
131101963956
519872802498
90649001781
247849796806
538288994586
83948039950
314019834826
592803986451
349143327525
205242437094
191526345692
1015298334234
307309447133
222847477481
351527389146
317656127497
29283247909
135950614179
540106133731
598417094428
741915261670
206962139134
651271481325
717325429248
29359834261
556368642475
310310857680
304589399164
378660021865
573634168060
707032585515
202066438359
938354485456
182317751209
701126607066
188371705582
514787770320
258567965121
78397211290
263058316426
273275143237
227079092900
434075462073
587592393311
508344672056
201518586609
107744416935
239771604904
151733857090
475804617096
121373796520
190621006941
270674313356
78898180386
233639206843
77188258678
742575069973
211478804673
316113363008
591496489709
275799402763
739325891707
327140922799
678386456093
108738948452
364854429519
46097793487
171419082057
77468601539
374652553077
642747486467
51960120871
231433649799
133097749629
823856443940
602920968543
74795040060
40299835512
421830340282
24739665971
192160497364
774775421014
45478403526
854156343495
420336695121
241921065261
33720339606
127591021350
577052446954
16440543296
512826543827
38369840567
110227673567
621177907112
70818233952
252434935681
154431350157
530716220528
401493893896
254801727056
745704864433
261640084440
897268122193
83313157273
651438425418
169931156284
10909318807
51118270074
274547067296
249442099868
148171290614
20903166346
354743949445
835580716158
136422423841
171931582755
59145446388
179532645530
124634825570
221244619613
302111379434
332439547446
548729275424
738451281790
67080346613
383741923697
27233585195
4304302570
351203351972
174371295196
250694674880
247889112061
540083988504
325158446993
854666769593
610523841038
795299915856
394388807640
880036522079
719187309721
635616672075
63961104551
242631815171
54930947323
280072912509
497936966323
841280332199
155800737411
490624812837
627726346715
890641903465
373497468271
527594894165
536575585133
188572369131
762130235041
647557727187
235057494481
588707906490
95910465967
920743801782
518686375287
322058117704
441520415370
468144034968
124337271002
350189159407
158681395010
143085878167
25239621485
134213451015
224223994098
107563526459
66212506927
143137994875
549517780713
82815014526
398227374792
554318454734
200970692205
103895858837
84633080043
396064095351
574107519578
386654658175
543591441579
263573680385
413510573960
10641775438
190741137440
162835279859
404014749660
428832074151
34331616181
130907150207
951293597241
529394912334
521157465733
910446581461
481690716732
573480627401
412687893399
279277642855
663171611701
51355277760
316345248725
603966964747
203304172121
511034371159
777311201146
358267849377
455499305399
118770418475
736899586912
64063310451
78592404565
99720727630
415067985970
152958146374
162722390201
21007479878
117957452956
35810833421
142715422523
583839890307
629402161280
80114362550
529878039849
390984712339
162658213870
100264582106
687809371451
210776589674
448957323570
144461919665
721119989998
505061459371
56354668518
181003022845
682690499183
696675243950
83090052469
777970595675
497929338902
119574092831
411958824684
192844595260
121391183476
147004313557
34828940821
325182549166
133303660320
131601568524
321125969017
424839170381
145628830053
213965349751
226007994437
229892618778
157031293734
376678545591
304941319292
421365459887
415412097336
169062175232
107844132837
309723478218
605683493975
559035522087
92520447571
457853806414
404214413243
339508007710
642957058486
284317832915
481151283590
86268573156
238954687259
475898655030
223604873525
775908983338
143604876108
519237382411
581056288044
727621068597
54855580486
97425754799
4564441444
429177643831
874777507538
753759553675
120144755585
480177784803
465250790047
408156222288
301995738040
66323242441
84679001069
15243106480
142767343040
633843944089
880357413601
176523774622
205436505917
222937705984
558351056929
424308425109
358801031183
881555891092
545042229516
38872523495
107171528348
424573863170
687923309298
695563281881
652075407784
532672519595
172686748896
55154406947
835323889766
16887265459
301312933365
368281215015
604111063741
392381988825
451195710860
197108268676
134553451363
17045530012
121191645910
725410562782
186383764744
56917195896
545563374147
190079003116
459224620781
428286459091
671516366377
271275279139
728596082477
224270791791
599833740067
717913433281
672738852555
170632380529
396924580427
59541637139
158949313375
205606403806
340429504372
138090155770
142430720907
262632094600
218157275319
716378266580
188316826670
504560300979
190000290617
424052219118
392807313604
32338292361
401923387266
260601887249
151907675907
420836129279
174137644285
162805142476
105513264571
703778119708
37809259177
36451747059
306524376788
742117468405
655679048291
548550350724
101767597683
180777098250
88053736751
226108098030
299159671398
679449913235
291463268365
169399506868
142758999749
657777753927
36630989988
254810727745
608298053536
108863851568
811686925259
399766903817
362447795242
101052481531
144136846415
726019341298
222156416438
507494136215
677935148826
192810796139
372733375631
121574963349
514946646215
63906432413
12246445757
197739096609
46170414630
189900467815
105852056059
529341665829
105852056059
55232460600
382245358840
850955866621
170966233120
142910455381
187281283013
36862502169
595419289695
98971561077
591286010053
88224670897
232312568455
601127871035
85212697133
239492767037
767508333869
149034240555
575641258671
378260130629
20172505999
567190065704
17833176473
579789612712
881638206343
397266332177
286421534187
487155775805
532739426537
536239263261
556289249604
657773339767
756424955789
895013824168
690134405832
175115716027
281308448402
135088346442
120226598015
181906177939
354940831913
417416670742
1732861549
310965496586
668105768195
288151931416
237228489589
104190849583
174631656856
221352031375
675237934353
304989078039
139781227559
629625582437
229855472877
221735961810
364740509023
838903578669
494059496517
262128368774
408477838969
707658166415
880441825339
402131985377
93841466261
118156976783
306059600182
957134522193
631903464379
107516031973
804279350085
538693197222
54556115952
714726352921
21175357584
378632232423
172706037605
55085477687
309420434773
686097540818
286811489993
300984582642
283423220591
783804819301
562259976225
265092131025
472839237308
570028228156
440987449969
233415841029
634113789696
390632175419
88545136727
839410300780
111966120529
300281976068
378073023298
24432417335
323218203567
799781493545
679565758182
172635691774
404598863151
129680053251
416342621876
127903947386
444682363425
633840530071
337839473100
588152193220
193481537185
79557618085
181436321274
482376006182
469293247378
141962174397
450211675531
590487969027
89909228042
590400411721
830138853602
140639555575
201138092696
848815268
136568745824
471533974075
384839866829
91457934871
56939610562
162496647418
47924317639
800343638003
206155201508
662034223436
366630489607
370624111539
336989281192
573750383697
59788401173
295813480278
152569098591
37717709756
577391271092
392777225722
867281522791
39730499022
373505671973
167202293672
899296852161
56483447845
53867513986
836887322752
533255040186
226071820255
274684382582
482948019941
52036543750
256343082405
774034073578
217543731407
222383422088
99588104668
12395584782
156037160770
121462712409
492793705421
126128019009
16580583016
322844876334
1002230359314
657648523026
218934110745
121864716930
981022008520
213146899125
759699825004
296754105505
217801828621
287031231880
903641635362
62609804396
373224510055
392506494051
86596372012
172235474583
147199857035
331374922493
204722285172
349767799234
88845098842
221289702802
267669481560
457628083201
198851244727
211712109968
134384725292
535332754935
889964426633
142635928200
353414281019
185374353078
370878643751
298286057371
508465728673
438516326920
63815083669
282722438409
6586982165
199087356525
50901704122
663207044412
514919648197
339448818637
147927390376
340818183617
577299791863
336772336723
113691776957
540573144963
577875502501
362386968160
360963862380
90090865942
818195220185
37306786489
496066121727
146489820375
680983357409
511430101539
293486997921
177102653093
133816022573
471491440553
152011766674
207882140308
692990483199
474917076361
294034579868
863216540378
1299966028
454055034933
557872483651
128991990010
288928864195
556641750262
157857378136
388950369767
360419562495
16627565789
34253736993
601489970843
733387389293
903343277791
208456108573
166481477687
665919481921
141204219697
180401311743
265899204274
102183589610
894343849966
246928137525
25546566062
546764975877
200680890330
68395283588
38107585051
97867722611
167863543319
64576539969
747903626030
350118315864
423590417400
542107390341
698746981464
814421769679
428316601428
484905801326
99069211317
856700134067
125302999324
290527385738
775391020912
37206822247
396057230461
301112215953
162360263980
335789059009
341453725953
733106990898
298625267880
112524110354
103955248671
673043588389
926853639127
316737665737
129788139114
144740080190
879012408183
324802018444
804111670449
42979751734
18778276251
53757316443
439174480264
73722974048
238700531934
106210110089
60279273613
103160000688
428131621639
76555402969
547718201746
615403884800
630067352840
456174122081
51311381719
435255349461
391565612054
718257599538
231482310260
442014135509
165771740734
416798024018
118856777073
775482964508
558426206663
18449541754
750334664360
694745277420
113175466950
336940530919
191788052847
142355691108
589302439652
190091001949
899920271044
586869803790
286610924831
574269062229
82338699948
