547212804074
205771194015
333486581416
434141914457
341756217613
934556963115
453685752318
84922309760
940269005494
79033995712
495995780125
520016250954
8338652820
377605691349
48690451855
188223693504
749357214275
119206104803
228193087627
90751428033
717129505812
389354510408
593894845532
234247842516
47897243451
481195864843
84361652962
548459297961
444261946628
946769255501
455136323109
453284827268
222397323671
185391189782
563435130222
390420558419
313353077027
629309013823
464426787305
138651920648
451556085747
348917039548
9870217507
771543677922
505113799369
87339216606
106416478593
372375397299
317126753544
549653438651
114820948506
443355128964
228243007510
703001968500
358649854096
329169945367
28143271910
830592466122
559808399680
666332685633
773760343179
584620371796
421129564456
37996285114
980627590138
355296997939
144130322905
256119803774
123261266217
297331222467
11671827401
409872606062
447898260654
36222370894
90593846799
640754897059
20803123534
473750547415
58090302445
441471687400
76238153588
340786941103
394296693107
97314799483
425142170478
463073511916
389530437649
20779513831
404069469507
824971062770
401386677603
272218668671
342220053239
207668430544
297044206229
587793669169
316686229265
298143612473
360295089673
212852989596
124460844470
67762913033
525615266189
469516961333
829574315259
495351175226
623614317393
856530257376
354938672174
228577822544
294634248876
816065912986
474680652460
699856347602
338429162293
119609057081
449431160217
381389420166
49723216636
884478915774
414330745501
234177934231
496547585102
255698683428
482196374590
327290211958
718080916856
478289106154
239499367205
625748553704
49921884356
47103072311
517774250997
540750487796
576040204778
439402471087
100891943065
497174611151
162716746659
233452883903
766800094421
329123758017
455664312848
82425139460
654144202394
739781072950
527268810041
224263467498
193514258707
641723403529
703646691780
450540459799
963623652087
17182226044
144747203744
553953619420
119765853893
622534945802
292397748168
124750784019
109452506619
648857840505
385467273228
478052923679
265132770659
200711556079
301627936631
296658117709
804610558190
130697786909
347948597259
459611587260
73280024806
591263011695
481398243433
452418342583
39864116799
432039820026
259912165377
597818747052
134520225706
572858508770
158083409081
148329473597
342527053413
648783581081
926645553416
255383766992
551921649453
879410260721
284175044727
194845099738
560735096975
21957468162
330739097840
337615923073
563630631699
303547496673
17648060391
123115924235
550940091564
352369637628
767686544076
187275822235
980527772188
150179840885
2775859952
220205335835
236771130701
204184237847
928143249840
696027430477
133097909349
518277734467
22991204107
860000745043
516653351084
143580961980
362253033331
202864198885
337754493167
69454907415
240740307326
594554377947
705061390660
376710015117
29968907086
232924513270
891883188850
315479489799
117809068502
43348779716
526002864012
56039819079
744664763104
673083451716
59850469100
725341243924
242194224670
170004607684
39431421370
229030510110
770291600393
28780484318
383686644499
61342609514
116179613989
269072628172
680546651039
112133627723
394175330311
168467656930
71215551111
406589892077
360481554665
297372609861
156472013899
457889542521
362301501697
380318240146
129220082327
221961911037
746850217599
148944448378
10756946898
534220596799
120047334534
766443258935
709957242460
330761310294
494111927885
421726947584
589612579574
243157846728
373555596093
175736628025
203887452930
450575529677
412305190340
393664973892
740044498809
843855632496
28495913560
747964904662
29935949685
367738638128
303824128913
534957149772
96864409172
322374239355
116584441296
141282951033
29093365826
806705775794
457391092026
38620832341
534433359792
143915820854
589305775257
846123432099
353676978416
43134245321
421463192272
510130748605
117108732595
613996815045
581255586185
112063086725
191962294609
250397607127
811080440622
91064467027
506250932676
382653057012
847991240535
476127544723
102174012625
620698884305
361440228023
394929935188
251191018885
436727890437
347164975747
640267147424
8348121471
598475093633
1017723856586
331841630946
665251569436
80225023822
145109607333
697714615656
144469975049
876707012175
188319642919
189672890432
138967688553
806689023599
169462260828
39728737403
121335859298
631056940244
308420526629
616086434889
544974773740
721385048592
106294320947
191430082332
158860878857
491425589850
457812246911
478119151495
839238559553
45729506924
239869312583
110289494099
387876868510
377526628942
52742955435
16747217212
484752915282
59530635538
623291971717
65574411362
767011519501
60432327249
98932218028
339169330879
587631222497
31757329410
568864341675
114114550021
217553000101
333317609565
697990498356
26858228486
784985882911
327260982111
121960012477
604052785608
284408260732
491685533461
251765539439
69867271097
387054759972
216794071164
274586454652
793238381642
99317412098
285079108428
56363634630
374308021204
376439712805
291610304378
57132148565
142646546499
626492884263
112936982051
412455325445
478164205177
385177575137
561429882945
58311340099
411941064192
1393214858
240114143799
110298029139
13625707180
215523087635
410858467414
349693805027
592525842910
354842306292
52015847194
431520478211
196355820294
356150967158
133618362827
241735316369
695917767062
80049033966
250069581708
445277778683
283751625816
786793904305
83913611872
789023714202
208621882914
471250434707
749541456224
99431050119
100803696349
724109950836
611422912240
178716517756
813364893879
176477771219
502959681185
147906456754
432567623802
100849425054
12398855360
877225228489
62353334763
596378891640
116286233392
605570292562
115439358074
3660459150
636409183829
569922095129
259721755548
142426034328
139811147346
601950497428
425521102007
179929386287
281004523689
11358989340
155025825466
309879535788
38208760745
731861653707
797930626649
314029275672
412153987708
85818517589
263128596601
23417216543
183583089843
377322097455
701446221122
452613119367
776800411537
112518121373
311240135203
546948357306
563315752408
937896723023
448671368838
120615892838
162413057293
705976737645
586437479236
124009069554
174693401841
566786434849
254148855215
39221674659
27679372710
425969001620
169509255177
22642986896
494876606762
608283174656
7219628119
403117588455
211300763358
223982847995
454754920931
905090998984
50087949679
273404734854
535742480191
260291288146
668758497918
328566659997
9150222587
504926988460
423793982860
732068302775
50196523931
79784892238
647408938825
36788918674
423844506063
58599288193
449226108071
39512571522
310099310475
877106820586
8434089638
412030862444
633108202717
419931215321
823966412395
802113666213
416056601853
402662476754
378797977100
143765721600
727862492217
612256201764
45692503596
181813503618
311656473873
16045499561
55785265433
264387273916
53306484959
791158067394
55982442517
139364813100
57724414477
79594049082
236607354177
423883921105
626203663566
309954164248
27315377457
130888534630
218846425454
26608928304
44838062352
952738513151
614851168661
46224565553
182884133854
49895307695
334626084417
256293367469
73574073045
263903211453
263919155082
110021943802
461083760110
254065873651
24622450712
274041660029
250654826927
885631766132
382868815120
229742503735
188622913112
703165609968
568484096151
621296538231
384655381571
749873724807
468924769334
689932045198
632625197918
91595374263
5295734909
382232013948
62843404919
818398072260
481937668255
722602515242
239276861018
240679038941
506572240191
197897030712
248292309305
644001940885
97438893505
549385619189
296628237115
257661143938
173076176603
265402326701
677174782808
477203426832
719221946182
242140552094
142157641090
38982527130
503731541552
300863877849
856484115267
30499478168
663751400110
212024487085
123253939354
677394964605
143563495298
624196155719
412354601
541751891719
344959618587
87655589999
7461291822
620041957854
592970809207
210184768912
319569912317
375855279765
165855127845
456478037283
302307505944
319800708931
270883059026
424394234432
172503176451
670231130731
134398560993
44875786014
890588263166
396179971744
51464715949
575396970109
460904972257
179235463487
971112622074
26539638938
160337781493
204843872072
233564217853
76415979646
388846621056
808062562317
153382162260
479959159429
149561159336
947179461041
577249847218
74948814986
212562877241
29448679535
650565330278
141452860201
204137262717
468167660797
304154816686
116318382411
228382060961
55330655780
555128115211
577400101395
485959912031
610534542987
389879330287
65736901631
95070814761
475183938720
131220585935
478495221732
278393841014
339809721738
664957552443
361676481850
147382509082
942851374217
106338306600
7853256305
120063911152
126605793379
506388950096
759219060022
218942863583
122635415943
135442408866
238048083448
291237836098
476409728716
614364828743
422135135434
70609986190
114036543632
325528203287
135957397498
104791061662
159486514765
195596508890
622443315818
174739512981
129732579199
491993702051
156031135605
588221410691
495367886552
798902232072
358215815369
348684624820
256466033788
214719367622
433606909436
137360381565
264267048630
349633706718
128428099888
316255369553
432738929511
999838373136
324123744598
444722516152
696249988288
188490645295
162841393335
632458862191
143780539657
122518282513
289411662934
425592061523
464850928145
506569183079
35104862790
614343598470
531083544917
42580080706
11533948471
598973773832
301469107374
787208837138
305668258417
361604019645
93631434042
73066919507
271379293994
88252132440
478222089421
197794210331
161282731543
236739781366
20845498351
196542321521
268114039759
536459586000
851274329670
117386974993
90286094850
49726002499
146746188123
640487980390
884746360077
58336555503
149666762715
352498123110
30573835718
337764836257
9088813982
20205863410
807278453112
147152869909
554784701899
3348502372
327537766207
692673519930
267706259258
102953911677
434959856351
29144251669
139625656271
152812331153
118888849321
153322744309
662906174723
661257985216
10723144960
720609079803
94061073907
29904944951
158486212985
83627205841
520180504919
65526343775
183900791084
395208443477
248790289138
134060117838
65605205026
668460933851
71971931661
351999276567
259424680667
674484033674
125092790204
361452531768
313945830813
464497518980
246401006907
399977259186
280787042965
413419836388
33908968155
322828559485
702585370224
284086842699
382627271579
284135909957
101107343783
444972538031
333402808560
176040582380
187219769222
638233511079
188551441560
435156995084
212212521129
694117024731
669123897006
576163607353
301118853180
418790230029
461542083191
325858669798
538057018647
55253835398
781900472497
354669443877
714633790367
480857102999
91937289438
433089564286
320275482173
416957298817
898941836306
180335179861
269507864560
168748266429
403466927300
2260693769
23010647555
712796598695
321802590883
640926338767
492086218177
97984338931
39330808057
645252489457
261437172472
157967291170
96389603187
636366220587
594798721494
190230485378
62145655772
676595866330
198911551317
438730412035
651791752568
276520609494
506135193009
2342106680
147428854016
527130266067
867184335403
315246469116
133854480409
364540807888
414660595546
105935098329
212372945699
105666923058
510086195371
480797489153
291205747784
140099828252
400874952675
593534920575
11621113092
10580134197
448589787355
51276992620
44675007607
204674766566
397937922099
304817023051
495259089735
263760761154
573144805218
152866044601
89492684327
135975476876
607076816668
522172683597
890098220477
995162464984
131273537642
619589978696
659662859500
147018506815
17159231118
476899295103
58309596306
166433575578
318437094627
161829672949
304870792863
348963490311
48888139480
120177455174
426414917796
151978721753
174336307315
326816000139
122385062981
273061233693
668459723033
377966478548
55940708226
504875967953
883210666428
127988939945
508025130835
661709800931
265258556670
304607731064
205397010695
944557070887
321180710677
873307814220
106282599743
565280499081
414737508184
230209921390
105330370434
89931553546
293904969706
39627287298
43638327942
70547261356
88721944603
318475454214
577462282027
685285262577
265238623447
20436323669
257472226739
751040109893
20715770616
117918239337
418795138046
516325021587
175504027054
676281793925
22047018231
70710296684
298173716594
21886235485
50815119038
227772525561
238755305323
20081822698
325857813053
44176676198
675296136465
892375181042
371786634307
322236423492
80872461329
865974776293
260426656667
338312379251
72626489860
355573406132
539295940055
169575385269
54748604199
577042857116
386151080634
277348838630
640953860406
11051398184
194079231597
249815482066
274170988998
346880649784
370996325159
113624585442
163504838559
718338175880
184411200673
28639113235
277239542865
438771395936
30459211051
170567044545
146930534641
490310153966
98446676365
112543254945
113863344509
34914741698
886528281219
17518400601
231478711934
97883762311
325769775952
262021192884
71469446517
252816074063
615280041735
103778109214
152066599445
641209980584
596901477754
302705049221
208759970039
125895302029
517292154663
21095859814
125836646908
538011292483
69718956958
133503304368
143303057603
763277973126
621445346647
222811229257
185824926351
146447890436
363120665779
713350508994
272042182608
198462454980
71483790008
142653257386
42092290195
76782594960
180828794352
108937752873
48932649751
74170904790
82638420086
376073909647
258618871815
267729768801
522027427965
123035055489
236889687321
29324272316
370888938061
579736356198
85866928781
630298202727
262073125427
794134314216
120406838926
525696965651
342432988672
766854798746
395938710299
178977159205
545423969381
36532150794
926760066718
634323862047
309602376498
125531110999
541494030530
319794362217
72695321758
228171639118
167478498348
77419598190
78691916911
64118292595
79171297855
459015221848
146105580997
31836581549
292677050385
341853287918
429060252046
263703146625
33461447267
237884876590
585017984987
336269896376
27552023855
148977485922
576446240951
350929845735
671190965569
380675273411
449118649838
268011213815
74861271942
51335267020
177628916319
356738091403
486101281556
809552841325
134825415256
872409316247
761608799603
199353134689
419424590407
41064408403
375796116995
88752449713
247927135944
698228115592
108269698919
100426199241
196626669928
823141921096
416395697868
26356186183
761670652068
370236713338
664925315647
414235671136
409910098643
106374335711
397275987776
56767979285
400291447010
274419033330
264726328947
333324138323
288923595524
3401451398
479563023593
437492581163
520610491003
632915911998
347316624678
359448013526
254174069248
464998289783
109886381633
520658243506
318259662521
20665309627
584969931160
103120792832
93653078011
576385659333
365129110365
234722903355
764904336733
312094474179
119363934368
310425026507
673831044829
353489209055
780327049755
524247981888
624539626049
36331766671
361784263895
427036106755
674095287140
14133092847
209870168095
87847444535
425803663829
342442485802
634925984077
429216442575
287366029263
367087675298
406827977120
355319033189
161685279940
300921130524
374559395978
300572652771
548002981257
16869490313
118101886449
121594107478
282721662530
150374267212
725647502462
114642862702
26078943037
299957519159
74167938982
135652432830
845931409363
94800138840
591734212045
10634133841
475407016980
54074767818
524466747483
564756364898
256626798874
412916542916
425930794799
536615688903
200225361994
427201996013
353394554094
455759902510
58569268783
281614103159
207570255414
112581011753
7824982260
337300246577
144273089349
100467208840
470870573392
194030351333
68518475152
789594708664
471418313791
261951178642
318045226268
34758378413
490197866128
350920809175
202887778059
261527260975
476231180746
452718301629
754511016383
67553152558
10851069617
397104300754
312935195939
239149479158
83219237236
222027893465
523072621130
640548199454
33657765981
394072663920
364379768857
396723346957
408024838301
54353679279
419961589056
101917866289
398192645656
595256965581
50113025138
259245178162
894375606103
247409768073
473846076326
662913612873
357034708170
234755276935
502473605792
522156070088
985966758244
591957919810
236867305559
109758707489
243558951489
668329729096
406803745514
166213611082
301243770770
176370183368
111134603534
615165386799
206019216913
72919425352
476749941631
425462077504
192602150260
1016581495408
315625581680
28021423459
348417655532
164676485190
205738700463
221615591868
626591202600
530287956585
120716082927
375785433646
15959170594
635653679953
243453252542
323672412604
256726319288
175849265484
346077126506
205947309832
47618195714
800211760905
20478906019
610703433597
589761444113
518951217297
275255101616
443208804702
116308252652
312583604429
219900569683
564077865501
53337515114
632898184639
297687444192
98953400627
408258283742
139865819643
606561487949
72236734542
35939964591
234678252265
37007901118
140888701489
298518279775
791243173670
54610904257
814497742918
177233463302
348630705317
800616571790
547721896383
82896737183
432319778401
150219758989
56614055746
88323295578
60290921084
493242963377
198495380273
230818903331
270293882180
394612991709
606540447027
548650517673
199159211606
70458828698
106663057774
290293673792
87391887165
279004806861
269774637279
31928725425
7352719396
66803666094
166710134846
242404104459
67962510016
656398724774
434987192798
47877331530
400605597821
725227282671
488184704272
722365335406
17128057248
427266924166
457346165644
596306006193
554819219697
22437509937
66146640980
187893784871
196977125071
131142078317
319411966917
45126620244
113798589729
58939038079
123333512698
54103681227
773001020656
695034208770
253750757373
656276214934
413620716835
698281922475
451613351395
115022710571
865753244631
195263781899
375927910802
60093311006
903026588419
283018850693
476012236749
154349561983
116703956585
217743290548
230583518577
299181594172
293597852856
630931411324
616260073578
166042423897
160821361448
666370277451
136653053308
68562284658
321426163249
59235754312
633508709431
45829907230
211733389131
346568651813
356162244744
416187081324
594888626872
292741055647
257151661841
204437049085
753240946532
16760443404
217584800378
643872244502
289540858613
422645242237
24405286898
66779562170
5422631661
241180843487
755018524766
267482791201
660803287708
5521892148
26423814808
360607910295
667019176617
226855995019
2387650280
160220795168
805898294975
482167095599
291783980555
724516688182
221620216786
134391126185
537862752628
579891788273
8757432670
687962463157
135147528650
318423071989
355877944237
74709892448
58089136587
253404977868
119277479455
457090917175
512767334680
421185168773
27989575203
65360994433
57152501750
702328314899
541474989112
404411828629
418575588638
783823388627
471245657992
26807265381
848042853725
148471496661
280302705857
243438567150
385705949908
32448402252
321271201504
352715781760
4167499317
523461480047
256558375547
103468841390
166509103053
750701068001
112948404043
570343264601
196821252969
546118937600
617895813531
435700709266
80009964700
136477094727
95329001134
270916893952
348372024269
103900218701
254362161907
72653437028
120121879431
268781103569
509244810005
111810998283
494836155549
435883947567
507829139072
243985730110
439205276643
308743101217
335435364697
297683685852
634198177634
706797394116
142978208186
778410777603
290681626651
222008474257
707236601512
28482949589
64587440197
365817807145
520995282275
42372321165
134895713115
7417697977
14840296148
703608905945
138180251797
33825283362
87996604465
639492913889
239751228104
448089044707
425694698308
158968382165
163313792708
48309328108
338293465196
508416027423
396377541729
458777254561
251915930308
377761818817
827989980267
699165131062
503048618227
677777378817
7965066637
161167207387
543602481263
203958252125
105131828715
274607041555
110784709549
547107450047
67364036074
406722247229
26068178707
24140969019
412076288204
98150733064
414518207021
493709072642
150821222042
449955374780
349426328473
332764157213
417467083282
64938204689
803082420877
386333007470
559106624469
588977945415
262073770370
41263488087
218937218590
308704706598
103368878045
459008134318
522974969213
487683611700
538992541065
313181082122
456699467438
173227068526
720795389379
294085851989
403590067627
748000007067
726144859424
53268514635
700777159763
438786979529
170236327534
613600743088
303140394340
45375516775
373352679567
116389804851
425161668772
266047260144
338862909922
291631979121
209373205638
91527210188
151454694963
99886537750
614461176752
215216444546
33931004548
107912998186
930337573939
409243413442
248747688201
165428488364
553317686519
290576047836
124213534264
225794215362
833120771232
222054100449
694576358776
23270724107
33434490932
546908110705
570593762201
624487722079
339556321783
517116043105
104572857838
127263078258
126444423266
124592268047
111894323395
631016857017
429397955194
222190394067
66322945392
57577810978
431034636860
187628245839
200583181025
760462782033
502181621122
148120665125
861145031999
609509060383
64256285865
112372610768
623540485223
46417836494
286118979923
258853324421
90614683653
556565791983
673188689584
183510544701
4545732008
37541764831
207376830183
681397350225
615336446850
266463731337
204275996320
273711403715
227962292311
205718559093
611964985630
745456359898
625747000539
315385194070
183120761115
31003408564
297543595482
613205649121
527228539244
11939295580
279015381759
83283188432
343731945006
147505957208
1484210579
144803599243
195480427410
241105514543
768174908417
735354724415
744265537222
315229886533
29036923096
776896577034
271766219936
516044529533
325823212269
113956432135
125261612996
576142713038
165740980789
186344302594
294666943143
218523722389
614997357177
531092719411
774417421532
56685180652
226178833320
369865117782
589795349095
927130870067
491649703186
24369862323
678255962553
173222328037
444987562479
194957803119
580636992805
308342900398
63614798990
44796053019
294845281754
131695098310
444292905403
408997520891
511371183938
406333459838
612877042780
231704192064
190482084947
202019732591
723247741259
34863632542
454783542407
666660479616
238482378389
411714165988
83014483795
202336556406
30706941786
322409459577
299500247629
80467551730
97299535850
408995729507
567134480829
543804806695
744691339863
560362763293
568946115461
107671268373
98780265756
136451912512
96780721058
337102897362
45760873169
123828338196
166944729528
679534257075
566409687691
150005673357
209005021492
299598340857
48822490076
171511400098
943947021796
333243064863
35848792730
25641629564
211321491766
508024373653
303291976105
562467877933
379224334224
627185493710
42541938096
378185452745
268916852055
499527051034
495018999439
243641044942
287864981204
140968478435
228551554928
543415636379
415671750035
462242971347
61645211588
158529173324
330735598938
180432952379
151652503089
424780920971
687893083199
526546961792
181292177703
236174446631
1631115282
346250029577
451825272101
219186407141
373964248008
98039790121
153935469387
761817214123
471464817972
28741903193
106875595102
741616092215
263252098446
10148533917
441777075376
316999109497
391144794146
35764016612
375422606129
5512507050
431606032969
418014906630
39331074955
314822713785
354325405038
576485774259
922525726477
260895420418
478268507487
44161016178
103313154474
205660507567
252765858529
550834500690
167320442721
235960639202
476493171314
122812821963
135412892974
149712748516
67118026772
438927013566
464439248377
153678087725
521338265929
302668383623
18634978508
114506959347
416959400650
312411686335
160850294086
473156601407
388894924416
183474279508
166929018447
155177708891
87714352079
733454000455
3613878505
3691690458
437956179644
20290220136
73092726346
234273312633
420667836749
362345092710
678057737880
4684537789
380837685791
412560865274
169034628872
535867322470
858732108896
503004399672
488561104971
465495384550
224785633927
199219827179
124673608601
523135029606
184805301191
254182425861
199222186909
639350896779
412227008113
934293069503
70249630515
538011442754
296654767664
737097685616
583270796988
95205058850
34562203699
32433648643
408315878448
588011766404
160930392474
276496117026
290504585780
545332872365
70296752004
197395121694
548506061640
770837532428
659364291500
388762404400
41110512198
453309710030
756676796728
529128447265
3967516605
343673905290
166061896858
575620296037
189408551058
190467913093
8962673547
52363448872
437542051755
656634228597
517310137739
462196373001
378291122942
65442274363
218695399529
292873139052
64231442418
135531750646
79769364433
123504931422
570641481504
562822529666
820226885824
190304487988
861890449279
540418524591
351003124746
634935969147
60500533806
4369015122
285101523381
555016319495
294509305123
37307191166
86630410914
151754486649
799254866702
595759068377
238967341161
327715031107
412525505313
251303160512
379121050096
23372508618
373920739419
250528152344
410492394914
169030527663
19130599778
319232037491
785229420795
215020492600
1682187572
426109087235
271593344647
680406656287
329449136500
85434377690
289331158763
68331608057
728227865265
377176265217
330090368910
78872791120
46378083589
745964924903
57992562924
43924734693
86802336876
423659193122
300534728275
474534766644
198939953942
790946059038
578698162237
17517469249
196007002312
527870364436
178426598226
58236183014
513655533271
555886651360
706734004018
54694955577
634940774416
60796757857
239585104956
882173722248
476563298064
