766500559759
589679140895
150395877755
294329889604
628195695376
763776164556
396441632021
598437520894
721697370214
459397382254
232016405279
192206885310
12390529166
200873400822
156230263624
98275717561
693936500127
775027204810
84021105735
378266972679
541370083633
53345910650
11219676574
49300456208
168655242630
520863851312
471396584667
166713977243
169779470508
769065959568
137833763482
288397262612
369656166007
103159319852
525632342484
108288382344
9391796508
228770375416
141845358452
75921012898
798682610138
314562542306
22218408935
645198156457
560748121972
283611944358
209006892010
242010396788
684853590040
6432510967
541069248855
299590475853
117145933338
28045964499
92305678503
412566312373
227149840600
375624332548
329809267030
50516682414
356110544384
317331684558
674163203125
431020134934
814920366700
49411438038
443696971654
417434272311
239255916369
46509530640
24865041125
419752692079
584952406445
611118416418
184438576945
20272028468
103288544433
386971288110
728513288478
531609859708
634153733333
577763005157
168582958990
418496284055
342666716925
97918842144
688255542806
135173162022
112532937512
308699050706
924973079716
643061029072
268731100423
427087702849
866926589052
19720100701
585878478793
410920475277
346206835416
591521341331
24791697550
423899191360
250960916548
242428899212
181138952502
549702322221
204585930516
602721571380
825702932451
402447263749
12870703411
449081762703
459654813718
977563928783
424940245005
195291301326
587007122788
78606207620
168735401339
292662653761
192205866904
590256375016
929248627968
325931040522
433400390949
69272863684
351921553366
298021504081
13503401412
483230480164
203706671295
66865649341
203820607765
247064662479
265822136439
264400266937
762864256811
533927242159
33698925987
579278282413
55136650009
62250374725
163842240673
249482364435
477754583408
88735160933
485196334371
181176398612
727703617156
874019639128
354733476207
98128064459
401175327111
79404597778
12217155165
796520880038
250030883014
427492048932
32878909161
476495609705
144185606620
734301732731
685584565180
367533274710
402979152905
258706768756
53843417773
289918665358
74916554691
107938555527
630764068405
271203629546
327746377765
506377688711
588738743938
562340771563
43123215259
707665024243
794598718973
158105804570
185706985432
748597524028
305736371063
132748105112
23831618695
759913182781
626507119608
318944011818
48378793287
572508410736
358018790844
340410752387
692239681891
33830537286
30561688228
238457549310
133003405853
377403833521
340057483803
635176662400
198941997648
451074564673
259572014252
277963816531
259766948117
121724962612
110788908387
27983096352
320127621839
590376284246
480279286454
344112325266
241157947275
475306327446
525733388521
669386477842
11596545192
86462055136
570159056020
34833613618
230860271264
581853577959
118129957515
623696736129
616850328558
315898499901
279889113690
814707983031
100130663242
364598109244
91797170516
36242985169
377516622357
205198794474
588183279022
93532916203
416250742834
139668968825
168719826746
209852313481
43811598406
770673064448
640611860942
165211596591
608464252900
192189575693
62658434680
683215785424
17317728793
547112598660
190907134126
448238004689
293770027458
359444072200
413214783327
410965896123
338260006750
416962747943
265467286756
98399184662
144604336897
177001027557
241557900740
132242649070
390200956186
8750988916
297212148587
146349543650
277201413602
348633443013
490616808075
41669039965
299348111523
121589571018
47236591216
557451922382
419580379664
293553261964
285095144550
66328869170
127438448360
234761263069
478916746319
756171039671
331335188608
219090510031
78567906171
221869341187
286207059798
538250480705
36109054414
440602253277
33897545276
169233376223
52151745790
556421125122
183182612466
283489022598
699951172756
512308577272
273751068465
445992544684
140296198605
206613676428
88147116599
60649142475
666860308071
484123429498
193252207060
528493696267
579961805215
165184442454
201164609463
395350318831
67855525244
103281826722
633950470651
118413458280
52725634877
151715894675
173105624591
127466236865
274061332585
619525868128
53215376657
403104965077
358921469143
490149249215
118119004552
361427838735
232333214470
83033387118
72106641964
426573354471
819543500770
321238220965
131398026722
163357625490
177082283384
429941081895
597084366877
759072135448
673124336116
869824570277
673452116525
445582538961
815127597256
370743793942
57357684258
611319359250
158256990619
153231700873
253300439058
25539113270
131954125328
589145938231
116447955883
728799521967
56772602493
289157513138
288531777725
411790150834
223119347989
158422268131
301524638979
474740599398
293771788365
33409801072
437433203366
13687022972
299190060465
283817699208
469900166902
194365609571
159678394839
968889636474
256416818638
482502564335
661744847627
772237370982
689321006245
168820570145
591093767045
469609337004
487763098099
566799651416
602845690839
306100363456
362792170125
204680841220
116985306099
895388349484
376835324442
686556308698
191965010486
24674839694
609672701136
312498840180
113384573830
305223791687
424395941374
15070762698
267029222875
386340497167
230053288501
82696257555
366140789678
57297218585
197092472993
192162246545
264886114133
531343163819
111833083764
528241075186
108574289014
262619356975
116348036445
182011357482
411678634101
90656776751
40958867818
35469429693
492330369857
262115240293
425301350874
253535797952
904861756872
264191639051
353863729207
131544842822
518831992591
44049158348
836751856457
229275587918
957677404850
227016485654
327292376578
575292684297
243940832850
58650138873
422940839544
404230757357
308990135982
109939158245
454800245433
16863784955
373886188285
14898686508
218899512075
636410068298
122134878729
483711974825
693186294482
319615017828
521321305263
342844970976
328541883738
77437848901
242994873568
236841622097
958192149759
231034350575
1513384114
236639985243
85986153228
734788905331
421041005265
868404748263
305864538662
61225884471
108971968376
244078787029
717928618930
759849287205
132071803060
88467131282
418618853151
420859934341
588031444494
122478316637
286935281427
336203193981
536233058273
535387519642
71881184107
207623801933
203595050557
9811765465
366768090944
70835744459
682193241906
570429711920
518632928030
149595302736
409152587516
13342568739
364993590719
423529767292
492072199907
189196376600
342673015374
432093921700
423540687136
225140705636
932999379670
109989984917
417438319416
270670370675
51552499206
554360749935
186546650980
76366423713
708821954473
63358154161
385114615299
449402256402
425817899125
160265457684
843300072630
731640277789
730276832317
231616150100
451162524186
333169735143
95066665276
180233256679
733800872949
257389485933
710474322301
26024657309
380905913235
243301966683
276590594510
387136651651
699901104644
404522984982
296095068102
413707811984
528889333772
78622892462
27078642654
562397050676
58490237521
57715559238
395718953970
225648646654
304760214908
241472295561
30468535317
39821454864
934798122784
318616188343
650307127709
214663925290
613202579426
573944385966
9074672954
105393838397
112835513824
615391337693
684547685116
186475822334
49207930702
213221204629
266551564111
701834867191
412374676338
716099409624
767150768644
2190960266
319388390790
4412697114
417674085921
331110662694
12106981369
288106441448
504575007776
352081945398
453702482909
381440651967
729925836523
828325423337
184127610022
299906410975
337668514296
456019749133
12156446590
291793001463
73100103601
119229724970
690755519899
812908170376
117311865522
42055621698
153402903959
238947201367
746644190209
314396261806
129210863248
736122409872
148128578369
830419999912
266140812266
308266381732
154254514562
193200969595
641856262598
47614148402
301959251446
329544016364
607845295895
139513935615
512308577272
242225283644
567429101826
690527684866
31422594279
566661270330
300032082751
470891675881
62080766248
299564055724
394993697288
145792859404
158619486896
355520659091
171211297639
574225024599
100112272490
377754183622
258106718826
96224907487
490839950557
104890727517
142513801945
465189986293
76777553445
476095752311
331243352395
806665319144
139415868652
395113152906
393485550774
502074870434
892056993815
18957228074
411821388326
334778540474
552126436576
718469838041
574309981332
471117239828
600051667736
127839414152
639913362384
129017554710
50428379004
617241346886
92874730830
427682098978
411368705301
252549874739
122920932921
35725189770
11532606555
245355419958
422762683750
230985196056
8394032933
118771932048
241817667275
1379719657
46476676815
176869022648
49373865336
678517778973
526694926912
22397028659
686220967611
267641308639
659025429627
407705443906
136756271930
247384106916
672897739264
4261481327
570681615898
889230701582
424627147642
705267863761
293103868440
198381771938
532440945546
627723324459
251194472056
323019136716
374677076112
231882550921
16994097691
577687250208
651306670585
334392903347
377627872987
108440147152
458998083328
116574720947
24638977335
79675490813
215328059427
751490008560
800859005259
14574701762
302790273436
604200896348
67491287487
389194384574
570014263770
299154517549
201729016733
205934265173
432745558208
413232556794
363861626390
242067203695
483763061177
270378514818
116680860475
272885255333
495202058416
98596491612
449701879538
134132092384
378777337499
410373022623
340877644033
221050949446
146789482314
38757964003
40295187655
541485272880
795272627712
178308955634
126027106487
375855588124
97197543758
409543820330
478852993141
142662413446
242620319994
203408514511
187347884454
8852955248
553965995060
998865248820
148605539994
24461524903
208988495282
112499586929
741153105316
264611785089
416973896213
398431314530
278377525641
577985380624
226028086135
928155940681
601178624038
2133001877
463110001533
867240514175
844987143345
178399770303
85994461422
483171407606
520073897943
513640121650
250188866376
700058624161
390105423387
793735684894
233771991561
364677788443
151695673702
27032667469
26153605281
572166612511
65040207094
356233577586
306506827761
64378138106
53529370669
140392424591
168053337304
440992679860
436535193732
437469090976
148890569641
161632973328
307025617552
663828176307
113922921666
681969803731
599201218016
735449556349
283704537390
744291787411
8404759616
842978469176
7675476281
375848286638
484233107044
342821645100
79984907983
135723917851
391196605600
439938726717
487941342285
291294084151
102165185403
62012943554
222448713944
523280837514
455422906360
199545636017
576141142220
816008407664
346444335623
69470987738
77949659325
35319590450
614647329372
74154555290
448260978808
585303669370
816410803184
183676182915
378448203928
205802141103
607076499641
532079375118
457711634427
680615819960
712076296632
322796269068
549624463372
71546544700
235263483634
59694221035
891863530330
571302330850
821920299688
136173251847
659132417328
169430864734
424372489506
731087346528
88315214904
743316695754
318694818797
399940297427
132969490256
311763053232
442396264080
174866779595
817782283492
266249857048
351871067594
648815797669
90949756767
130074180340
330823859225
229464651496
178147268232
949951533678
119480146747
546653625587
257037197307
194146487980
168263184109
521169778091
265726577423
423730081122
732216230529
294764720640
749424050239
406316935881
811252782993
20197724265
24565514747
770596450894
165688809529
472877822237
178493189508
538819643162
746590689039
361411461998
846546407297
261889914240
260580103886
234242102744
47912826926
199920614797
561915835203
440274779414
332894055062
44620101340
715469557644
458012233835
581046981363
369646833404
325041091146
390083770918
265178212804
17513500859
58528860866
797611280568
792885776329
107311713656
128472955825
834761285736
10378926131
177166473866
55059756296
785363108687
181424416651
4355810664
486516153431
907078618916
84188570199
522657531126
189794093667
88133951718
306853050454
145585669121
50827309581
84103508318
119831965945
218461818895
271486702834
196320609069
268950930182
402298447550
142554678111
454749839755
172689143053
736172761978
793963323635
31154349763
54365741758
307733195127
129936606305
257339886091
170451471096
548294990133
52994274198
308507095233
430428252637
312729692004
62820077694
308572618114
522980626492
528707192412
9796091656
326408258366
275123050690
194913116753
450426912088
34002287064
40030145669
253117674455
742566589030
174550049169
259692382728
467330147890
615633271
502581679878
570154204859
423063764475
350094567697
43331716146
51203146529
129191064870
320709045447
21298603707
103962792925
167894526571
265508927958
39621592365
22121202225
26079511038
243242732892
168690918093
5797421011
698237718142
551888037678
398226051462
492992218228
410839333022
159912312319
302614957176
143658437987
451478811579
204478079599
320898564281
128473224428
586228768913
129370928279
438335531974
545823915475
724269133378
123429602878
450290520123
327360224136
191341447061
484830367107
114529359964
140839645781
58673339023
690172798669
628185763721
202135286300
191697716980
625178045357
200612887354
503722747476
649306490728
13074527521
177221120840
573138837619
587418166788
940516566854
10444602717
242106445168
320783874987
100038081419
729746844225
75647529601
143062405756
25538303173
699315269526
653190390584
213748364869
40919064452
630464146693
279446408290
366098799764
158075843793
460232975391
251597718785
751601350849
21180410487
34421417055
98725434604
116287032930
726720765209
762032210273
202257227246
101553530138
274882048632
846889558749
535742493431
112683087389
465951158463
558674229358
223067629627
73076321904
442321445784
355302652594
401945641778
564905202200
207179749792
175134314194
46401473480
176340952092
384838388526
380189054674
155683335783
61363856280
210247613562
295487246971
278211889316
548968609335
15969052950
697543927891
873810553680
450928763275
552918361155
644605309170
278166856266
408667691469
503723305915
347537029085
308645583118
343713328640
736227831073
348438475256
445830662790
162202062924
124876559093
215279856981
653681848544
17670980702
392979374613
222447078740
957509901669
227777251222
658118991633
252123086364
534943197735
558988640630
38042568780
248765730025
118434497392
214801897170
151885633357
21688647212
220725839171
441680460059
611464058563
491006343299
110982097594
775913156078
447970035172
787511746707
168778356445
15548062052
148117577219
457162899892
1899943220
519362872928
389934687604
417279947532
329023740064
359934843239
254659942158
643347604543
24060591723
6360512997
394924441282
201099469334
269579927328
293834645514
213799736656
521211790570
512107596375
414770050444
86420442457
406026103155
755843424709
611752564341
404325736823
196050725943
221059121346
358735663194
78478938020
629184853125
437413827723
1663746998
345768533800
615998166291
56635033100
755576651530
138167509901
495390163953
224991611879
108992727017
522744244996
135779863619
50300805501
220134658427
269676411905
653107363967
13217845561
364713233856
58481507363
692585311109
473699848254
355915370014
49190545469
122111426427
570066051650
245332404441
165476599466
481375286169
509469462004
611321784539
506968582405
73968939423
40903694516
372488355108
120313013935
140826701105
771435518833
83246496007
281304810992
249234188913
19634983841
310128682520
32638040421
8572636493
734094018156
122915050513
612151580203
670451834668
470600778246
206390860938
338145508911
15568556351
56414530746
47285749566
513773137626
132053732649
777102183682
99775511082
395590933004
756080979204
197275693579
214871939545
27102833525
455748317109
178660882256
737107070516
127759266205
408539637143
758070483564
258471768922
499625568845
145255255457
289868717664
396566961294
101781521523
460047371754
436710285790
911449545863
477439290754
255336434009
132240476818
560034714541
845634604237
462225415827
570906148889
679414317949
221210628953
734861046073
102570619581
248006030935
32752737268
591656267420
311899123754
133247635191
27217269580
45962630498
161256031240
89295331449
439648045257
834979021534
569124045046
338224345517
858757801190
58660036098
538386824298
145058717021
87551800962
274883639022
269065503630
858296594936
405520278030
742052257758
145806543350
371934593058
862945314057
699718501582
188152845723
157317100576
460101123643
24055564091
346946345592
235025735220
7357391423
169301072566
634102353997
833434657113
442081547190
130047279028
47351608626
651272079815
539015662692
476001730298
453587115285
67748103263
786053561266
221410174200
485368639301
22695154712
514322073251
97800856368
19326732931
30004945198
459051756157
582732734529
165897268002
188688251312
219505102098
77188780888
706370947606
334953776120
176357992399
373370293641
183401389241
244363064101
310783227991
686681902309
119329597373
147636734451
100352083052
204968423622
22170701649
522358868294
231300969710
418945225209
436400317800
85133366706
220390952412
80143366345
531581207816
558241952041
138173964155
43470075002
429584209483
254735211206
649478040024
30485584098
570357902974
2378253736
29995704803
70880255664
97993623392
604229041841
367433654605
148311659894
36924864717
641448502960
471201596553
469173639761
229118901037
99502740900
23423557719
146286696984
127429186727
893048821775
188373484204
164554994783
477984047611
534547337498
680515046380
435680257371
294782340491
548487442634
957251040033
507717772403
605542420240
538658403983
789389235728
452049025133
398632187844
186658325935
561086605030
159474395661
567891365930
244641065510
25251440707
215766431915
563350039650
28585716804
865581834100
1494508301
150250113346
146700217642
92852641689
133782434465
74281577643
783171276877
178510000824
975003609020
443884244490
48452101262
702726621025
496088347204
216849816606
434820779093
586904585969
23746405012
254577165787
711683925140
374390570932
318015888454
500366491386
184426334750
137200737083
501208651809
492827287407
370046178893
632535819825
128319313027
271137474093
306666238880
34380771560
12642183314
273526612725
142913521830
263870802806
396608403135
330157286499
16539891138
614061113184
296373533926
735013908296
289954362010
199494140240
26496947644
348152960376
116510153973
773254127927
460259878406
7279791171
19009968755
659095990644
157790331211
535820091545
334596610900
790668545022
410871864673
458766796998
70530019306
304121469735
81994836696
878012638236
626191358734
140335498147
533396597343
83094934850
170604690711
168909312818
640910655240
617487068381
2529721840
144482002373
593699661331
506564849193
384931215171
379407428696
167490146494
23776975613
183093907770
238855050047
284396175357
112378573080
304479942299
815475753604
386561047211
845474086017
662731994913
661744847627
554546561538
180646284524
34837706926
222758618542
94367009261
338471593882
260447582160
88402231003
201080273544
366416737357
15540727129
458461876554
237620484249
129083696569
437720939188
455662475129
131059909275
465809571710
246329643388
63217276612
615544342545
779678510087
109514201030
286128164755
436313811914
292377662241
410506382466
515906117391
417735895221
30718608451
476061950767
83612771513
142121558709
406066408993
353871382389
633344053693
293646197934
484413157196
615705135711
170423738214
370377741811
664828526315
74918786197
725370181137
125199893595
312448485476
24419801347
650499040101
290634687058
365564520680
652931123217
748906876191
742213676776
95598762829
217626979134
639425409588
299486026488
359096503812
627374331911
119127757276
797645817541
266350480666
683371362686
168813292820
353002306222
117720841033
919150237702
399122360149
44383100918
579279639764
515339275449
42900802732
14761928152
582326715219
465695988006
550149681058
66571234502
816415757288
271550687880
19230639600
403199099919
241913785361
150232897993
294214285434
169798741086
145971767660
34291656574
174187787944
41637558140
780761676393
142615323434
285624842158
346497759069
4453952461
377815567897
10143613960
47047424367
219347024008
236956958325
531659934717
215710806398
127604575016
49888754229
595189731208
300004583263
508064527035
291740951288
125723390358
168007544175
133059064713
587408311581
364796347202
261874539088
162798149327
826658863097
593387327539
202101182636
5366187895
211038501498
88671565864
298013336137
13336348108
137552445281
535264329977
312563066492
86391472998
257407791989
330336860558
155332580850
142562038739
299710785966
481677448109
778661365524
373559664647
306573607410
333837557678
213482338303
41122187014
446463134084
367862071749
128558740315
165979605184
782036701982
534525153562
847445106053
324866330784
361635104722
284843148803
119555838857
357187673720
125327665183
406013698133
416210642290
82227401504
12215667555
386425746666
690485291932
103535113501
599386526549
573188524212
627383712181
652420304634
241832044504
24491804026
370991730246
136472569859
740533252862
147873590755
582785284729
595283003639
272461294154
22718644622
375685488080
288973479328
131365194795
75260781533
674059070166
6378866146
954156551748
208442024108
44940808179
401564620640
296975974622
864913541636
245200762054
238448291377
573432560822
603906205842
276759959562
423025666584
15491161475
82181285562
748996999591
34768940
112149606451
53076578578
820909443268
331042256543
126407508926
38095879872
149491335120
270600421795
676813867661
105271603678
82080033350
14277257328
322947228336
486962508772
226876404340
746717499306
432376824476
301067129422
45009662157
277365346796
346741674018
140342196304
297153379863
32071407051
179867141844
156127723094
556182250122
36492647862
510720896344
664543763109
306579163038
696824416699
342795624112
536467689090
561860526184
427198447591
307907427015
290251163291
805441736497
6199739739
350454360683
34469799914
42126739612
885906412234
3616852832
515699441847
657636567219
319118147792
137203510374
57555097710
409018858408
350963229400
496840777782
455405726575
204285158030
421719072368
642913225499
544264253955
865244883582
163773814897
824248614027
298522119774
67371318642
725975537906
641520984687
384061316773
348706775996
734022025773
339968365764
5617400446
209105804902
108811789179
153867054994
414883617637
575609271234
41328648946
12151818726
311350476756
456945067898
414303490553
90764361382
229871006006
450662699886
148739416258
559226843089
290856612384
634079777360
372979448178
607942282787
65163678340
704439138362
626630699339
229514587311
176686341020
52314936314
17109841035
182800796507
459315115596
648051444437
612065022919
207269597339
13540574370
189611822633
447568674906
573617280741
578259033356
944403449046
768439149241
147590986829
54768572319
170647098327
133824556802
553920808170
107841317995
186976283020
22045816765
92833762057
396461071490
157323638661
85146352201
443232829287
516111951377
24058138142
822092861568
610682214898
595224271694
122989311631
247209506797
38932215410
14527759606
748631715159
378519113371
160434987085
870137789348
573934160379
291944064874
436659240409
487143232163
131895844861
121923484005
711337133823
485411629433
312834041093
623055590179
110172303628
231152869093
147978406454
447114436698
47766236019
93692555546
139726842822
62599798848
282126953292
287099427654
166793504249
644088253512
524350270549
213569076812
240165801878
14165761091
613355249420
787016202264
287831215043
71805939551
58222865421
382679293900
232690779040
227769415575
223263631003
645240483833
391088722814
491240852468
313812360484
583135356495
768385535711
451331581065
322685453156
603450194642
431832808540
514411848549
310879176371
227662778673
844178110133
9621865131
492256624159
34183537970
544867327061
607030530295
761683796138
447508037401
288756733410
248675526248
421186120941
232444172219
20030420340
147384943390
66793728912
59688576389
71027375621
733394869380
1688948440
580264849031
507333653319
33049181775
261489095132
373190150012
308784252835
203610292847
754836356115
273033321065
197819623423
130384482793
396996527786
342652487195
2410566322
42057101442
43495476947
563837809104
82820623186
334639520045
139472812113
539986470590
246401459042
1641058353
425007889352
221509643700
173981736819
137737906753
435032188581
140557525582
106025519054
32607150732
17744596916
288428899071
58958824275
265679999782
468159749158
429979312921
73062663535
303598316981
334722323536
176961544467
674108700091
376349722659
334476640244
351719617705
173596780610
57850888786
790060499873
32997029065
428641412905
34659374424
871348095292
100211149767
345544255127
69115127576
310425301285
841495932706
323753881449
213694935309
40612547177
246192520370
82557968555
44776517351
100694788927
141593132765
202229536111
585324070680
48954948880
706988884014
354729462746
15329192435
48680184488
308898550120
181504123819
754826457200
35048468219
443096405149
54489341936
13041680926
628408421895
460035564941
289965477382
642553788005
718168634630
546868064055
316449995623
86644351289
39300124702
47786806608
478259998496
335212295274
853958908269
599090756467
496604956055
185497742526
207041101450
75582466204
459516399017
382498133164
110210101769
41833657640
258095232292
808709826958
4904945703
184161843978
710111084080
287165310345
252654147274
70567221797
406039550364
524869298033
9042648620
299079638729
714772146508
345043835493
156872260872
354968910325
390348485265
253511953832
490415712826
320209100735
488836341187
114112518574
182845000406
58305761853
677019122061
684283687204
166747975604
419732953614
45291961221
77309233195
110704049881
634964992984
197834317470
54843183270
531060660107
866531375366
636049061110
250888020472
232978453105
444912643641
163783732218
