869009866222
796058030613
64004875968
365293671378
60668901837
769217825564
445399028935
150680900802
227157679155
64360178976
684185381404
259795137084
24454606503
215970172749
489063128868
52885676013
20554646079
882995288068
139119139694
24746656174
56976500940
691474317781
239170796505
756632924946
54589330012
392527284513
98352938245
91475373524
24842428855
216896404015
234160553582
56310609750
293824971702
112151486134
852605567068
126227035936
533264154806
433398540110
342506050733
293842692731
589831090731
867463563441
143701422976
633719647795
217527703442
302108849999
464260312082
60593614484
134900665526
220792693529
620823355747
444982183354
206207708851
14215822490
207056676699
268489178857
247634896255
18286525700
273981496086
115884287647
126001177749
513381133236
49346703235
95998055514
478182293254
297855492952
563008486950
394575067534
147476149334
439706083949
723088397897
97622999173
581460323954
561260253867
167814534084
409371435238
221941383693
29893743526
240346339778
277654071610
567046299
221136382153
351594562451
334556169229
489252571309
195270628868
452811394294
288540947671
251248577056
613189226219
633653736358
288998641504
414251709014
779546427607
428745859610
392509636979
264825422755
170175000971
649679267180
402572032563
88030627221
18369157770
178293377950
330684706546
776276986808
159644983437
382964129864
408031689259
83013590548
413054391536
547209995337
431458960563
467069513308
592982663171
758306728518
488445043106
784303043856
231004519092
111491645377
348938529763
281071795515
263276717180
680466072260
743787407098
277712120454
403688321652
344139573461
16090407164
843683702255
264884276745
453840814284
5241192924
3993093155
728981209826
334253217171
99182758277
351900239712
124565111627
177320230698
179017640307
75272617926
84051719754
376925452253
185903202250
569702823573
458298311867
4311665545
455269179621
615433109092
452861336932
45923702613
88662348265
31531848187
632855126908
106873823798
97325093887
880111191402
567104900966
451727012749
573619395588
410125112053
150795904056
508986093829
498653105801
75919405506
435550797375
570002830027
251796587527
82386616168
505558828631
612494635277
365160850046
751717973266
73377463952
398489357786
435899928720
415336939792
78847947322
733451546096
418010147752
542447204294
176585073415
156550959735
44195789602
101326207096
38845847819
57602664642
171444888664
649283469515
130709728232
266401552216
737526389446
565499721791
763613481010
590651241550
316174338764
107760340250
855456144797
266249789350
431227261755
42683552245
403344635309
103195202557
160531688685
2290086931
1600504674
532315115093
656733756030
207126655
575120853821
810145638498
19795554820
608950569124
141652359935
674205513069
700378297812
851934685498
665828177460
258814996509
767547453956
498931053702
509784005818
184053309362
20683888223
690300254338
274439080722
744297343988
559531449809
335911948634
358590441574
2124733956
286720951020
180296268251
244983793412
677105500315
208883010894
513880923072
116604830337
265390555724
354776330905
13683082402
200018587010
157377196152
999472978673
606189383222
608994258350
293318121013
492069529532
309924528228
91526599894
148117976768
273552251628
436950223303
78559356626
927415555980
712133954392
45155033340
22022586047
18342641741
212653620129
68503238827
77888707915
548896693752
163733519463
345091844608
639865551792
57433297222
899846110520
163413063089
152824860481
14695660390
531555749174
85012402897
410358957087
737933666838
470539680469
541494568192
596397313104
193503541293
375077855082
291744782805
146117936754
561103933366
198299501668
15614915469
483009854960
630635512784
176378161731
238079257747
564067816547
311369509574
213142751636
260982315194
936795248386
337682726103
461616450239
346464641016
323485775183
514301371805
805368544549
246178810010
574750241600
784994970434
268013966664
96122471189
649053362668
778552423120
277076807191
524745453412
346503125280
36373295380
34831799926
6990368416
17171822556
472166007751
54935583059
233363664715
94268905965
246814530696
58940739859
577102310534
655170967659
508674034801
347589851099
70633604597
84750431968
211563516770
656308886678
60996113841
184455369276
531107721161
44634198278
110735355782
486550848617
944385706471
128142597538
229922817800
719769686386
117903431855
214849563623
814852242300
108824091572
61395392474
835628118834
574314854042
884437486724
817934088354
797018067950
936631464152
261410463551
324907964947
358144825364
132247483557
116422453203
145457294683
835494738691
690059772912
359846810599
129589357355
568060226910
656715368922
618495410143
106197209678
649747560583
14858712987
303136455502
402366086026
453415197675
435512524217
325530563945
591340866609
486499019875
723864807378
100748188510
922081566510
469263904594
209988168712
160342325751
109299383860
75307526892
20699783591
659115838631
110239801944
13880576235
202956775589
303619365668
74193043557
708954597287
137449437761
341227336224
53204516779
460344218830
825685470946
451654187315
645499540963
289758225988
311072536128
714526639902
310166462556
38609817868
444688197837
362380557972
166735798940
24474112458
426299910430
48412944426
707541214037
99073040953
45095826862
336433039219
82678302236
362293703632
619897183080
129004413926
170632829372
63544308413
251045977138
225845628189
531461707935
218860343785
156583406314
657931663002
34495239311
42515382564
665980573865
82428894866
646536778917
504053645676
280773995137
365921459120
381544454202
30148179545
592785670962
78772969749
226494180995
419350566036
22251337287
378115118751
129919346382
25636907613
601205976537
301048909451
279542836078
44407946186
812178559427
389909226346
3881342789
417960488042
899826182738
115244908533
305996640704
97439166458
657382502121
69100456219
27591279858
239644797759
457674019947
221124458513
275672013975
372693092176
168306050639
152171753771
185112343218
790050746773
305898485485
422986541110
103379370528
538238645045
24707712773
195723432184
810769344510
487574322539
301765818402
196329460482
286359233316
77922842865
154091786253
556725035170
19884343533
423937820444
804562401651
547255703320
690753266993
703063365663
106495705506
79770645817
117375680538
439934164979
331796945652
271135919242
583911796947
109769639984
583943391692
203863681740
296493722173
694690100382
598263924542
112336680319
337377290369
903706188759
123293343483
169824464633
179507612008
437555482240
36111791429
324288103368
132260210549
366144113872
58877196879
187271436969
520765896150
176754984639
838990375748
62548492884
549642047480
519433277566
354757516588
563200882668
321180046072
366022891837
6365389313
204022072963
757934568773
5148209841
150569304045
123429108864
163788070806
799879219532
535881927493
165401465256
442865359138
152614306586
29986573025
403573660108
357389536546
804562401651
119587906247
241884144211
46788049446
381795692546
390629779143
11916568985
221551737417
430273819946
87292580604
66504749725
7014608675
267830250341
76376693391
566860845557
605779499423
409039975539
59252832244
346577609826
647556693184
333351120394
655955754009
673760642860
143659823265
403356102590
516804086090
262579636642
514503438400
115762076296
189033791450
138255516463
701454843182
175813690307
273391893057
10665403672
118548978565
326285062759
471923236062
703721757193
880576669918
745680741960
458256010408
635572614935
252089869415
28853639154
736479564350
153639165594
37094605390
53853355177
208249833918
336606675552
178508774656
416691396774
17984435431
61254777005
176772825110
130417481616
233823737171
201574034826
769881292428
419711885292
231943618780
124675565324
372958186250
633957603348
185575263262
640797191569
602940963498
313171836811
789592694358
357459060119
368838539238
28821085142
420214694504
229571603589
432478504853
827679713482
185874435427
204326639143
440181422342
199959343316
92463281723
874085561454
780321413461
732535283170
595740881308
521227337451
762031649047
164248014086
12837500685
118616514289
782875028070
203436031832
597273978268
444980922259
824555641104
21659489527
665420660690
9823124650
207028365472
282147610949
20713424083
256981151194
8256040848
181684001440
184750880164
541931029118
196265441272
822610172428
412232917298
447346170374
135786335668
787861116965
23884226753
447578590476
122338653830
178142965582
155683686427
278025214489
137538774655
36263350400
302922125248
602324588793
238136326332
67218423745
367625792970
123770240103
39195893024
714219608395
343386452765
445948227804
109267543148
607602940793
473847187436
246509650321
422668841425
817444662541
329302770267
572768792198
532106685449
669217034023
303422159978
952809000018
521696513507
726763304274
199437032061
823545089622
233806562487
31090333972
161350275049
469195109295
611316770819
59579266087
505008830783
146991914163
578885525267
3755121122
81240639716
294875368239
5089679087
66654166055
9382015848
695427516973
886756552304
24466090538
539059288824
677262979720
185256002167
638916038918
48789193292
52373872274
427501996772
561967757496
613794088455
396615510437
376504131796
811926388279
364073307058
274417527581
270072642812
702779692737
193477938100
484180171045
79831032009
26779757511
225049389066
198784917245
15448758653
307032712091
864379254568
622547378138
589948754540
54743486403
337654890291
213244352660
99711104595
452265062720
477048699550
277934611098
793555243600
62658489666
404169529608
571029190800
137032013204
121562102742
56376664579
179849823358
105244129536
506245349237
30843246721
275618752232
234625278173
78685150248
552419478669
178551494111
712650196877
229916782071
247683436971
504324261636
253484764470
233861200393
140611958844
67100968308
323485728494
461071613310
31673677106
262183752209
197042912100
403168233682
62368901733
421588544086
639503136734
421080951380
452905582900
45602287105
76173715159
654987782422
28064408173
71953117728
105441705198
867167392876
621454078571
308558275930
757907958810
132342029077
12976621501
245298480940
191656083234
858421071102
109658316605
727742534942
629875341355
403421066706
207692793764
965572000558
39300469619
224888731459
689900223036
453502337991
292653006412
874007004685
132902717275
567535013952
621832556392
424602671684
95025689842
46759112559
642755347824
102104462799
358399057186
329104653889
660367355414
65404155718
225121222724
8680564719
518355082228
61209406932
552162471528
986636142204
468546152452
373333149974
696932380712
446015635068
446179876609
519170784772
170049518298
801898218657
613609232064
50598745282
246684266652
119058428886
263597944802
54237073513
460721586475
157242594323
459355693966
113014001742
121679872257
469909984352
196738279633
128914225949
321822583294
81056302354
589939488046
518874237870
20535023790
139824359874
205094650646
865032954837
294059503818
52079957969
370834491976
391655619379
306627041236
177774653666
2884285620
28648831285
741831236001
300261466352
542892766740
500755570603
461996564278
772147640230
141131606177
687698782376
132868058888
552162471528
439329584929
265029184762
413766850125
50582814564
184258209923
76196077174
518476923180
865710283766
239849068577
473619706555
81088612532
303912474825
72291210557
383263940599
330284228514
235024572804
561273245098
286717282305
498764546777
9974277047
797241637300
856279778504
528013854637
557806897768
497278873556
109798666493
412032593470
685283212101
450000930765
355391292134
115812967641
434330561157
115271370009
532595759874
24719684408
58013602874
602009780258
195792506814
617689009267
734679073824
476679941971
976603093152
711159743390
53314839287
428732392987
212236211231
281643793578
440421501305
357364706289
752465866739
72701330924
591929659982
874827368519
98785373471
476030329499
266141286642
475929030633
41048811381
306883748270
682323242856
144705591872
44237570244
809863471940
622674664367
215593892653
258307661053
291886792858
832309884716
76952440662
480662600936
457601434630
174045196902
121077619126
767892677884
221839709347
509705431233
512833127542
734497838182
252652937743
124117382723
139250081210
703959852845
95944754240
138138681845
616530206223
121136601198
696193310765
255084431810
515606259954
238107825035
221698433361
408823817788
1245352452
492308892689
79727849707
142335395808
500330159064
334163864659
121262785370
464946484404
566444084957
141024005819
568400989185
765820690643
553296587563
36646191537
240782390605
34964908310
730297022260
332061095918
829953127444
309791495494
458178815688
158995131506
304049320468
403241397905
33868144769
74466761561
762057384600
288285655034
581824065704
353141219296
976817497827
848098421308
641456374917
572602742094
426683633569
324148033247
730658021530
535607335281
468764183405
75618185266
377808132126
343929715560
724269166274
464377998102
357445411705
12882401329
228202865245
860727112626
240139075359
99494850864
903771755052
696650576516
158406117960
717963237532
363626267756
458561217492
732711988112
258626772890
604520812711
276192496803
432828605777
63559240447
409608523432
713613985324
287442480928
192189930864
168735311583
716265971979
760875046075
53103826132
103444010042
601100165636
340312748660
912485228932
280430330482
458053238902
233458615710
74465745668
418142743235
124398120010
464188536547
151122662747
338017778342
451862940833
15778232738
384180068224
212598040649
249470036426
504955982378
102519446288
531580667574
274633729680
84705818110
138593954694
273575706704
306388114412
394650708648
59756317247
205577447112
130640467892
37036052161
399285032474
61624683993
97170033498
17377226634
561690816805
499771439619
182049829488
130075310474
228646382951
607954221592
33075379465
65389271682
59489731710
305673784814
645351301326
223495941615
81077708764
419589711270
789507769517
278189285507
444264901634
599588960086
441330921495
56978838450
136135939959
69415210970
8215399920
714664026001
267223963118
812333192136
442135895727
75001151519
445369159897
77862407902
325176087717
32076466686
183306411348
190369107773
309409407062
171041063020
53181134617
331834205420
103669638814
299989981521
62744345365
67858006343
42559558282
505542661446
767557151520
112614750256
907334297430
26800619551
265658842221
60896682960
250774531142
73493165946
122514455541
8042422437
611932640212
122514455541
93067403441
148510572550
261459463308
46541316779
499914729605
455102559729
831020363522
106368344083
551272131719
531475320115
608543220996
495464854730
438745619205
395187990219
81634503152
155631742981
428389908050
714979783643
100438787412
211491991116
22314807962
620868199284
313095886561
276757093112
79362186782
23430323255
197817675452
187924589884
612720118654
136551506136
291898982452
304191380929
188646199628
285782576362
505874233343
250866286155
39530386704
70292326555
170666672415
335979140018
450930783119
302824247266
314691326922
111210621748
127706981950
753757331744
950272775582
309152557396
123444474376
470794056775
261061908062
172415147738
230776113620
642697288874
700715837780
77671045473
125156254156
167557031202
27141240083
406811093730
496483487352
769070478964
148948756721
142780178610
675592767361
734874886228
385212849074
328575469309
727991757730
255666276224
219932078522
869576826175
684789356600
132079664013
297135334447
141265764580
405932084609
8368756319
530544890991
367739663066
142384698798
300280238614
210402187854
631296260738
150755274837
251918418156
824068280216
415093876383
360706030762
346160946695
319018561208
279719123064
11526154902
532749954516
739758572624
136855259318
422149895446
941105738972
22478296001
851853372024
241069757434
205304051314
59675502572
314698148351
643324203906
891085639198
233990685655
467203413918
656854817865
880325544734
36054234211
857246377068
314524893153
413765577488
276014676498
949855698692
258927584303
717408231668
139769106115
228850544369
543851952863
121626566749
212886550711
166814471002
571836266330
289697391729
248266580844
20286878856
464621791197
40616392659
358418644909
1697598940
104365533849
37329628178
618172065469
41131168256
141083538104
151824530769
13995094357
499145617284
14661462723
257528215154
663609369544
232699045006
61452448860
121229488312
709484301618
318452221600
222980861720
469363584296
135237293685
134736492234
125567471173
11342890353
103212579919
213081508150
754351736324
684174152216
826660365338
109190111452
250105135197
574794667610
216926318386
557125004836
78370745716
396350987959
55750190101
105341862356
115263304503
90866035989
573682359648
29262476705
402760003300
309325699273
431128361155
437564909824
563021702782
825877518310
250350155498
323134222673
501825050295
509260019995
300521216616
632072177404
241568707456
591016319688
507173654629
519423601004
756284223544
471862702896
186815649985
589687605179
674752997563
426188933915
125632989945
458348940790
384093586942
743659942994
292002453042
206662082086
449992865
280143551217
134459819936
191495016120
499729019588
157703853933
196985834528
289059878786
604922765175
551941027866
778354607908
53051432843
648953309486
850542748130
329635637310
344004019648
232775092591
119446077079
455782217638
84584433644
819096779768
520720464965
18183179197
154950596759
202126087689
137401405162
78254142785
262074475541
161860860897
120454954577
259034037450
23269081625
182470011108
717249933566
126448357275
111055752827
107193357270
255591269705
562803693874
63888837060
268673353666
100969125506
784526386202
414462281936
450695546033
29317103335
186192454374
596642669178
443648336899
433456411064
587778993847
441859939950
311575288965
181512251106
963315280178
180293783962
438131855937
128142597538
58981024319
303661670103
440589478607
90610666046
718871037102
368522541266
506207055334
237307152339
14646361814
481270898908
490702153508
406364492446
106683144642
155409390853
44733544769
258868771914
78443394563
211391314648
88015248701
83800649248
168641507423
191447904011
517593865923
87359896597
276726048255
285517101769
823566696053
338535727690
378042213990
271275208032
605718238252
228198236200
311903782611
156570245940
802883195121
888472055004
791584833470
320225694825
30934029942
114284160619
18474267417
575738956180
630350750713
639952703637
183570095643
99504718767
75744451583
423177739262
884705903725
107954089277
340754350616
765259496460
350524323481
77550844054
733714751262
52891807018
63668736352
485593451923
9956846168
392851518886
126785826414
156605789605
83699459314
213787224733
743266352072
392798880785
178865241819
331504544991
526349739134
565441817482
10186371443
326800967139
223823494000
389195088540
461279335639
375187511807
343313012721
44150427624
4598473069
81409525454
505182535156
584377491783
196896114580
709119726708
658037647860
371928531283
488729181616
690569401722
434095572088
584709200460
296045329474
641635198516
652316933096
100745755995
122750636643
479988885548
365014696932
108082563586
476825682567
43492597822
599684292242
436587318737
139080602061
368116837024
706585135379
39336350645
377055216762
991034172251
626208237348
129108040619
522041301262
167185653044
448417430586
156381681479
110866363995
120200943863
663271920989
15024468945
640279241498
184760114884
556606008993
751311053162
122871428386
249264536461
115968026668
858037692110
469624553888
46700756694
115236107876
484308404613
353472289492
842928981563
249087664675
90572252164
316187534362
288558722660
396871420985
455365504034
828004129488
166546922655
315323231904
647506758250
720244657976
277586061403
573395545434
267152114556
648702281286
321138016889
642644972903
166916538171
194578221692
244703458906
750589824168
761915499618
562864442284
480985905225
215619123192
40734986224
136086589852
80638818482
361747197669
99419963695
758142520436
296655805857
58845348823
23470857705
749827644090
101078607013
410737687110
421773382256
257585771368
274683515272
668500163470
333726534786
14160017900
188531718811
417871804564
277596528736
674061267616
185091933331
181579136874
111811685406
17762331308
669195992548
964605911372
578447821028
962394869619
139500785958
756815773148
572588816336
326852344511
569401431120
151101566210
728589556449
304983237785
568122099254
181317755400
173454703057
142867388899
517504263273
120295966984
150317905800
129885247511
882313642656
288848494789
641024562840
206472463374
797588355738
116344051451
189598039169
190629433899
445356554798
294818585853
57268156092
397340590520
193069065171
121719796077
721873103863
418579248451
631292030496
146752223567
485315630842
650373051143
103505871111
71302000835
21804723378
125223049812
393728191202
282405351062
671749234579
485023095474
15102776632
450093977871
578125513123
274556788131
491532996566
340983846578
719722128035
628095917423
211505415206
397428434180
464536613700
50077199163
611612208700
481761290477
536142984140
707037493334
705375602883
72506047458
166790134999
263339955853
746842912901
108621334218
162533098792
144030353251
695700894855
475483199758
767190232386
567280763356
129137980
600390979183
320612822818
248208167560
938696460121
613399155375
597815036139
832031864300
10033482758
669041810439
29348803936
161412978972
775618370885
61642102291
97472753680
276631256991
234686442162
21130640420
179840443938
171082451114
217455044936
417199407371
883703094308
373006674631
128572176427
567718227942
526799840568
85737130584
187463655134
413063358693
266796517294
861236112196
77023743237
231778856996
479141783455
465226298106
57542479912
208389755944
422840578505
69250582851
617875876314
224604271024
71532949347
82144991951
72681671167
7195446800
96730168289
429478532929
262057827109
613020283911
482489743907
563638326913
395159943947
136221728412
104140496063
254700976430
381242058956
41447578745
292547719228
333316218892
477621769343
80360594172
198572854609
434907985369
61896321183
429716518577
46161321685
363320062250
260785273578
81892384260
231104446676
321265131865
812235371954
22343806575
40850343397
233182450887
12765864898
25412072837
399452958554
677118250425
708851941596
558714493606
570810501061
699815451968
19246690489
432200759748
492477965491
244931973362
220971761152
71372643324
92131419808
529981477822
163488296546
122215675703
346918241846
81631818157
899428075116
295034485881
552307626300
678570347235
415486781131
537466793359
237200062480
413959138777
830456811042
356577102708
371986214421
300993370812
506477807469
104598079692
275146596412
718255078698
352259765576
512071358230
146134281095
30228331877
39194375585
216858744667
202462882745
212123844907
316775978603
552060149980
270395679755
132751412726
464869533888
49121972358
84305358589
77358722428
135039595808
52612187554
36029498110
949018968554
60700384009
43089713711
316098589565
72059695869
232846224654
184067778509
594510892668
240235599131
105766992653
907667348529
673228604781
421309210940
98030920229
268701390171
431358880844
301007955835
611492872771
477100777694
516821131012
185204646691
255264909300
8302053192
309585828252
756098067684
769861798700
433740968118
389191162072
55907907595
194692649025
470959987887
403917835841
420350028786
445698989344
336369783740
274585945724
670287337779
86709311982
10078605122
916710350482
446905518866
471234336700
101755467510
625194233054
643064340939
532754569223
20516348570
503701422849
144682225255
217579852703
403304344586
939462454196
560697716302
47519845271
469857792732
845132195887
195056319574
995454296530
94244832588
61464848118
216377403783
421385862249
382003804992
848757862688
147133357425
214346822127
105367812784
349100287236
1589292490
166235205045
61519333249
722731630735
748570566388
275321501603
101949862503
715494930734
240010747822
231384401921
227685266079
466638147496
704289383596
186409264387
174198887247
393710591135
302604834051
708594768128
13227820565
125878067609
342840921190
583996740990
617630928066
285664083017
494067713258
16986238661
1702369755
5862053721
320553707822
378542986263
93674171038
98011395864
606397488283
810653456744
657740777822
188621483846
139552757077
270674716354
141661240805
455460136859
304230038320
175451779430
728730245518
64656731981
561932683762
354506355475
538880465036
496127921118
280177501315
24106476865
776008164334
693320075327
172553990177
483211135458
906750090658
588961356271
16558751917
595392271426
179644537339
211682586429
250056595304
239016477992
164825602826
25905642631
608578191370
490544547034
292206618601
232064573764
31053400504
728727214254
155014553583
123587774104
576422854959
61199802159
146817772961
94365755788
514244365761
219353043794
64913742574
187818495238
17688120821
686337117554
261161997360
816051877926
99063424616
673372934165
286284227650
103720674176
16297038018
559652655230
422379265465
948210645656
207767493501
220875157613
274050189234
377194366388
15137190966
490919289962
116358925930
227648617872
859932171296
540735238145
239333181150
397575087358
499613139488
694046816899
104798476404
555838408410
209175891112
186344096569
176625971318
372262818798
752200104834
559521894412
567834298276
604058458211
479190148941
746495487458
30853065366
465969167650
899753782450
478544140561
407219189201
146223270266
398710410953
844285103489
203871397049
131663266875
156485698290
375355546078
352276080237
557654922870
132203622285
536632488998
10332007245
245497877539
513240338304
443940368941
837495550430
450177368944
599887918767
123203960766
496536124679
746453658915
354343859518
107302748376
5131133995
426298136080
103783152160
330704002913
111932227318
464959679973
98011294557
667751799688
190229481652
317329186418
432084878034
128153196104
216518289066
269632426095
602492404666
17325166111
734809926222
745372374712
339351267658
177165336427
794420697634
95417773770
59457468769
