234203498884
139403781378
59562729525
189131040262
28024577361
195340144124
71856217740
94600179097
281912519958
78097281573
158210947052
431655926756
436044750585
41699019036
572226747299
448929316840
171485631710
111606450461
140447490917
231694333428
160890552094
769720224560
611945982923
301884241107
393954127749
493545716345
641444032040
203766710446
473261831083
87687338814
369754363737
577272625753
13803044268
199016291876
133801698527
233540220568
278648568185
793073112559
230357320046
81964862078
27780092473
310470804163
233569149742
401507781900
305327545013
634267591405
118819040117
488473710092
875042149727
408007567702
543380423799
173903410204
212792504454
326262640676
525218046190
815580006667
69115078321
849889404215
756660387537
397837925633
67725994869
460404560017
363874457884
326731121369
344811820214
586295120657
263738871067
895692028232
295266530041
361102838218
480799812998
146234225152
114775947680
270479065934
67858181956
1453247306
94458921624
7161572792
70497750766
222655358842
743129529429
578958511528
125065057352
631007205321
508567698139
325892394770
550609319587
603580931803
129450687000
489207405615
253982990724
525443025540
666886035239
27661218698
41989173306
295338691631
338605449378
353518018052
2549187025
317071313824
94868660306
278300215062
573296674510
51110465613
591278672666
304656082773
302675968505
177933877868
211652273248
31306356878
153497928106
131590664846
26747429433
224023239399
59833877139
101533891689
60221183724
82274597376
766385366785
39131623903
558151046961
64749873290
94271256951
41893302794
351950873678
350350605834
335655081397
9860028659
158163599238
535605691532
591465586446
814193098438
127558838523
159984083348
109721074728
646894362940
799719392073
754240658394
359514069309
356936207961
219719757522
153979785364
264231841478
564622447928
517375279016
330276606021
255422195707
139230446002
672435493675
832515524346
927301816984
253606515202
219173310542
717821382288
521238495278
256766185642
237897298778
176677279454
122254158276
538065219220
516108083381
518742383520
11668915914
881046027589
711925325722
754177444032
133268668962
647421602303
328718910537
142391115851
61444002912
100648026016
676005226198
550763444770
474491435664
37525507399
273176001280
2978777513
166098295324
305849812918
322989701107
285133570176
23889349382
363183383998
733452271844
692540714325
149171002020
86269870116
61517751176
439674768492
107857975811
352395803186
530106824867
4423729039
390962489827
589039591748
83756863653
355797008109
65811016280
174765251602
100715412641
477963339551
402676970050
926414931959
138293442270
68142445266
29131149854
287412404094
513194254839
403872405312
269553765443
899794273302
498031719028
206656637621
558840726473
137286535798
458866373520
198195198762
431706329402
8779966416
159946820814
17393588509
282521902594
12852670623
374697986791
470665703589
348372191022
413522179088
4587828299
546574195594
260942501375
507942042743
27034474325
597705113206
48813312585
323633347372
587729205641
185227222212
813442680910
496923447678
555555401048
688313041989
148059334889
525441883504
236127067254
53340893544
405570491546
622794967959
249673292700
90112493784
180275465514
290514760288
59316662841
273297999719
360775491904
44673550324
267778455092
111885034932
40123499164
386883562155
68203175361
399596595751
185755915940
251067062812
446239187026
273226312688
704004006092
830010804910
411561163063
136605254330
15120673154
496009465486
9779655421
114123732522
261358442266
103304190194
364727403448
68059186381
612483677373
490512882075
266626275069
70917107043
18212654838
415144146648
546895971745
19695758065
621666750439
390294780869
445927196919
639985224759
557210864053
350774636108
6088796072
382353461209
256513098093
792083759016
131763210356
929914944324
321752000901
739983140567
17887491013
657616151390
306761404465
111068988106
54868240623
291875517350
109195279480
500532934143
130408451004
466310330897
206133941389
82601845524
370226102508
655925676259
230531966788
95016573814
176871245325
398397631076
525298822373
438487706666
94859767319
283255913443
130191596906
803478657759
796989506281
112320543906
559797582096
212724354736
431126614595
624591747742
7417276721
451933537854
388258175785
208747642790
8623396814
227622418328
317293017179
399243806721
208300131522
474123297291
107864291720
622505513787
86350016213
346884551270
66518780496
30886848619
523523078076
208802216721
592615367886
18298720927
167569396794
543810179033
95775098306
112037919567
270411940016
324385897502
591862135048
210861268590
228359826220
587442776970
430096629149
249911420464
675965432103
19987003604
215082558461
290647110908
491912892393
580859099929
218412670271
131746909232
240517423484
315934624772
531935735821
628609811083
290959906636
584062447417
7031570475
219952762560
197978233950
125959770652
382449278231
837059341225
248794736560
572622965457
99199725285
451642707774
111769025892
263470855965
107556310972
2779983864
400080472640
249866423609
736310622967
285756960824
159917996491
75915438022
529697282162
159078971813
275880310745
121539117954
333637661120
118352719706
219758984524
558434450059
108215624355
225777492237
163364703696
439942531830
310410539216
99904791112
83411549304
701040724388
771711839823
235364044867
83264996671
325976419112
144169113551
320281945558
90835627806
36367068523
160455895430
93236444307
466208051206
183668965264
815322507313
378773713229
118836096018
253725331328
91756977211
14234354188
111013435724
447960258799
685951026194
716505082903
23831069214
145995480808
137079909034
76082182372
197633945664
140692727612
430600300766
130766545980
143569937200
120770104946
823325804585
166251828616
724901421231
473018849913
610306200251
233575753697
11846507432
152280411616
144689341851
73784088442
411720154977
27118296702
858833782331
470200252832
809235112619
536557871912
52011882215
92872452379
151983564770
124947308893
958319256294
340561677149
111191853191
82066335733
241902914041
491969344402
212640015644
367730684963
299283633925
2782152871
760410878257
922032514849
678885208454
373975616986
100472261867
531118723255
242534753466
491069900093
352730767506
450681666065
427636334827
137037294621
251958885992
109872876523
216226919706
316187683958
224119695606
58799849602
546786566803
76080826528
112494077320
591302881231
231814257180
189442059072
560070366488
102238324330
768256398739
409554727223
290297401973
780398297172
72399188532
788631483846
281921205635
222196100708
204534578478
620303299878
264496376809
312680852533
218078066954
194650451751
184620261764
504919791607
539866862182
373634187214
278225227101
666690383012
12881208480
316886570144
143095309816
757773636477
29615711558
308149778965
541064599915
534652683287
311860852398
594902370534
700550746938
306429300198
139388874075
376938039250
116697455193
412128506654
770846909031
187062540362
103540146261
597570117953
313047174998
596375714303
85491732837
782125301962
547423986760
450996404478
168004703700
344772710498
41046545221
880660045091
11678386632
580484985536
102188793612
420472025278
315010987094
469933148748
706656164663
344261144077
657320369325
213902891701
114900837318
867944595147
329223869940
159532583994
99364642068
174354684005
602107023451
117914920669
295466489169
503398522202
149707483846
71274466564
403479782177
412924141403
66063506053
334563427348
26814447975
538809344062
30720546343
35245023724
331702351279
420969909994
362749082404
298537440022
14703374625
880143743661
770623048054
285578105395
482025964596
622900103745
204368585245
323420556352
28254377021
548982355722
275206124666
566740785469
419815979607
342024164602
304753627938
294909217114
31350377410
104336062954
226348905587
204229606190
182134479202
121795666346
308870843624
585958896333
472084906237
204044384725
150754583900
10414469753
142231834697
576665883965
536656729030
10045605380
200246104474
74291947223
339994523766
256666624521
498522917156
410970938293
700876432195
8394764766
443401128783
361795003016
157828965224
189339973498
755588746809
551103731502
42986739183
277095498169
3434302046
146225157311
282358968008
182176933181
337565458136
63172985087
781967427157
560567566023
380437871719
546342763482
461407968874
19070775365
384361459006
415247390199
328368383276
182203398545
697657195068
391135499935
274490164934
462542511988
287571135474
130694083300
624775066290
722409457934
215116448539
23120056364
323877386192
306816181092
202491061790
663648597129
546709706427
114021813164
122934211690
32398360748
72825390379
181962454714
235891636748
170235233275
2268300225
330436737553
429207949366
429819418241
994519914114
52978226253
772352549477
27542849837
467941575326
349272153171
100825109815
867958482059
180247579733
290211409514
216293409702
352845432863
885712082188
39145658884
587444723795
142092009251
596828372444
476271736887
451846672377
317011504809
440864468591
739304964259
952095547852
415495544742
468412181543
204036015670
86788407620
187977677099
620798374482
678311108599
652236286382
499323896138
322705603912
284355327046
297415921130
741899320899
654863069657
177459915469
424983370226
430578356666
559857129612
410442548297
360248188732
776901117706
353948677838
944434927238
806958575959
210895813316
77624390196
72452051396
380364439144
301900331412
528286954614
372851547325
651414699066
464701877653
427296969500
266005669985
250109063495
207343188789
358331783215
17771672329
369834665274
71869620536
429101566226
678501711420
108300842553
323872524301
767778964991
69227413945
588291163208
652065830702
373372360072
225795549194
71748880133
947880190532
401229444442
153368401716
884575265337
799809091385
44609104318
514970069178
184682795360
456882428854
602744365658
94005305070
329714694564
887610121091
795193398259
493847818193
381235449096
216787969134
353765799055
272011031681
239096077674
964100795847
677639144430
189545941540
613328585047
496082310779
405271337032
394506759681
325172340028
135653459550
692655107053
3243344151
377503191789
143848731602
41559100947
97686855430
477553743025
221081045610
138781786570
598620375019
586121119704
268920105380
42677661602
281002670816
135697378614
959415446877
28648826579
328178836163
182846690677
111961776251
230840646806
84613088035
300816413426
81607296423
11642826913
537380792218
436144730404
728340379311
435469864014
580350058866
526486517824
689312334014
68404071188
717221899560
272997542611
319255600567
547188870057
289121195948
203715169931
109413953197
619582002734
129497203077
830798435419
110298385673
192768372138
33050163872
398482823748
291409490860
412304649591
99500667140
155796878206
294230794307
198104767036
7949171330
536802413752
478334651034
44038906465
157434779633
363508287896
268497758974
94769553894
135929903771
106625465086
740886943750
7645304374
231162894939
110829856507
236099090513
354089449255
115416166807
491685247050
111481413025
452834790690
412109278201
206008033135
8516170051
462962712473
382476219956
109262372979
447602441317
763778752034
312955454665
292282268648
303645975515
174237562469
495814289738
375675378447
307085422917
649956198218
11896263380
90830072471
696064449109
468413677971
742873096143
207632310369
22137180838
559413223947
218179244955
193967018196
795743451346
635270952825
368882142151
28028047377
19704675221
390978179522
59658972530
153347381817
197295870926
1971137527
401327929031
13135426201
165410323583
26919234219
787254588446
643413094768
707149618326
31361142179
275912416288
132886413920
121135388732
978370112710
489693578034
189103935254
699564212942
17847248640
12065464306
793741485412
60296623545
178130628384
1719361295
295859097590
143037114216
377884603109
282858606014
426889192997
226976645058
443422502338
174196081421
802543767849
164850134308
441508445042
823383765248
64356974916
209470548318
62242786304
79838359282
168021619948
105077853324
29433887649
798608762240
784358617518
135805916517
608674236106
407339781875
321500524778
396843082728
416461843933
645124966456
592104277108
85664141962
429287801424
209287495516
95522672741
187243742172
129060406360
833281140432
23986888049
588247674131
623237337168
127240067180
648050389726
434537058163
609011103181
320071428321
683226671171
234532823315
294605811201
49712645981
95843331048
297078197907
509836418399
107604718962
683358968102
32525947892
484360365352
336709271394
499712752913
470348926785
209925942642
608121632214
157162463899
107669140638
169235801716
2205301595
549463138406
373540387905
104042513330
977048871958
2453501843
360964807621
223655311631
385402307058
422364238989
731422436945
161403048545
651101633518
420797969006
7081759589
671698250938
306528137075
337773749348
524865930714
336965244075
573895893637
245285488186
152427441238
418185266824
146222783214
42101066611
470166741067
50838799327
41131515034
243987160474
245602209052
464550047118
176907706276
410735971560
461087240987
270250648806
761758082211
389233347175
61023130198
206776417636
381884297076
366033413898
266394538856
749446633852
83989942591
10318614361
414187115116
167414817259
401120818056
283103260040
232559965494
260809084764
464259998180
338743893215
82083780842
378221991867
239005314687
4134352161
309146326502
363872766763
37679500544
869679585243
206789325326
135611896896
353649109297
267177934734
566216671724
228620587999
192467308984
541165466409
858540664274
398934657204
379268559390
115755182396
644259895064
50885498164
585387495450
468392634936
112468672588
617346442955
107945842592
668176938439
63400580633
283046241184
594010457264
144549379917
842975924462
116811839950
13029047495
351492811064
360101792404
1700738712
509308548886
132299901270
212907990504
50012868583
64359389684
57266063679
227439479487
36977768437
549187426800
265816314439
435279978046
647205397415
445467560579
206760051296
786783134183
683293636043
47074814868
301038534580
121978799312
44916588335
64486925005
900748594484
170444732075
2073569010
441971599694
804855673565
7195577631
171071942958
561274669261
110501961659
60626428139
213725410644
44720987730
770944451990
266890602688
230693137322
740107058345
195655573748
716471985127
635424972958
135322242298
275893853644
159422691998
271349837186
292743757536
286677641344
47501948397
216842149181
681572906737
316041605803
613670251680
252608985475
282115336371
269150966502
574496392520
470280674744
223105776938
632309092746
470240498444
51128107120
37949416188
485884526562
29503337774
139108282636
23019160016
582521403112
560974962953
61362707448
771333439469
335828447275
596273447578
44063738086
464060362367
945335209810
150243755465
301333982160
228849856910
418983874752
84466260728
671568940514
563323690531
287311093949
334657131258
267133955479
449852916688
82654933888
130547517808
117143537842
579434057790
94435148774
552193347014
256745572713
87457773719
982798086280
473302305636
115359629511
399512506479
768438685266
233903270742
46010483182
55867916742
168641333826
110817398087
779880947686
431211953634
183400747754
157481537466
301636475032
319269599180
265792071397
100697928670
695591449871
442758601934
5015300291
60083740561
37605225238
152371865656
366932698349
267376041854
570152587412
250893130054
410200652548
117351116992
179660438477
498142780680
231395676708
523764079429
278116190446
326225586940
209393357449
62076676917
572446333208
206444797153
649368464146
543033830232
238166650215
106890588121
338921481099
369404239348
365501782710
329271507379
762852144492
225789334923
587499579758
711116166886
235407845317
167229988505
154492526997
354899654110
473124771340
520784672849
185117382786
473473689805
619199066148
672427201807
21028174058
16975708383
361179357788
440967020706
323146795230
356615055612
464801589887
47359689490
576767759962
187392921562
167839283602
568347286888
301375525702
116887683323
678209405890
41134993988
161147020398
340080066177
114102419683
351686577566
94978556181
271198453539
158123972730
191035909
245530926407
263999238460
423664685414
653003840257
469713041251
607126690477
367120030530
540499283007
186609323620
3782984081
628286113
234470801298
777700717767
138024984404
204890803718
125385426948
489226871977
261057059288
358072203887
66952893640
777656353130
279578358429
102515019000
371776893381
315842374984
139289912569
275533852754
331293720005
200026040752
251790573993
76978551480
24029685214
567460027005
1655470427
566490110598
43132290846
266256070257
618903418629
675869684973
305045608450
121838995891
734337340219
423913128839
915482297182
421233510868
826789525252
847801787013
328922526946
56640029682
492648606309
603424314259
756078144611
250006208904
98152395534
780400658988
99821636858
752855147662
216463167541
152866482484
828081048460
117959531166
77648525340
88800929269
572313364706
49368791175
713916328461
196177993546
804555309077
339689083651
411069804902
537714223824
589917215808
727931155453
289231842066
475720461002
91502008111
486997609468
660995341554
318882442048
326073646703
587534282905
56808830004
423287053045
459276312982
177984757038
13830658456
557306510475
21135591821
65946060123
397299944186
201648848582
612105913561
280505448643
455712020318
384387858418
833304365966
711921408774
871428625756
464743734034
764611996093
296123252134
361209246134
290665716401
563486276006
486795021604
719484769948
105355998464
309608559809
474010059261
186174442620
396078072762
611070967727
449593277517
187945798069
245916792850
645220357766
323507525749
600452097996
519210536300
81992459133
199474867112
827974499433
545797057523
290108618974
448440470231
807638376174
197214503405
519800309451
846640600697
112967087164
228417692616
117702483519
65474395956
773859325962
522052977442
679267483585
246292459779
311864989451
322703387373
147599242028
639613449761
211383510858
300839350250
487734404202
584056462341
80238323040
382779955087
124374660750
180739961184
835276249736
683128739267
213936883154
132407327192
184303860379
371140212781
315481932103
249091646866
525918031895
695552829040
424410389077
349803754826
591243841806
839599531826
157240396103
813379103295
79291189068
430623660437
285195948593
786256619013
89822343747
577862334212
458686826614
194293197302
133659700503
446563342221
536272261629
270288436878
616382323829
442028226068
372045186981
851213713223
762243977938
209574719156
104647577715
326016099923
9345654183
300625415365
286089864249
816276133070
341040721132
788859540974
363913090154
111049020930
149028422476
777530040064
563760378486
174423100200
104278240184
327968087375
332822542315
54477021564
728923966501
68232115452
30132805051
251602641472
370163983927
329523017480
319723146626
180956403351
868830312136
897685163856
210282927684
295558495977
257648846511
705563223175
94678487553
34117394118
355706513614
22017557925
342517576896
284520008630
201960310016
44593288276
251260353590
40830728770
542332790007
575009267483
766421124470
566236488839
521022593281
582418365089
180702488077
32703719260
413573258856
12268092216
493596227919
107438314501
322663027309
255884624032
337791669778
279590313527
311887640164
110244011355
322003660452
443769296892
19185281260
218272497051
30570873699
244435141831
585943798880
111503467960
543142890161
71881673384
677226547530
778193590232
597413750280
337357932112
23369590065
499441348691
311878256284
320589184075
40835641431
573521255281
101332857640
478022215089
496550369784
332869557955
594218585512
202133521180
23643688531
662939761356
453856788023
81122511231
352246666972
146411776086
71616300876
162018953492
1287123330
689131781965
707776689884
216481204681
224174776538
462332010684
454226330200
270721197516
12547557202
145939697686
726378356938
864606106011
397021159359
169199660617
53698885315
514403554669
322527166218
635560466081
535390387561
50203445247
774164701870
114106718824
351169089066
199131329198
13527295253
19860876216
12449762836
67387183582
544710737843
673113493870
85524486442
627151906668
337018072247
111212176228
286967385133
551930770000
451007105066
266219945140
81876832483
312843625458
302468702800
251665234632
415123247231
2724427743
11046138256
594096515090
608979531808
55560109479
227222368240
110927074167
290454585974
67062047507
479406378660
273764564689
746525639586
95029968395
281196967187
503328623118
64264564965
939028736868
364819312628
490277939831
43308324127
42700866580
202202158832
325698897161
363440374079
134472247664
109194342427
333020928518
51120626417
45818466666
886047841464
754911864332
538775427063
204876872017
542793714132
996794389055
30259746992
315722789764
118227333034
82703720718
791214760954
575671414072
506626830632
169027912984
293179008066
420330864124
646377094418
478651590306
119063179516
114955087725
644180294078
794416661953
157090469954
469841160519
248862155191
689708203710
116742987736
967180507630
900788145696
946013200933
233606265670
520862407035
361128623727
63187589640
756067901031
877391969741
12843302750
4344778659
143078470463
51928099893
422608573794
389420791618
74974300608
285177204003
342801048995
329846260608
82503405267
102676214831
138310489408
342616995753
695121200530
180275526640
89767073678
614004989768
24669624126
825229558210
349433822388
68198818542
453728134909
742614083684
200687115471
422030429772
648195517374
43737345828
58141310457
507557228938
112848191981
753639037808
549035891645
90036378417
530902598661
947333055522
295264519524
552261136774
121684826988
348876080142
188083699355
473730615368
621053897648
280072146489
738384811559
79150795960
44562518692
84336828057
697332993045
362919024428
896792401452
345605960714
141831928527
101239872120
267841284200
336490308850
151844499807
441722271998
76846477031
770138076405
567188743059
521047754960
41886998292
592799050549
363066616688
98691767510
337386810576
836068856731
66839242106
81925943425
2298059076
742599939040
370539177800
116434890066
178475707755
673914089603
475267801057
594323494758
789960735521
953434267857
682636227677
20930712691
430449953450
137400105775
246228025631
546346663194
181868470408
73607756999
224831906244
223739396073
106316372990
425301089046
215899111214
301255649837
241027201279
384561569493
732620049551
625568642428
182514928414
839113013837
62665369676
488479608634
176794609614
126435704507
100214088628
410370812547
547010071088
469963554753
340788873343
441214040227
298833618780
85433073186
449436022874
216999149735
344076450627
842352777742
483584823635
469818597799
246372348088
851956419380
9445442350
803243652516
742962911168
351863690709
525243776914
190485792618
210654970248
633481726669
299530109302
301822766740
733630861887
242500783534
329736550515
161740010397
70726019407
161010424288
306466411872
108412471944
374889807921
76912990728
186774614733
88056621200
69868010056
304728527108
159684824983
744935095629
116523919158
326762519048
389885435746
757745391603
659188877112
379192982106
280030109616
400699629905
421792340451
110606195447
409783065712
233197822464
353206593524
127713780936
285413675426
330767669086
60717186329
13850498333
368674191158
241481486925
884963397170
773189454992
245049389218
758282015905
401916184104
319861874115
89643494998
371408528975
395911264924
65308071426
532805029348
273372902731
59829801010
389668329105
238088708217
311932995134
179763596818
789977790854
236615637657
681114237229
345651210277
8615334937
34010434535
308804224793
138276042939
361352281826
645952600789
73454788945
108070381324
249881493170
420150172824
192800084897
291750014065
317335700130
44845892756
28843369047
506399491611
259683543012
177005089464
456854008406
169316494906
314584963795
205639711723
164631792880
139727409380
70427289930
61594178922
696434822411
110083228384
566537553725
275814079892
686099095650
658486817669
50589218856
255599483417
111600610440
544348258605
182849463557
550332793210
88226973374
518996822688
168532498892
501078990961
841274822574
430041572524
668161284519
563074476190
458885655894
305739863726
46291665180
218195414605
711551304708
359976160690
33905453857
116576500869
308605119995
257835099471
33339614832
323635038640
428138623901
41295666887
365685517240
250878614640
361560639967
114142044389
774248460960
887121800509
791990390738
756713152422
236792326809
652771599074
316633345902
281935629702
1512059421
926655720201
168889394040
97555169420
89114715647
592569604880
168717702386
687454015423
424827876517
251125347184
341002980699
277443545715
46385779049
662202369366
466942387514
6875689991
134409252078
265081430616
294475975800
558704114372
34736678352
491320756509
361385674892
417079355289
649920332754
350329598108
478763553507
121873640217
5401415082
803952819402
25489691260
85746615450
635442956916
280831971369
543643877815
174198337284
249766922296
28044054255
240072795736
361705143058
335720224198
140544914214
467345220324
45590201128
89602714847
21506621765
86972185108
124861442119
389972625703
541993439824
366141404578
595270633455
206472988632
464408089442
164838970660
191533707048
116549424917
463361784096
354411812564
751292806943
171393382628
21576738186
231502579020
299672953819
253860512074
7155310436
268978364427
96402443501
299476279478
3816089447
359577756384
292405355656
33293635135
170915053470
130346242613
305912309386
556776715515
321186263137
137064660415
171448267664
773308557951
145298754984
453087250904
882850453247
501173089580
673311759072
443455888622
60483843657
84741703598
212749888357
517795016112
70445309116
525091635674
665929979263
475381021888
12661176539
13569526056
320758858190
12333335898
635428314244
225616544181
121995265978
545277955209
366493792400
254964737788
363712162541
270183000798
60446783868
771221346571
810396849575
160266642190
242271875150
248261087735
134150519813
