248462475059
174715390624
587369878396
5864038656
111333836015
49060905026
415137874308
173786404310
385888151016
496816965736
32999135684
206478270702
368113626789
130208615270
514024725167
415817425650
80374038324
866370407850
292955076865
2451535467
548466582810
196620999192
725117557446
403598526882
269994092975
339817276228
380124663690
211856380523
11465694334
193300249561
150967035582
839381724199
446476370828
243679823314
279759427724
303239128473
505037382371
209819717156
179671156211
907278264021
299005138720
74955334392
265196595696
112027897299
144963130781
438998066005
182788847508
541601467376
14061175690
518138066263
18226739646
267504484195
777537296193
225823252060
346263530647
271799777295
620401830759
36826141306
401160906034
426864474138
529880861123
716869864428
670075724287
348666118630
431214160353
323523145981
411027716983
622971547823
585038659035
540521487934
115319917072
84248578007
138629364576
153761751037
300713164333
2351888136
728333186665
27278067882
11408282935
570865664037
856717001451
215537140718
117449999969
848481579639
389181428544
505266261770
21567425441
760379579794
590111008238
217720925262
400882890104
612278110579
150114319507
96063926460
581424428686
236695215243
103261853962
28147601017
24598261818
624552672209
342937529443
395038476078
15258726888
143077676045
330772105956
524438008301
675392237571
126543085632
70577801207
390550026783
233436213132
539785353599
916818125594
812549738137
275335707569
849159873483
195170959312
626983740337
85605834045
657397990331
693487154870
442040110702
185711972188
620584450113
77937976052
780915693071
468180769801
421781649710
36750357768
914572965130
636675350898
347064398566
923857047882
467987471704
324505768975
14481970114
633294746249
19940037259
90974369142
188384904957
288327662593
335202956279
65888558405
225180444697
400747438307
495986705632
373528192500
558287368379
38711604525
152997421577
331851677981
36659362628
110398986157
2342210325
49955358345
182260147134
844756975202
68304968240
61078022162
604367762552
674794141944
224704417880
40424546938
398808864528
494154830686
215987192512
41546721222
84579525567
721001195551
108393525693
185948569115
761878985622
133678116699
643328093889
333424289602
326800033243
342426759341
37162994681
454430368188
181089698782
310588703757
348027961853
41781820326
380552031044
217397854362
360735952294
770596086794
217274256156
447052740477
229668752438
766634324387
165697028848
104435340291
58622552697
585272495147
292644975495
567594917185
149011043002
127769477951
167344664604
258100748247
394818497221
701210199127
591237717297
814794093213
100120102331
128861434257
491720916564
982765736977
70572440351
476982043712
544646701051
190858405168
188267454068
259613338772
251088159352
481550570240
565976545598
122474631784
21328548658
316571766328
264382253888
536427599643
376636362042
513875718050
155257280595
359688271230
79764073294
634597901173
323226160226
8172693541
661286379041
215421644628
409700200755
116825472339
325011849814
817426639901
961196681920
130503746341
411516305077
106499093467
39985393386
49423068220
613348192499
257006886458
89144773250
560049490831
21191766397
278398447124
364677184567
90771181874
388058406748
305235663018
58128808299
519540627004
614408569296
199755557273
737849102919
751664325359
568621005788
378118702931
223414950836
93399192633
237587399407
226105644788
221479799245
43553889758
227116053334
31123263595
111086050083
45530318947
432198827031
66295047368
237097143972
393947052314
212175808975
266465615390
248187018688
606577731996
267985832264
336144734114
84016080585
417392839824
28128198893
254241326725
515774889356
466793730713
758956463165
858283663676
125526988623
85044345957
760175057318
203299206290
257223079381
38189872224
157783441644
415530777064
455713424371
247186172142
916292577087
72798883436
466299304835
857095517644
554609285002
867109283476
425282426424
172487730288
953849813517
70581956218
68618831349
114478855568
435919686157
23893712501
233498947468
123125606482
295745052054
31581282954
69938407410
469952945852
180014657592
639035566038
2092870051
253592825377
318210810710
225319378032
53934940077
383137388311
205016617586
221581385900
77084757653
153731918224
246072163649
262448341451
655002110302
586475871359
422127830523
574682887687
192030848869
534000009765
420426239378
245452063397
132946462261
430664885771
855568639407
126573012116
106717129675
209432075032
206746116964
744347641934
418398745559
449665497975
647357207964
9553569464
196837817864
231894540632
446946225379
480385918569
170901839992
424528044183
382509236498
544538523029
127197181295
209482920463
609491202282
898773828781
400305754294
119644690147
217665706251
316597830224
65439771227
653432012180
393534728880
659412654515
706217137568
394721754340
452972824229
328548252180
187355648490
332917784502
780687886157
739594784040
178120055875
155777829359
312647560930
82593013845
394037402966
379460164844
628898749050
395596358517
477680884022
951169595025
335800441588
37161375534
485937188552
487948506822
132652977442
709279394714
40533669379
237873115190
285314732763
437018258275
549769858168
355517677458
365219587536
416896778161
185248471169
150734688837
68230417150
163409703051
290779911666
473018423930
771634018418
356097369168
148384590347
192269150754
964478000718
152928207313
201903153719
583063130483
370147320576
120868455735
360923283829
362307165073
106428142898
47215786860
617203132076
255999783414
954679696020
508956878291
305010280674
117485040008
57633839477
462233955421
32111266634
623481195381
365551951157
251676622114
830251926858
2611113514
620596455744
42520911782
439917863956
14141316659
222625512250
166909004885
314476494610
572542936402
43086453346
260874565002
177092874223
507685712708
114853903935
889198605300
445006577506
321974719367
476209661349
267819074540
1330244925
339614863443
481713595146
359801254402
130796505167
611998507643
492191335913
643532341300
115732649144
16204519625
469470625150
467862940795
27565009265
276800383658
455655726760
319697456253
39736995643
982279110989
129581733957
38373920709
473099132450
48695773765
421474725550
618858326271
910013643566
83465952054
799763512814
685648872330
36205500616
37855464789
787305070221
259769467262
481007573079
295389392003
10261778251
436757220984
680682301051
823747292123
59111160275
599769415253
884569337247
459204790196
174681759431
491756560539
427291229850
221689241262
305844977645
55606134594
110736004686
833656021329
418277213799
374330799500
411245255724
537729522796
391594730642
866379514992
190303860550
167793401698
417022049027
568010944517
509005364922
297733036446
139115240025
225452471566
541561811316
247284122692
187247315764
524843065902
426928510808
524214522491
109605522521
171976249422
640045008291
237088011970
181233577510
656362398488
56105305830
10370484557
214443128371
359803616078
455561652365
290841370283
572213061669
105416370995
17175469021
10721472331
343323231387
246491687525
266581882489
536158508316
349039450480
170730237630
112846797322
445371491719
362366496108
267127356003
268595512976
516792030917
443078681269
104861528750
1101928505
350258504380
63284431855
116818137184
86912437095
519965172695
335710745476
114729072493
431179635018
307347104027
298548042624
80417395059
148151758496
964522833035
393857214891
594567922702
223345254254
383915484212
278954756876
202198227395
237525124864
131664164669
565180229922
242660027331
673797628960
40730047287
285350440478
285137595732
162171867215
700779649452
558058220403
482083450608
316871900798
486070162926
332265915684
332449378420
692784596449
188664170316
39223090230
115310154750
271057459520
123414044374
623829162929
169497681257
353640612889
130196250309
6888636365
402954664140
568598973990
338902941704
327542720381
603566668196
14377218891
509447269918
198524552244
2049349938
2027716695
151583832387
303965490952
893591302945
696756964911
297852691543
67675248473
452617285347
347199464526
454747704398
433558113141
228750985664
240331631745
85396916396
826564860982
24695205095
330506296917
410674723423
25981392999
98399123775
355684530788
351543411710
713387332915
106905496592
173096579391
61796730956
154572924994
490783897920
305453333879
220132636250
153970076934
180201864816
180579460538
306765843129
656118117115
274522851280
420375096830
562620673016
153479875910
360570262328
439781531112
277614823131
635921266970
475989478382
145132164828
798766044588
546314754990
974570787
179747624010
479142453721
600565663781
30915785590
523188333606
567531222028
710346718720
223361885879
302604390198
56610329109
3508426601
80448720224
175580337406
306672336196
571821318344
660114935072
573657331175
186973581293
171707976590
350954610101
115146938641
801028467752
362000967810
158128839139
777313128720
377630626831
632403587424
626679861309
598042405616
54490930577
380095004655
33049954428
230564267612
233520542215
317513332014
397846991625
916277664011
661433811054
180903621951
667569071208
656893134853
250517246349
678792187022
171193827632
382082230228
35494282883
243072056052
122193501588
758050952877
292440512622
181033600788
407545454213
265259319332
235754970415
133051602072
705663186818
130458357990
909828410641
15506976359
811072567
66037736708
367577612198
230487492076
253400968230
759751062
232573478101
104541324783
513748354405
398192733521
475450788344
283818784254
331137988817
10169426697
495746039467
767407546478
194513438395
602551884260
145776823210
255182413769
409093930732
562368898507
22130790424
178451982080
820461325095
2975185053
323186248900
531034228320
82105993052
228953822154
366812045236
535073477426
267495424384
393627897796
425440787208
621502738436
15007601751
300162007008
157722018250
432134203455
309955246063
83444923498
351868701389
77048342973
467610492980
633800990500
436712726374
53571668141
203865305228
162412883942
386350367210
277333778142
654993796802
603082508930
558754073590
32495850793
617867592564
404049366724
36722456094
376216389295
486525917285
103276545533
669677888403
299779280810
9149088081
347201429539
204085080430
150269149801
621344899987
324320669454
388628769308
354982879425
139297874284
175412685454
365546617067
104816203745
618346189663
267565603081
178769419718
102701046569
133340567295
226991716338
425638804219
43231195594
5110253517
337063128276
33607660152
221094056171
697704041297
850110402122
8957750504
585270670021
251882085135
568517746470
625358141469
714164114750
4407071387
108583751246
753916232166
280799266123
805240900664
158492701547
492881859470
473551835998
481689113296
608080102217
228603879930
212456546611
42448519654
426950516646
321705858824
41361196619
450067317316
173521318293
144143551838
680330063690
238365477895
301888113250
429504514452
446201115029
546624769688
444593240399
470808097919
43374585492
740321580604
172164617087
998772204674
128414567332
225420802665
460099209450
117185069139
224910654630
236718901532
504277200161
308884482756
90989762938
170483088759
308201844876
190524134658
264369141638
119881540473
212620217797
177826607149
453537584044
554607767910
880131378401
170897210261
343579328132
611869404699
61809323645
192293027253
516701420715
6588231565
266562557481
259785908479
250671763346
208003872177
158884819480
414214119987
378242416285
124211058153
131796813645
43613739497
112768524372
366333147330
528444457042
247130416790
186224725832
399801581988
361504022960
619877908784
784064433500
440167636508
457238591356
34585381287
506264293777
235240641840
540378000506
419506697641
97622775882
404429487484
559520870841
22804169262
168707093991
801654356034
84477653539
272951197928
37475069672
526902382013
293887368310
38111742510
286613949602
422235566407
13384459047
134373559743
367013881113
441384502988
859237404701
295292145460
230810720413
420871581752
331218395556
105748756463
158283834721
399871921528
392212808026
90452804751
682313270564
313862120401
436004162162
21758676235
206641832289
346317161406
666529530064
182658354583
259910943226
670728680947
46045854182
217465276276
674269174641
427996219332
511684169140
37263060633
113806939080
721751861455
84681744219
258987753549
683802960274
37845305303
313731561876
164076342303
507923179154
92761393384
16447477302
542020739986
334431119836
271491765462
608442309802
425771756475
474550674100
132931005552
169984267112
457521408502
53842799661
211726244448
414766272128
136461238514
18232165839
737393292442
73959069808
30662656432
547214375864
417953106942
209022251732
15570067992
49081661846
200991806888
87850233571
51486581741
120706218202
267881607812
868209887545
261744751266
799685626072
145937181318
656627739602
731034177203
19957283956
684233547013
391609011548
77815450951
370416578274
463593662664
337519311942
572841274593
850806390434
211067407408
97103392632
730512084729
22412280873
616853125100
305387582663
892382328393
468386971028
670808610004
155733904004
201153591450
314731937619
4260242314
870869772211
855035985651
103144671713
13484355556
186914553200
240290445166
220190237422
315399905928
347711685954
23551722208
369055722070
162177490377
265509906654
508241413206
239969157655
228441515390
429479797011
125372690001
368341946292
406985914500
217997610715
461251336145
155580776349
498384989518
286213901828
206514394071
205962020504
862237186531
8803773440
363749749148
447749298044
710778815620
747849151342
92654736147
30505316640
679777435495
135721653795
81509778836
45616452224
128790028235
216458253659
753145036647
108724142783
216067144216
450339546819
144579688556
136065931686
774720130455
167591041097
331016116229
147424196229
448398629144
58670054405
766947938099
106249003203
432258360740
742738136086
776658451935
336537552208
92127433379
883900808134
292519797438
551461107424
482262738159
665881647538
433889030684
148238964204
612143389297
712008352044
561877240857
343853108802
793825238000
319814708080
288230593757
168817941856
225347779334
360449451858
177227626734
246124834431
296493349770
598724522018
424055669738
363557611352
17207424514
30282403568
283348821663
476757188545
116812321445
565616797137
84354130158
560782275083
42283909184
190739359017
543308132806
406763627661
833407389440
776346399621
13131182887
112039593728
620496831233
321006339713
369409646798
617577406627
706723589515
542581226324
108761607852
55079009076
549776788114
652332197866
135677910614
80610580439
379277811425
85706592592
293555930915
519377170406
348626863411
73817258104
213237375026
511900670264
447731337812
170894686763
526157422478
246849789772
480587405376
137034777423
32009199930
579315805797
249329661501
244802434846
147765941587
214057425253
35467460863
242963850418
517750424726
505692971084
221338218868
582525868852
247397116248
335356769640
138465644687
305212468987
63754842299
390288842244
126707237363
583635451248
295651688858
93683041467
58686783459
311307905849
99051687616
833400325378
723053966846
115223538326
206588702316
580145651302
28313274221
9205014989
129011498593
316123899705
388216761486
144525661681
419967846496
150851652664
78891811363
124333065931
84602586238
245465722673
729364606601
113447427994
45114391700
75322559080
296789001924
136357850492
234315012793
361680380850
302040666614
508325016266
208743234776
442831835420
335945797591
719874268145
644122586424
7210221204
364388188820
292888419256
77852033585
250547795918
484066581093
247446165612
112290681961
689096585604
443480642146
478015864532
453731852047
497208653433
552465358926
291282788211
84054813075
336337406883
951514890900
187430509161
451277974184
773828765730
392525308142
2635601980
64487410188
2708752607
136163075281
252970235180
867757256276
632438965912
140911427683
505610691424
565320111114
518695893078
489068076648
539580855838
207696009172
143678181130
316122646021
322192861537
338796068487
502951001834
573843168520
99858444315
274668185963
426461874438
105114163943
557240874993
63772701260
394239254472
293431845453
651137698187
457753399670
456633487650
516103005467
318813740434
77243124683
12140980842
186778307813
259268383696
446780447449
114038146464
647407984873
263502671940
147096158962
463986989638
573266961007
339007412410
524118497958
336894340174
178145576925
55476789694
253130204161
817685210291
396365601543
230668360385
151486086705
934470035988
450363675804
263216589612
438556323400
478621724609
565312566785
619035605962
627379882366
275410746394
207245461
817425586179
357514559262
909686422705
549313054364
295559522276
557680424307
256353974054
538186203514
258058784988
17333856969
287670968763
97914620712
870452901013
410933888626
63374406485
67416749201
748091516051
66701334574
192092960430
628120911807
377080065382
464120165473
381432375277
50862502210
677646592490
649699981638
636545139028
320711071611
560544922398
942327142813
119536567225
291664996381
180495691098
152631393589
623520079676
14300222775
740048446371
299721971300
602081846143
90392969943
671121708696
704265426954
578095758923
299959553030
986517406149
208894040586
75357079495
575890597244
51679354668
277269028421
282042527617
564909615019
20494793092
320448260178
390461700724
784178053236
672107181194
449157860422
126011266785
679107606107
210785917892
380636799365
218925463794
911071241056
618626797561
551204695453
583323794045
63585818284
54905800732
63830628352
422139679169
57128798077
386125234174
73262419902
424863018380
572175442136
579871248180
99845626218
12669663224
798064735707
367176752065
306996955492
611517716976
539158496140
496797924052
531197038446
386488253780
81782006562
379080794495
530161090729
267038570890
63316275511
194262362086
118672565356
368780681522
144194816654
233813470646
255946862469
662946026139
365179879098
72470829101
52234399009
357566597899
262157058519
208288273853
177235587234
341719366665
636911032524
464163689502
39708573815
146222313133
103758158379
484157965153
114519673262
373247630444
412725550468
316862247998
458961755682
494325164330
316505979426
246806965650
165940997460
143428332059
140223744839
147117606231
276976199837
64137387370
310967160874
428057997134
525021314594
795884019008
853108400935
256164778489
188305648457
324543636085
467718113704
689516104485
50117794648
375108087796
281069350439
276113390244
585762642993
126169713577
141687763090
867277848154
486369232030
383655988212
197647820872
396064753699
516337559605
313467263178
88927603995
244893182354
212082687832
208737877468
245634759278
433224272536
430289272099
167440065587
113285660643
392144924572
771756453672
678259732198
157704405239
339379078859
239029737433
528323214272
455955864070
200063078956
700434627965
154994638554
405520930440
57632840539
356643649998
87064629707
347257540004
18956686314
157759440906
211892284353
148916059004
73327865756
359371306191
717415997278
133726312067
617127126333
114258060061
642254512740
815805974116
290078046486
728374209385
100335346023
301087336506
69058119430
218636358706
290504855179
151776324671
81653409320
375383983915
529998082215
159996968022
924227115071
241998216105
353946518556
400459127497
121804297964
157736402965
303800035767
419026300006
442924796534
438850521195
426118462874
245508595665
171709459087
250162725085
79819499974
269846044556
116436405966
584618561560
349199029997
342135732414
434266525930
309177518096
793960451676
413690580639
170662679973
319872962873
571491383645
655017633395
177417191015
91871724513
204845336808
272485608929
809474277681
251569316126
462017802710
36728594245
71829058925
838216701910
355592313777
834050675448
492994391922
467842612482
350711718324
654575707604
426239733510
494871329469
167314416697
4701282450
525579689311
90773208164
390263840433
48758371813
278713123301
350287207621
43028332358
277682877083
178847500173
59164930341
297489532126
926978243133
134846157578
128708684187
745205459504
271811592116
8782423490
627053783580
226329814826
267612833031
120898377884
216541467177
644299474264
261446261236
213045718059
62182777214
378621208154
79537669215
712972441650
15513386741
370135326561
155283337653
314920196625
916962222827
370178364059
215571482789
133579488645
362585738131
696198287134
430002363268
593137772839
601734495673
414377183072
245796242428
571627416004
378028407818
103869070881
722701141133
36614588079
584525433121
563786622885
633069753557
581037493360
45877546028
859091212265
5058622676
83139513909
420874156478
331669372278
12655005844
416679710339
869766031738
866854642956
181486964770
215697110368
96791050384
685826298302
376335007638
250884425425
2466456653
468071208775
515875382510
467861030242
155237383046
489984564098
239331257702
283698948744
739496721198
455361447684
36020218973
108694002435
740610032158
546247348655
309455659024
241573067444
96313096681
24294678674
369966372966
594401949541
251439950922
465393628979
477568095933
491529534689
3657854389
127048385636
96582990120
64321043019
99062776304
58248210249
309620816170
814941928
61530322223
518793187989
222362437097
217419995432
175078472536
397606827951
44015308814
384747185591
349634203234
216410367451
6791291808
228702172960
834724749114
842716028084
335847706790
119003913297
902778240351
254486730435
641100502164
307030195994
164164969085
374955928468
123200097578
140199945781
192665910675
262062634726
254011820565
771499674768
163666265266
149587927617
432566464826
716206857371
59087626684
59351762537
855612090025
101900345640
696444667912
368439012202
29637650397
762734422401
523064793440
151510163474
116105747926
109237406482
345092856499
336013254775
209380038468
687714410840
266852602695
270477748805
91022582789
96740505927
487472855088
365004364405
334709348008
596281931778
307412853733
736118140515
288955215279
369625691007
441164860228
213463963582
463478971462
899458648262
86294493543
385015147492
98332291028
533366457232
218163146326
149651316682
116607672859
341070509144
7826311452
201704613590
155160357787
55527420563
347177871749
441276423936
136815421730
431272942361
180292266866
653694747219
258039074986
163092244808
156105930799
389308377490
565001981646
175183829892
145032912361
263053707322
532711394077
413921667514
412666288784
569405564183
26175888315
613355494322
684846233964
494175793534
185014481163
363636629867
433642908894
651435542
353411672134
370421110647
355580425215
112145034177
608855309274
47954791121
81404338223
795481626698
90905077682
514338391134
487918520915
329395458297
280759628831
289188226640
14758291525
433178203788
665867955763
211433882112
71400835470
837113072207
509414097151
799874974056
652227628298
252433065770
171088550049
40853572825
216908237983
450040822284
45424314806
272950854152
293860492351
514329807398
835899301540
448396973184
248019362233
299352205989
293772379971
324249863892
87212946854
336955627238
235677013896
249494282848
847312714440
9866359606
80451009680
420839008296
267344401804
969453168937
834420759965
693195488368
197260971238
98995862829
779952246756
128585391220
789980265873
33948492736
699275068985
325753195115
411750615978
341348547057
24437964120
32579472404
527334421550
263952145837
107079009125
117112288558
222000726150
149171902997
452766511928
424651167988
608492458985
236074666420
523755152676
851311197167
353318616472
623931581697
54688763824
78615748342
396151488507
385583635452
826059550717
565692035387
459529776586
477205644955
193553398272
48013304079
174531804310
692128670010
383880121685
128302160252
624031510054
243989697509
781183583450
22463008641
605029337674
600409882926
546314754990
641815904215
255206144826
36732774577
14325814149
469914483041
252293683047
394233829244
117036296861
105194932014
340859977407
125357789662
12176124488
464887396375
493643831400
489251689048
28984354467
135579102277
494800022332
417874425695
561491732186
624738761867
773993892745
375526700419
311246217956
318985279375
780360502285
272317452286
203940972380
156485474438
69506745640
552448784822
118607238264
405411522200
254860563051
267898805341
132904396672
62260706469
657631595286
36419103284
610015973427
115998011048
498674940100
573098321176
60083696676
782915183514
214302959977
127623507311
70568835521
9351579934
366870100592
58446033223
262754899896
430032613836
186077977714
274871143644
270447057049
418930611331
443134454681
70829804403
482057447490
10005935262
168634963110
222855996068
55494409805
312000273912
226751370160
668248002331
230784452936
196670482812
602144707459
321140243239
92909365045
102754151160
440728116976
225046524428
902607231236
270283782420
247619954020
409266594188
154748196207
55390037491
785769818447
581069602356
904898641754
799584868841
330492986684
261307769942
88137598282
456645181242
559648680159
190080979897
150700035098
560177228750
231325843210
216990097964
388592164464
113337577322
335971072957
587509239392
232643967075
591767155866
341414099502
318190127033
748362140494
273285316280
466351421318
128307033780
559228811174
767547264004
53300013469
765237482561
79370650668
248773068252
177133118677
31733607575
196209443475
122097511803
27612324745
666967234808
495136153534
345754701632
368377585470
404122858191
212790441984
587921626277
763567509882
497456860788
513208072019
23616484769
50266220064
396603447003
640959214600
395777648546
267653798859
209960137909
489335432952
250215457010
127815895258
752326452239
67588985255
607671892060
227281699717
104713046566
356979923848
162503267166
8234081080
103722839791
438788488344
175674770947
173090025106
750741269727
186215910708
529406834324
142459139324
90052586376
196173429767
107004347519
150418924157
621585345350
232664406642
91260958296
430025949363
43872222234
175301043748
94185976899
478784730584
81514867734
400807206636
146473861363
126028897282
698005853279
574153442104
39831410009
80884359926
70419830395
