307478406032
255977764737
397469624329
385813704241
672865530526
201844574227
53406749795
973978750658
580484394389
560269334368
229769045476
245695439336
918960950802
95002325100
76997236633
662075309473
26517974129
229329279683
214700364039
391295317323
435771899531
247697826258
565758183610
670399677587
202792920191
528348797359
144976631758
526576579304
72517051800
797344297934
222642661486
250089524735
623877086696
18770834533
186788383534
176916460176
310685288577
302398978917
76806188277
436972374807
84170670106
581269787091
213599232488
377423797039
112855811658
692129926143
273688130897
671741221070
666737683277
684434297138
159751944831
13347370291
158431030219
534266305029
114398815318
880306819058
156167034801
456431688726
555065401120
157263806476
285475181249
183488746918
89378203050
163261645385
875554340756
107147517723
83785125690
116556558338
681494330184
311202834381
464847431139
523064628653
263103872119
708316592385
664616862033
80818289156
692368073100
199663489613
668482947269
660511237447
205395417733
101438751136
482174596621
266734765345
436782730206
395092629914
700252584802
584975514396
509100974271
732840851
99058110476
378221648690
13092150219
176244202452
491412243992
433559075216
652576974098
115836741066
196565936892
114332976018
47168745304
266561277668
628818401704
441639321557
42892433367
109253985785
92615074298
539801768211
86398218125
745519866133
247616199265
375734993787
265189305761
445881326046
319118176402
121180281402
355422292838
585614735659
744288566805
169260952982
92570533593
93965572633
70453648668
687574088507
86712698572
843771126300
218198114892
121168160676
15833875284
892070816924
109290186723
413296989127
42761463112
915903417522
223258761935
161957231840
337639924180
402793040302
85529383042
56479648311
574920732921
397787507394
18175519775
742291284116
130967754732
518266100929
197004515879
467686510118
203358856477
102880002717
405087316280
55991380244
186756386457
422595319986
62847827655
286054524274
183881367122
457999204880
262942901213
40957360115
318677398681
337587092613
529996009524
598390154310
9674962275
483408165815
233362418988
116637307198
525957519067
612944357450
368425073636
623396795759
445890266819
560561596978
330837400185
167591427014
350930908155
72799509738
264837419251
68562484859
224429315335
278979262620
526705356863
142329842092
181850483852
510605019021
144458109259
264269606163
133438571267
260065918958
42049368531
470314152331
481745114654
869889383671
146250369308
233404177271
363535033046
256702401624
287397234669
283120102934
124748759342
679159130786
165107679800
187557893727
56566224375
382224661547
390573593919
669301737084
94605668437
388545351318
398855394256
450587893008
52155219338
611019999906
32545226188
737981376454
806545456010
197272805207
565282793121
317668996981
162445077978
866105860408
555167234875
125818845244
41759123427
112302139314
504991521112
110733099652
181099883002
516057639164
39470669969
839472709667
985061463216
701578109667
272153365952
120067007175
688923645948
987599480803
176289680198
276119312068
472380383099
7741033436
202572716658
892871792436
543808564354
208597762459
572706534405
271454560445
834065242277
77801795103
29556461005
153988261831
512645638586
148871322705
74034978344
107414710818
303162311836
239340637897
276529643806
529679754659
322271769132
503075504964
492278498993
274222489192
759178492636
615990410665
586514700151
597088366403
93530832946
6857493104
166450372361
43568228160
258915235474
244433651824
511647126644
164964328977
696231931638
48334526809
112757860678
125034210450
14147666108
529729296449
228430019682
428529376831
298864308586
268551966648
281381976214
112577500607
194406657956
672130540482
634313337549
295174570981
515309637476
35863642293
124111028172
601047943644
383747016797
538889283159
831351479346
76936009151
554729087920
142965259067
96015386048
119982884765
78651328557
99431822465
369532182837
59860890385
351649386866
10001182558
547989679588
334892955189
435692311014
81616713962
25926816757
769884674710
710315221011
117848453771
99348995567
681733072684
248985272450
304225670451
709898901742
573154423036
115328990059
561929528848
863411696412
99924521714
154938700990
649241186595
29345327554
475339922321
163779397069
483639239519
703049450616
422860103284
233286449722
416445349310
360600643899
476384266607
650041903549
623228478780
455766729823
855300718036
30459633602
575148442800
55530672192
113060034368
287661466846
567945730753
699466099754
56960514470
159902828078
159536858958
327055483655
659255143299
36924390270
136506470735
721285527965
215178881649
240244948637
183198448978
21924731222
220694570605
177453153179
367735520984
360026656321
154637635469
320797096289
822254312618
123239504668
263398218153
837079756017
118923031238
611077918209
676621269506
46861265020
290692502855
288317253838
290501308632
5525918819
82717514226
274022286727
43443006176
395449341543
146560315232
359020328145
682153472062
125928457103
681478224879
49731368618
259556662310
315208210492
267252680158
588666429162
820043596255
684868841425
190517076884
388478145308
50643403905
272463894265
16430263356
464428399833
314889261245
208753653486
297699245386
608285576796
498201402192
297750095767
199841201570
18547079063
563343419486
476313122865
9281534743
369824765119
33143156554
262901917169
343715979425
144207926991
219132216513
124989671256
137801778543
948682913606
252496701711
306116619170
186083672939
677234855689
248160797515
436343000855
444143524373
334661151077
465919216317
524703081810
303709205515
1003190807466
735791144280
18721584751
157235853995
362269680599
755053019286
876371178539
770640315286
728774891363
347600998179
196997819687
646058650022
980396820914
275598536399
379813065532
885686062051
56374983839
257014258212
12712875281
356240757249
926849260366
480183894821
474511041745
476932293643
508824718725
627110865335
65862240419
494062769795
167747552122
564496203428
194570858968
42260518108
159618215164
388568372307
437205178808
90311815998
206295785325
94587237494
146854378050
261420734799
731855919501
44216379004
583417317223
27599734509
500565548581
471263446824
379414772602
722342662763
404461623785
766389923283
102135053873
238026749885
42383580066
90828424213
130925154318
908306421068
144938444129
323942517217
827787533540
133822758401
798495111230
326390130437
522195274140
236276422154
661745974520
584861102045
469684892805
153466518140
734129005554
557308588681
341108481551
282604053093
73888620036
403526376999
816187237750
214035369791
91169229091
910541219894
97735797407
188745222685
16298729687
41977615670
189698530466
391826469793
176720552690
486745608654
216580643192
92689856270
297712691074
318232594935
151723479838
327783363839
700541353431
398315201175
245453766110
481920265043
380531606879
430681356276
791863004280
859115376330
92309462528
108298582173
867485422579
592219696234
266404711143
564143455343
213660870835
76198881827
596728643265
301460853467
32855448235
580493463662
338163099733
897022542671
634429487683
313729549068
506497342433
265618234909
459610125088
154636736187
126810008355
153135183762
293976889432
814836560279
60336959899
161044963693
801052366274
26189712943
628355591807
489332185483
398909865659
48224970072
216009050678
322704993371
886857872182
31820228701
221732032030
491268057219
76913873970
881374476195
538413223040
112065856498
326717247821
484183631289
31499816173
252476050236
837797149741
285534836652
55303131285
164574069498
409161204836
270744997096
54749487922
104990080776
215738701855
11453806912
545707331688
341329405802
51963097246
335293782768
211335042124
603852507686
489368596625
355660626103
551633120282
664786979615
180897563798
450286281201
66770911883
587577559809
443579091272
271606816921
210360552283
863721576320
243740823116
366995329583
844215783244
723039265364
31983296698
515133302895
112954830877
83353470494
308948021398
484468877404
121669286924
594886821653
247827279739
942980574412
615017941804
288348537682
342942741293
858579029048
99695269082
611718253798
533014284106
541812941147
732721119655
638827562555
136123767804
350939906097
15363461349
412046333061
825913706787
460658763972
671280312257
159714562881
808478784620
7391696501
511622876724
139210279225
549680724091
450322967485
509934858571
649414067089
322496467302
596333485706
306802605493
126786986784
640073476140
243052895649
234306429379
742746589322
343139887931
522737492183
550056951589
109875188536
260343722323
289186201925
240057321924
290423273802
671191181544
620348966083
821431433136
269318398021
398570362854
103784732388
399522070201
45487169250
378813943360
495144261960
112489829870
535859382170
500306717526
31049801126
419810192605
165814927589
923075003806
167093289627
195128422198
191756025746
75506604361
621756692156
6425736021
284476864919
434315740575
708794923066
27888152270
964074198194
865960319522
161894443537
308011811041
514858923081
584359067836
449602619888
708226463191
544034844913
582211796594
554811769755
118221478910
306967154435
130423662015
20701589696
260764723157
70462067365
58735709945
454720234471
386623993581
451159942447
119172402510
363785650855
480517234161
477449487534
319478404572
463239457917
540677363215
809893300399
197013164104
79669013086
411992306579
369892123395
356324734531
42871228315
290347967438
76214993866
40457405632
599155300512
570321886409
567453211498
890419838200
34408279525
581878045357
368914086080
24137652819
294947394519
648325106816
153911686350
74755869309
113931540709
17324209015
178734812181
811208512394
453181636736
651997399840
415284042884
660895190930
671232582824
561648363642
677416482986
654229614756
551084195126
268479427118
792876254875
449507033941
468215009823
538126845915
360751296159
423407712739
413308880785
382942246669
31485311491
154427355859
295680000949
910861472125
901293632932
410885556745
573041588332
842195814816
307308457347
262371438292
119397658961
574261025012
469005493055
61692299643
184125186700
910317772420
75421164297
785204665400
272194877115
99258012359
132034919742
160433929555
412890517489
765771585928
473653086307
873574651830
666903342146
794144570482
742892985365
456112977206
120463357465
908262235947
431556235803
239688450854
73040464724
317373003497
19094345540
10603557904
157191859123
663781311490
104389310328
682931423006
578344360871
716116204193
788537665354
446833084911
371450044098
389445675640
352452840201
112322489047
12294438388
79623101945
73235888766
431018400865
33148293551
58233090374
234856209968
205241080591
9857273537
244717076702
340970692761
352118346197
168382064377
475129799833
141521094014
497928649102
339591317347
865402193172
503743014071
227759628599
23492402576
175208339036
92782847197
28377379968
791100915396
617517885781
61119387279
55113331445
418205931525
280048677082
312226870597
497355371584
195063763041
151664172553
283421710212
161769524434
22976503805
378886441198
694361820397
23353540680
469001585105
405396708791
252185839490
522190500802
521694968878
198295114148
296506726027
64068034177
475667634699
222640273616
429559936751
273198697806
490684533039
86286105369
524815406404
32734920709
309396333143
171161149921
323479755167
629384774189
253524199244
84755702627
312770514628
531570956145
607261870586
761130880884
96241568735
616330563531
178597295762
210303318407
561306391225
15463248128
707607952318
218702060942
93531196984
839135847102
710771853122
754222509766
120683249946
284457140815
474474013340
649927856068
820355210548
501606710323
159057960652
359427394308
20486733426
702863938278
851513041927
53709609542
209802533618
451648992298
205321106770
859185928418
538600939269
230875332055
313879593911
522264028494
200029607530
609158720671
168499475990
23337255470
75143755308
113679570468
427729326454
477267898187
765937834044
191719552145
404351494279
277536662142
341725553120
246915621597
54999175155
69689301517
544511152687
162604887721
291978316030
588829767714
475114182971
809454685586
438914470993
32351371611
569975292207
552984945314
688065421072
653845515858
499295845670
217082671564
724244046877
260601328426
260188764550
203424466028
475164432157
168447370546
414868179284
19194196195
333420711217
471009865217
172801531262
18298042534
439067670041
3887378495
141630439858
584371997193
76645822794
272352015631
1368768118
120531561205
776779587474
274113393399
295679089489
29895442505
295493736341
330623579670
653775967653
6645890648
146167689919
39910852362
153907482872
150297162790
403174294028
568736057401
28357008892
935387833111
154899468662
278747137283
485402146038
646028249551
717928787818
430479399023
197013771477
206775048288
325447258969
189623571880
183154620754
256314045569
667573221030
64203435171
273742660475
515129178572
769535716134
727129326419
92417793106
484534057812
349159925139
626903426971
318945553305
865708597038
188899382140
773218377069
8525784448
674531829498
28085388255
534369773179
591469187820
202263192292
4783037289
518257693987
117878893710
21645622411
227298513134
510620770372
97194318506
810161676728
483106002049
541356037311
299616739060
79383550864
149720047502
14881910384
216565170676
651882966560
1996006315
94063312256
60634158889
69604369582
764780586528
393901399538
5718518219
111334406176
278567656875
186223549214
281337157936
361240328936
385638735517
387833688543
158576260920
85662900533
246473604013
259173361454
431360957641
235801489376
118049085171
207636504651
1731562674
632316328308
320576483052
398415246666
168260151705
611176653830
504023974635
225395002250
373974105815
473779419084
170059268132
559707384986
611552046166
114886555174
10038623725
549575740701
439029915037
692961007731
100069801375
415817529027
423251330548
30441282807
92669974415
134249637932
454639166263
414908765780
388679498147
947495298722
121161731574
153924548805
422545738823
317404593299
45559047693
618673282305
833108579531
622561045675
775486548092
424579411681
174005287314
579633450664
429163012713
13922060491
929655818845
333260843760
377475840095
295853030257
77955775440
297241355688
39779494365
857655940821
140930815945
112309648678
130966189724
559064214680
819374748876
160466984134
322301212404
761509599718
463132212330
636082538508
290690611165
713281371459
915180432376
583080996287
184058013842
25457835690
291692510724
328310032226
100776573905
372359684976
913423730908
176927417230
171678089773
163818276401
745563829276
102255358303
472702778792
162031685596
29262768258
618560842306
924335434744
900354373800
166721953766
90646426054
187310632840
532322331961
454187744201
263498050425
40019924702
633798658712
398856425324
693030117162
207654369304
335488242331
176218089750
74637367698
427866024616
617407168611
449071746711
164884641502
28295518267
97117585245
470718184004
32104086443
632198219548
789543454068
420747714628
700560000311
2234847192
357046137471
57576453871
555057630932
607183225136
156330466459
148642497779
501191310743
464055062782
581031379376
165797850987
227907931587
575528032192
183967538560
292482807420
459633842382
392939062068
615738614295
165656812646
400114139469
42250831204
229126682335
895714230184
378635463587
6167864318
246350590477
57695200069
666941413848
336290940561
689863936893
453593072621
538999270503
220344413152
511274941499
620469504813
838779717770
314901283265
654230045655
819701936140
82864675585
464863172924
562918799374
449742615885
306750798214
44252744548
473374985161
666169928960
566843830215
373673366099
767280887593
535782618596
680792236792
241528520728
23621966739
145738775813
551683221797
767661312755
158198286352
573875131551
191784944989
243165661931
152003087718
202825299964
152375507361
228729621903
12150382195
712878530973
7933737413
492371382457
176570718926
467020978406
106345766205
45697051935
96650782292
914892400024
602758592786
69387749448
365766333280
136972656143
533821210311
266562232705
476332663598
62303851195
294240263613
110914517812
125216390306
758912200584
152497564958
469512356023
353292161187
189811936094
212148944990
154388833919
140292402367
166866263949
58892094541
93623445749
482581812709
710169063468
214439707252
18065102089
125816093334
373869178141
428118032288
363910659713
272278026937
853437448759
59738858291
56431205579
255910322277
524612088071
487483237086
289859415202
496497790670
419919380421
216472985086
372316052548
96527204004
279662016892
451869742577
279778951597
491032703053
387890814582
354563406993
280375581088
634098169283
501996014358
817062703256
604270187152
36595666270
745209314737
214691295906
274333811241
697930056644
180590295728
529082730005
452884040918
6444125811
418804502149
308708898495
823708093397
41030652359
57717883659
200483245186
276112366641
162320469447
145665818537
146240423113
476545313194
565692873826
368256791861
534501213608
909578863857
10321393369
389284368418
241933964547
133115643881
286991639593
56713956468
634254452686
496989267957
17775266841
640082872698
23861860843
465526857951
877577459090
196542799948
433687078788
148352756469
126623440910
114291289798
628550502571
34016261357
255432664799
642578413269
485038705330
169822586928
237334390588
309886908411
33414773794
280589358994
221500461197
427431325585
190408397934
112819424896
700711519580
62892729711
57649470748
191087399529
578737469302
763792235215
117893218596
676546791118
80274444174
398716213433
115413861467
80185814214
496046829970
69063460221
94535072091
5753886937
369974610685
365263952097
191741517103
406059079784
723873328206
215962932164
252598710085
655111931811
808241590508
589116120567
625666906071
99893070571
292121497199
470943475848
730987565326
72389778890
189909920975
597159648991
997883604806
66824403006
271623084257
136559297447
428108710381
789527602527
84906958192
493321237025
249978078843
294318578461
914046480218
362356596782
22687082732
519174113812
2845283192
636740095481
541580872889
50343666465
819594238349
311267044214
788100694531
510106173457
267530840721
380235512046
182497337661
692568314489
284627381322
386292707923
76168494991
976908127075
315605459369
399895232895
409967189469
419067579591
324335197217
774228159505
580592293704
686502323205
885402521914
20322786595
564776219959
895797557398
362805094676
116531157932
745006729592
456428009161
772829617572
260487085903
153861608724
190954135347
73068918089
418003713295
377890510551
334226833329
109416167021
650026723635
178741845828
745694893176
161046928796
532453760881
264605004322
818929125646
81421778309
133893798649
542807519399
580473002859
111091873367
47780461598
233187020505
287028490197
524834005524
477477413217
141838054866
439287677919
488842504783
242261008846
373429110349
39522438770
56306339272
479405843219
750044058165
818289435457
54324334525
136056357949
417382952454
103734955015
805922644838
281365556447
379032364701
699264186316
40491086120
642683333732
381511523725
582205250322
203766399688
817921408140
213621917813
61285415002
317210696050
322522046726
463972445242
93428084837
382673374754
710515047223
174887464940
4075203698
252150776436
60264611732
791440675262
497099957928
256089371715
638520645377
567449308000
92955854843
58816292307
478727948261
180194541027
339019467107
784552962233
88092658924
164205034300
648335732048
837979545292
43931783531
508314933202
154533574728
229563676472
205967596278
175514911276
15566704449
66790240746
277338741484
158661311394
341163838553
670699578042
182443876868
479797328880
492371091504
83843291602
143467308345
536306255736
147975052862
549241206904
101795460964
548100034810
393770813375
492584451919
797551673444
305529015025
499150446203
204112033226
442372933218
126921758723
455602611909
179859834854
452551470371
226394988770
98250068012
313949902246
98222133654
207051144614
548882581088
109908106462
109726047179
439191726589
56148795100
611026241280
51272271667
39120007934
468007353085
305779229235
766030932129
93794318828
333682799959
462584226707
75573469289
287189173107
270056917963
430299069765
576115177406
94128822876
293390571131
744760584511
20173737430
68122706259
694900103471
333570459201
943880356631
407032739068
761696894467
46723934298
416727859902
128754314937
133804153905
153020726845
44327717590
29974828049
492491373180
894334465858
272380712345
855476775712
414356273337
212120711487
572510761244
251834091705
518959985331
703143899352
308628908761
584732607942
655823497995
4140622539
524270514620
133710897893
46394693007
674534220102
34229001336
200315316575
163956258756
583290519934
360075855009
208802329418
140470444781
19916729770
26624599263
78703068985
747550313266
118168132328
399281712358
181239406201
127222819473
794331279474
45800672784
96709725721
782627935012
30561088965
33978417307
346577509861
260397593170
846286074698
650465652166
189169222632
45428134098
192846407534
294619335950
221667662064
6783604649
681635023517
352316878946
498888024159
435435580440
414132880230
399818040629
410854328190
384951574290
593197170557
203890569246
301784156214
491768296379
829358051201
73811391096
305507818119
716331509501
507515195207
591310998470
317458212295
841396765226
453692841264
74841580576
258039720869
648329166919
173481045110
178741825510
123460640854
82826374732
452153221781
459261035255
649239745437
251821435146
629787262517
3907958023
146353224826
439061771774
722788460780
720867234286
38745867345
61956631230
129490469582
180325960593
28322441545
93661199991
488702858316
603163834018
89019830069
642858876060
140559922133
226619500483
797757454524
265974823461
400571270015
173115380875
965242942388
492884713424
436101169205
684748578642
515394497975
200512792644
152445774156
85071264480
278240548297
209314386735
185901490390
342702909795
67188847789
85437885635
319405578867
409727857407
915695615249
116240893756
159440587470
251450455003
934337383722
251916660938
193909088484
575265453230
16812242390
408480198413
309816904852
281610048373
715632176237
109030711678
265656012605
191734930709
500140469431
558423779230
201587802627
89012098249
32739548179
504854704025
689936034821
838746976858
739382294931
48308535853
765491257199
628082615072
68369040121
22869545707
72315726799
112621126786
93574320720
156023847118
149156381620
95369832258
163674610616
316466951712
253361754197
710879828515
90172320127
481521112474
744158342138
548998765971
106248888766
292343869462
50866048054
254454430475
867038831580
49737113406
325975717035
18925861119
69889572467
671634830512
463027471656
95188498202
374556592743
59978491291
2673564535
126553862728
286805875827
652578392846
483280973469
451226669994
136538325738
154679341644
705534470781
160891081328
428636657147
712218389958
444748035767
286430727383
59820476048
577521111517
83068225074
492410485094
50914517490
77876580516
213086646728
381618517813
295362375209
564674445935
429244327415
110554567195
209653803916
258860334701
859196431710
672420853082
3512716092
61313530492
526118812168
43897354403
157322900352
619648945711
438790339638
765669240701
615447018239
221758857781
203898633814
225343417103
332490713797
87653101299
331101298168
558950773752
98216799645
500898027811
289622644287
474838215019
28793105158
326947798608
758856653777
23064377391
362282853876
189307349294
223183371083
169975152066
695971273628
421690015431
430630617787
258401234221
357918887944
518820975565
35035224811
177186999156
245263045206
36116691977
63823292746
486907266857
664614561766
188284033626
480355026345
49676526362
113375631351
322743257757
421188320050
68094337329
391412684241
232625546961
419320267875
3237648187
687814670948
70303936974
380978323809
201771756788
552114526099
458944303007
103550475225
693131471162
9006589273
547339306931
144448491933
545954587231
343541994597
309847839382
76493255171
52199818291
663456463831
365464397103
481294004849
844125586410
108300397345
54193455825
250386303406
511413178882
575958645456
529039250985
813924450045
795624675372
59715280533
201077332686
16982618785
449299810162
912025399637
659807741657
358210823691
190193954485
563803209000
53686678938
721723689241
696453917963
438180338625
108450263417
390658705977
101822829176
333023575829
843105505492
660924993762
539389067914
948537908012
565463555703
706983737441
140761444159
78939832186
33934820071
280461597385
48581343504
682295530426
717994435916
70914384100
281239897657
5068645883
563295598265
305034720958
56765703954
935271526668
291939246132
193403734482
466880715245
130898258045
715526034834
900963918312
78831194039
95694194778
473724471945
197000305989
207516768966
234724773321
101352708671
469478328351
710904512023
72456056599
88049562965
938728234180
402989658683
545496997312
503840928026
143401011132
287040717753
676420652745
148357347707
336040017058
142522078158
524390493341
113316390269
231289567441
31064192652
236477309014
161719591811
554624956140
187863166397
59214290032
67524387520
349294291212
130431612683
300263916970
224837314847
230533204152
47151103699
437359713157
118666753423
455314832983
292133704488
335081086697
423617696126
896175359058
486503859337
2217851651
514795881317
621566622603
189541270499
47353409715
588689485279
347943856617
480604212212
72967208276
260517551964
820838645074
493937477887
388556134978
132932069714
40586761672
108767683450
299421002680
111980152784
269058776733
388541390163
501350287982
623719976199
38608414224
280863951449
264523761427
394229274144
384327341258
486801791317
321094191843
538596854293
295547414704
323768904856
303850453889
731689663838
128603156665
247834164986
333294755589
87959531478
117059317222
67489808955
559803667009
918600117810
587759964628
1406304934
164244508645
280244770426
88888287390
111899586339
252116635781
745094219307
5320795639
43365494397
24400968918
791169244072
