0  
1 的
2 语
3 对
4 照
5 表
6 文
7 档
8 说
9 明
10 这
11 些
12 生
13 成
14 自
15 原
16 由
17 一
18 个
19 专
20 门
21 为
22 写
23 术
24 器
25 创
26 建
27 本
28 和
29 它
30 所
31 用
32 工
33 具
34 链
35 开
36 发
37 完
38 全
39 是
40 志
41 愿
42 者
43 身
44 样
45 如
46 果
47 您
48 想
49 参
50 与
51 进
52 来
53 请
54 阅
55 读
56 解
57 决
58 了
59 何
60 我
61 们
62 随
63 时
64 欢
65 迎
66 新
67 非
68 常
69 感
70 谢
71 造
72 于
73 早
74 期
75 以
76 及
77 撰
78 多
79 软
80 件
81 包
82 项
83 目
84 格
85 式
86 套
87 从
88 他
89 中
90 获
91 得
92 很
93 好
94 法
95 贡
96 献
97 编
98 码
99 经
100 过
101 转
102 可
103 打
104 印
105 数
106 据
107 源
108 代
109 此
110 模
111 块
112 会
113 执
114 行
115 换
116 后
117 传
118 输
119 体
120 定
121 义
122 见
123 被
124 设
125 计
126 只
127 含
128 相
129 较
130 少
131 不
132 字
133 符
134 存
135 在
136 大
137 量
138 通
139 提
140 供
141 方
142 案
143 更
144 紧
145 凑
146 例
147 当
148 送
149 图
150 片
151 内
152 容
153 并
154 将
155 已
156 二
157 制
158 结
159 入
160 必
161 须
162 象
163 选
164 且
165 真
166 值
167 下
168 划
169 线
170 空
171 函
172 头
173 描
174 述
175 旗
176 标
177 控
178 否
179 要
180 嵌
181 类
182 白
183 假
184 则
185 保
186 持
187 注
188 意
189 出
190 现
191 尾
192 总
193 似
194 区
195 别
196 接
197 受
198 返
199 回
200 应
201 型
202 默
203 认
204 情
205 况
206 给
207 形
208 服
209 务
210 基
211 程
212 地
213 特
214 管
215 理
216 需
217 或
218 子
219 实
220 储
221 属
222 性
223 同
224 关
225 细
226 节
227 示
228 锁
229 始
230 步
231 元
232 组
233 能
234 最
235 低
236 级
237 扩
238 展
239 直
240 处
241 两
242 种
243 状
244 态
245 之
246 有
247 改
248 立
249 即
250 阻
251 塞
252 至
253 其
254 调
255 然
256 重
257 置
258 尝
259 试
260 释
261 放
262 引
263 异
264 支
265 上
266 协
267 议
268 等
269 待
270 变
271 未
272 继
273 续
274 哪
275 没
276 根
277 而
278 都
279 旦
280 到
281 任
282 厂
283 平
284 台
285 效
286 版
287 缺
288 省
289 浮
290 点
291 正
292 无
293 秒
294 限
295 指
296 忽
297 略
298 功
299 超
300 候
301 底
302 层
303 信
304 号
305 断
306 取
307 单
308 允
309 许
310 递
311 归
312 次
313 部
314 附
315 加
316 概
317 念
318 某
319 拥
320 若
321 终
322 外
323 面
324 才
325 让
326 也
327 再
328 每
329 增
330 该
331 抢
332 夺
333 权
334 起
335 操
336 作
337 减
338 零
339 着
340 仅
341 仍
342 前
343 条
344 联
345 动
346 共
347 享
348 分
349 你
350 独
351 跟
352 踪
353 遵
354 循
355 使
356 句
357 围
358 唤
359 醒
360 间
361 味
362 弃
363 典
364 风
365 那
366 兴
367 趣
368 复
369 看
370 望
371 修
372 缓
373 冲
374 产
375 消
376 费
377 环
378 检
379 查
380 求
381 因
382 确
383 长
384 度
385 导
386 致
387 固
388 问
389 题
390 化
391 简
392 算
393 择
394 还
395 添
396 知
397 另
398 位
399 小
400 际
401 反
402 口
403 恢
404 除
405 显
406 布
407 尔
408 满
409 足
410 判
411 规
412 适
413 准
414 但
415 依
416 赖
417 安
418 优
419 做
420 事
421 机
422 识
423 初
424 就
425 栅
426 栏
427 带
428 退
429 段
430 路
431 径
432 抽
433 资
434 系
435 统
436 访
437 够
438 么
439 里
440 录
441 牢
442 记
443 比
444 喻
445 物
446 载
447 移
448 替
449 伪
450 簿
451 详
452 息
453 旧
454 序
455 列
456 窄
457 范
458 串
459 捕
460 凭
461 整
462 素
463 构
464 匹
465 配
466 键
467 均
468 匀
469 杂
470 像
471 稍
472 微
473 启
474 累
475 积
476 既
477 率
478 互
479 运
480 括
481 负
482 速
483 避
484 免
485 舍
486 误
487 差
488 偏
489 乱
490 排
491 快
492 周
493 永
494 远
495 拟
496 合
497 集
498 唯
499 按
500 顺
501 切
502 奖
503 第
504 名
505 胜
506 员
507 价
508 人
509 群
510 采
511 先
512 学
513 践
514 命
515 教
516 材
517 找
518 边
519 界
520 称
521 介
522 留
523 穷
524 高
525 斯
526 三
527 办
528 慢
529 冯
530 米
531 角
532 弧
533 浓
534 帕
535 托
536 威
537 证
538 播
539 向
540 兼
541 赋
542 予
543 估
544 测
545 著
546 观
547 察
548 药
549 慰
550 剂
551 队
552 达
553 交
554 付
555 视
556 频
557 析
558 叉
559 验
560 市
561 场
562 涵
563 盖
564 论
565 础
566 倍
567 隔
568 精
569 几
570 半
571 近
572 粒
573 库
574 框
575 架
576 网
577 络
578 站
579 连
580 往
581 密
582 佳
583 桥
584 考
585 流
586 策
587 南
588 索
589 堆
590 栈
591 临
592 竞
593 争
594 殊
595 额
596 障
597 插
598 掉
599 尺
600 寸
601 装
602 公
603 闲
604 槽
605 把
606 尤
607 触
608 守
609 护
610 告
611 诉
612 收
613 毕
614 降
615 潜
616 错
617 失
618 败
619 映
620 射
621 局
622 双
623 填
624 充
625 涉
626 齐
627 纳
628 虑
629 隐
630 预
631 端
632 影
633 响
634 末
635 强
636 质
637 译
638 担
639 心
640 亦
641 封
642 客
643 户
644 家
645 诊
646 止
647 令
648 牌
649 遇
650 针
651 份
652 主
653 丢
654 宏
655 颜
656 色
657 话
658 窗
659 承
660 敲
661 脚
662 阶
663 拷
664 贝
665 删
666 警
667 便
668 钩
669 核
670 静
671 辅
672 助
673 演
674 树
675 清
676 压
677 缩
678 询
679 维
680 境
681 力
682 去
683 思
684 搜
685 曾
686 斜
687 杠
688 父
689 孩
690 太
691 什
692 奇
693 怪
694 弹
695 抛
696 推
697 骤
698 宜
699 希
700 日
701 戳
702 迭
703 逆
704 挑
705 战
706 稳
707 挂
708 破
709 余
710 困
711 难
712 坏
713 锦
714 赛
715 育
716 沿
717 追
718 溯
719 手
720 历
721 史
722 利
723 晋
724 赢
725 延
726 音
727 各
728 研
729 究
730 乎
731 恒
732 虽
733 言
734 却
735 糟
736 糕
737 磁
738 盘
739 轮
740 道
741 织
742 巧
743 妙
744 尽
745 恰
746 糊
747 逐
748 聪
749 又
750 衡
751 麻
752 烦
753 寻
754 址
755 备
756 极
757 甚
758 倒
759 耗
760 秀
761 壮
762 伟
763 艺
764 登
765 页
766 陷
767 阱
768 遗
769 忘
770 花
771 毫
772 绑
773 迟
774 垃
775 圾
776 激
777 活
778 丰
779 富
780 灵
781 己
782 幅
783 落
784 剩
785 哈
786 摘
787 十
788 六
789 电
790 邮
791 钥
792 派
793 盐
794 缘
795 水
796 伸
797 遍
798 册
799 掩
800 急
801 侧
802 闭
803 报
804 筛
805 监
806 禁
807 撤
808 销
809 跨
810 拼
811 帮
812 汇
813 浏
814 览
815 弱
816 毁
817 严
818 健
819 势
820 卸
821 章
822 域
823 四
824 靠
825 束
826 干
827 扰
828 洐
829 幂
830 左
831 乘
832 矩
833 阵
834 逻
835 辑
836 右
837 讲
838 措
839 施
840 净
841 绍
842 广
843 泛
844 迷
845 板
846 副
847 词
848 补
849 首
850 轻
851 松
852 庭
853 纯
854 硬
855 诸
856 业
857 竟
858 品
859 科
860 塔
861 混
862 评
863 散
864 纵
865 央
866 征
867 众
868 趋
869 狭
870 宽
871 百
872 叠
873 举
874 呈
875 易
876 蒙
877 卡
878 洛
879 厅
880 届
881 听
882 习
883 朴
884 叶
885 八
886 训
887 练
888 男
889 女
890 景
891 丁
892 签
893 斥
894 植
895 声
896 桌
897 捷
898 绝
899 升
900 短
901 虚
902 饰
903 拓
904 商
905 轭
906 截
907 缀
908 普
909 偶
910 母
911 阐
912 深
913 般
914 技
915 停
916 逗
917 屏
918 蔽
919 济
920 薪
921 圆
922 歧
923 晰
924 违
925 盲
926 损
927 距
928 途
929 浅
930 荐
931 智
932 刚
933 覆
934 久
935 帧
936 旨
937 扫
938 池
939 绕
940 死
941 突
942 马
943 冻
944 杀
945 蜂
946 鸣
947 垂
948 车
949 媒
950 今
951 纸
952 晓
953 约
954 顶
955 幕
956 责
957 藏
958 坐
959 伴
960 侣
961 宝
962 贵
963 背
964 菜
965 剪
966 贴
967 粘
968 士
969 航
970 社
971 焦
972 探
973 尚
974 滚
975 跳
976 荣
977 誉
978 海
979 龟
980 绘
981 吗
982 国
983 翻
984 馈
985 占
986 漏
987 洞
988 镜
989 综
990 滤
991 暂
992 枚
993 英
994 书
995 讨
996 熟
997 悉
998 掌
999 握
1000 暴
1001 露
1002 阈
1003 祖
1004 彼
1005 委
1006 美
1007 拆
1008 年
1009 夸
1010 张
1011 谓
1012 热
1013 惑
1014 井
1015 繁
1016 噪
1017 月
1018 觉
1019 领
1020 万
1021 厌
1022 喜
1023 怎
1024 吧
1025 叙
1026 携
1027 柄
1028 忙
1029 溢
1030 驱
1031 阳
1032 讯
1033 族
1034 拒
1035 仿
1036 擎
1037 扑
1038 克
1039 玩
1040 五
1041 割
1042 姓
1043 氏
1044 冒
1045 房
1046 肯
1047 灰
1048 光
1049 友
1050 弄
1051 栗
1052 石
1053 刀
1054 游
1055 戏
1056 惯
1057 聚
1058 敏
1059 老
1060 裹
1061 击
1062 批
1063 刻
1064 钟
1065 天
1066 刷
1067 捉
1068 防
1069 订
1070 鸭
1071 冗
1072 侦
1073 荷
1074 审
1075 越
1076 欲
1077 益
1078 透
1079 淆
1080 匿
1081 抵
1082 谨
1083 慎
1084 勘
1085 巨
1086 崩
1087 溃
1088 夏
1089 署
1090 渡
1091 魔
1092 住
1093 星
1094 雅
1095 擅
1096 赞
1097 离
1098 东
1099 西
1100 画
1101 笔
1102 幸
1103 泄
1104 账
1105 猜
1106 攻
1107 险
1108 折
1109 衷
1110 惰
1111 坚
1112 惊
1113 讶
1114 朝
1115 弦
1116 矢
1117 轴
1118 欧
1119 哥
1120 拉
1121 曲
1122 伽
1123 政
1124 治
1125 世
1126 北
1127 闰
1128 民
1129 纪
1130 貌
1131 碍
1132 钮
1133 渲
1134 染
1135 隶
1136 稿
1137 洁
1138 淘
1139 汰
1140 休
1141 眠
1142 抑
1143 鼓
1144 励
1145 校
1146 妨
1147 货
1148 币
1149 挥
1150 飞
1151 团
1152 逼
1153 阿
1154 伯
1155 城
1156 皆
1157 肃
1158 九
1159 良
1160 律
1161 渐
1162 眼
1163 睛
1164 稀
1165 疏
1166 古
1167 七
1168 拖
1169 鼠
1170 尊
1171 恶
1172 滥
1173 火
1174 墙
1175 狂
1176 笑
1177 千
1178 爆
1179 炸
1180 笛
1181 夹
1182 宁
1183 答
1184 庞
1185 黄
1186 居
1187 草
1188 箱
1189 料
1190 彩
1191 废
1192 晚
1193 勿
1194 惩
1195 罚
1196 卷
1197 乏
1198 熵
1199 抬
1200 粗
1201 倾
1202 隆
1203 廓
1204 芒
1205 辟
1206 扭
1207 叹
1208 棵
1209 汉
1210 诺
1211 尼
1212 姆
1213 棒
1214 脑
1215 筝
1216 镖
1217 铺
1218 旋
1219 舞
1220 蹈
1221 祝
1222 诱
1223 衍
1224 爬
1225 虫
1226 神
1227 疑
1228 孙
1229 邻
1230 缝
1231 官
1232 熬
1233 昂
1234 仔
1235 慌
1236 偿
1237 野
1238 搞
1239 嗯
1240 呢
1241 劫
1242 私
1243 气
1244 尴
1245 尬
1246 跃
1247 款
1248 罕
1249 企
1250 授
1251 仓
1252 捆
1253 亮
1254 苹
1255 拽
1256 篇
1257 呼
1258 叫
1259 借
1260 楚
1261 谱
1262 馔
1263 裁
1264 走
1265 故
1266 偷
1267 鉴
1268 金
1269 善
1270 闪
1271 烁
1272 峰
1273 宣
1274 揭
1275 韩
1276 吞
1277 吐
1278 辨
1279 宿
1280 烈
1281 昵
1282 牙
1283 笨
1284 拙
1285 琐
1286 番
1287 努
1288 绊
1289 迁
1290 胶
1291 囊
1292 脆
1293 窥
1294 孔
1295 悬
1296 暗
1297 融
1298 秘
1299 诀
1300 浪
1301 拿
1302 饮
1303 裸
1304 矛
1305 盾
1306 迅
1307 青
1308 睐
1309 碎
1310 抓
1311 辩
1312 柯
1313 剥
1314 贪
1315 婪
1316 灾
1317 闻
1318 尖
1319 痛
1320 苦
1321 脏
1322 馆
1323 绩
1324 绪
1325 芯
1326 礼
1327 愚
1328 蠢
1329 师
1330 兰
1331 弗
1332 吉
1333 亚
1334 州
1335 司
1336 营
1337 毒
1338 病
1339 蹩
1340 阴
1341 惹
1342 恼
1343 忆
1344 骚
1345 棘
1346 谈
1347 迫
1348 吃
1349 陌
1350 愉
1351 幻
1352 灯
1353 艰
1354 怀
1355 盯
1356 呆
1357 舒
1358 惜
1359 悠
1360 憾
1361 懒
1362 籍
1363 丑
1364 陋
1365 盈
1366 捐
1367 税
1368 售
1369 徽
1370 抱
1371 怨
1372 弥
1373 圣
1374 诞
1375 裕
1376 帖
1377 季
1378 刊
1379 丹
1380 店
1381 剧
1382 亿
1383 瞬
1384 课
1385 琢
1386 磨
1387 谁
1388 购
1389 买
1390 惟
1391 摆
1392 脱
1393 粉
1394 丝
1395 食
1396 危
1397 薄
1398 冰
1399 甜
1400 蟒
1401 蛇
1402 邀
1403 耍
1404 枯
1405 燥
1406 糖
1407 促
1408 赏
1409 悦
1410 哨
1411 怕
1412 亲
1413 箭
1414 耦
1415 财
1416 磅
1417 洲
1418 澳
1419 傅
1420 顾
1421 奶
1422 酪
1423 厚
1424 吸
1425 乍
1426 澄
1427 菱
1428 爱
1429 兄
1430 弟
1431 斐
1432 波
1433 契
1434 漂
1435 劲
1436 粹
