第一个 1
时间 1
代码 1
中贡献 0
构造 1
正则 1
它们 0
情况 1
简单 0
符的 0
模块提供 0
新版功 0
连接 1
进行 0
撰写 1
构造 1
简单 0
舍入 0
新版功能 1
义的 0
函数 1
的可 0
用作 0
可以 0
日志记 0
修改 1
没有 0
如果 0
法的 0
的值 0
版后已 0
等价于 0
成的 0
事件循 0
缓冲区 1
任意 1
位置 1
的函 0
了一个 0
自定义 1
的情况 0
自定 0
定义 0
忽略 1
版本 1
的时 0
个字 0
形式 1
自定义 1
元素 1
路径 1
数值 1
日志 1
任务 1
模块 1
则将 0
命令 1
可选 1
提供 0
二进制 1
传入 0
版本 1
版更 0
计算 1
文档 1
内存 1
个字符 0
的对 0
方法 1
允许 0
比较 0
内容 0
创建一 0
给定 0
的方法 0
文件 1
管理 1
配置 1
包含 0
日志记录 1
作为 0
集合 1
完整 1
忽略 1
用程序 0
符号 1
任何 0
存在 0
中贡 0
的情 0
设为 0
点数 0
此函 0
能会 0
设为 0
输出 1
更改 1
以使 0
应用 1
情况下 0
文本 1
事件循 0
移除 1
之间 0
法的 0
的情况 0
的方 0
输出 1
接口 1
配置 1
日志记录 1
异常 1
函数的 0
的函数 0
而不 0
值为 0
变量 1
提供了 0
加了 0
了一个 0
比较 1
子句 0
中贡献 0
你的 0
可变 0
指定的 0
符号 1
的方 0
解析 1
增加 1
而不是 0
字符 1
始化 0
多个 0
这些 0
引用 1
信息 1
的任 0
的名 0
脚本 1
没有 0
的所有 0
的实 0
定的 0
况下 0
处理程序 1
已经 0
个字符 0
命令行 1
要的 0
器的 0
贡献 1
的所 0
生成器 1
功能 0
值为 0
对于 0
其他 0
其中 0
关键字参 0
相当 0
义了 0
能会 0
进程 1
个类 0
兼容 1
产生 0
阻塞 1
包括 0
删除 1
增加 1
的实例 0
异常 1
可能会 0
定义的 0
内部 1
限制 1
支持 1
特性 1
方式 0
输出 1
赋值 1
二进 0
了一 0
对应 0
安装 1
模块提 0
用作 0
并将 0
工具 0
可以通过 0
应用程 0
一个新 0
时间 1
调用 1
的时 0
供了 0
包含 0
日志 1
的所有 0
被调 0
默认值 1
果你 0
模块提 0
返回一个 0
实现 1
层级 0
的字符串 0
模块的 0
这种 0
一次 0
数字 1
数组 1
不能 0
迭代器 1
如果 0
这种 1
有一 0
关键字 1
例子 1
文件 1
不是 0
个新 0
编译 1
定的 0
的所 0
的所有 0
导致 0
符号 1
大小 1
提供 0
解析 1
不能 0
结果 0
访问 1
个字符 0
数的 0
被调用 1
则返 0
缓冲 1
当前 0
则返回 0
了一 0
换为 0
因此 0
如果 0
存在 0
将会 0
数据 1
请参 0
的模块 0
兼容 1
创建 1
版更改 0
转换 1
示例 1
为一个 0
第一个 0
一个字 0
用于 0
写入 0
的实 0
的函 0
数组 1
源代 0
说明 1
长度 1
检查 1
任务 1
加载 1
键字参 0
回一个 0
设为 0
下面 0
的元 0
进制 1
价于 0
子进程 1
管理 1
的文 0
用作 0
套接 0
上下文 1
用的 0
默认 1
会引 0
此函数 0
可以通 0
请注 0
实际 1
就是 0
整数 1
模式 1
说明 1
入的 0
可选 0
数的 0
不会 0
特定 0
指针 1
应用程序 1
模块 1
之间 0
信息 1
初始 1
名称 1
的实例 0
这样 0
完整 1
可用 0
处理程 0
新的 0
形参 0
正确 1
值为 0
中使用 0
会使 0
默认 1
可以在 0
引发 1
等价于 0
型的 0
表达 0
则会 0
第一 0
输入 1
发送 1
尝试 1
标记 1
读取 1
套接 0
描述 0
生成器 1
引用 1
关键字 1
开发 1
状态 1
脚本 1
文本 1
套接字 1
路径 1
安全 1
基类 1
控制 1
编写 1
匹配 1
行为 1
类似 1
安全 1
生成 1
结构 1
警告 1
开始 1
设置 1
集合 1
等价于 1
等价于 1
检测 1
指针 1
关键字参数 1
长度 1
模块 1
引发 1
数字 1
导致 1
协程 1
日志 1
版本 1
等价 1
一个 1
此方法 1
时间 1
更新 1
读取 1
尝试 1
表达 1
子类 1
运行 1
结构 1
指定 1
数组 1
命名 1
协程 1
接受 1
情况 1
运算 1
启动 1
模块 1
目标 1
文档 1
点数 1
内部 1
绑定 1
替换 1
警告 1
否则 1
转换 1
处理 1
目标 1
默认值 1
