使用 1765
对象 1659
一个 1412
函数 1180
返回 1119
模块 1058
方法 1021
如果 886
文件 764
新版功能 729
类型 693
版更改 657
参数 633
字符串 616
调用 575
中贡献 519
例如 517
支持 516
实现 440
数据 422
代码 414
参见 411
执行 403
名称 401
操作 397
异常 394
语句 391
列表 383
创建 365
属性 356
实例 353
所有 344
示例 343
进行 339
可以 323
作为 320
处理 318
版本 315
表示 315
并且 314
指定 310
字符 304
通过 304
设置 301
默认 291
定义 287
需要 287
文档 286
运行 284
程序 280
以及 279
任何 279
选项 278
注解 255
这些 250
元素 248
输出 248
序列 246
错误 245
或者 244
字典 243
整数 242
匹配 241
扩展 239
测试 234
格式 232
相同 225
形参 224
没有 222
标准 217
访问 214
输入 214
表达式 213
提供 213
信息 212
构建 211
是一个 211
安装 210
它们 208
之前 207
配置 206
变量 206
包含 205
文本 204
可能 195
元组 195
线程 194
其他 193
用户 190
比较 189
系统 189
目录 188
协议 188
消息 186
具有 186
数字 186
因此 184
显示 184
脚本 183
解释器 182
时间 181
接口 180
标记 179
模式 178
描述 177
允许 176
包括 176
获取 176
必须 175
导入 173
引用 173
进程 172
每个 171
但是 171
结果 170
通常 170
检查 170
添加 168
解析 168
位置 166
读取 165
功能 164
条目 163
事件 163
修改 162
缓冲区 161
请参阅 160
路径 159
命令 157
一些 156
集合 155
问题 155
状态 154
因为 153
两个 153
形式 153
源代码 153
字段 151
编写 151
部分 150
开始 148
行为 145
上下文 144
则返回 144
而不是 143
然后 143
控制 141
有关 140
基于 140
处理程序 139
选择 137
生成 137
更改 136
套接字 136
子进程 135
计算 135
方式 133
记录 132
任务 132
是否 132
当前 132
请注意 131
接受 129
字节 128
工具 128
语法 127
特殊 126
如果你 125
我们 124
排序 124
检测 123
编译 123
内部 122
语言 121
更新 121
转换 121
浮点数 121
尝试 121
指针 121
如何 120
这是 120
编码 120
多个 120
应当 118
完成 117
连接 117
数组 116
目标 116
默认值 115
注释 114
循环 113
不同 112
格式化 112
数值 112
限制 111
关键字参数 110
窗口 109
特定 109
顺序 109
版后已移除 109
运算 108
应用程序 108
特性 108
日志 107
删除 107
赋值 106
安全 106
任意 106
迭代器 105
运算符 105
数据类型 105
许多 104
转换为 104
引发 104
关闭 104
信号 103
直接 103
协程 103
映射 103
警告 102
自定义 102
无法 101
平台 100
结束 100
队列 99
一样 99
改变 99
加载 99
基类 98
写入 98
初始化 98
创建一个 98
类似 98
可以使用 97
应用 97
索引 97
来自 96
结构 96
工作 96
注意 94
之后 94
说明 94
等价于 94
存储 94
确定 93
打开 93
数据库 93
例子 93
打印 92
等待 92
已经 92
带有 92
完全 92
这种 92
你可以 91
此方法 91
正则表达式 91
事件循环 91
解析器 90
某些 90
同时 90
参考 90
产生 90
查找 90
发生 89
情况 89
另一个 89
启动 89
条件 89
长度 89
指向 88
要求 88
网络 88
级别 87
内存 87
内容 87
重复 87
替代 86
搜索 86
传入 86
子句 85
适用于 85
具体 85
否则 84
实际 83
提供了 83
原始 82
二进制 82
不同的 82
替换 82
标志 82
保持 82
找到 82
帮助 82
发送 80
应该 79
压缩 79
服务 78
重新 78
链接 77
发布 77
绑定 77
就是 76
相关 76
获得 76
用来 76
非常 76
传输 76
了解 75
根据 75
保留 75
失败 75
构造器 75
这样 75
大小 75
使得 74
传递给 73
代表 73
并返回 73
舍入 72
类似于 72
可能会 72
来说 72
以便 72
可选的 72
总是 72
传递 71
添加了 71
有效 71
异步 71
正则 71
底层 70
启用 70
可以通过 70
的子类 70
文件名 70
管理 70
默认为 70
命令行 69
字面值 69
命名 69
这样的 69
给定 69
保存 69
迭代 68
大多数 68
的内容 68
符号 68
被调用 67
常量 67
查看 67
增加了 67
地址 67
则会引发 67
的结果 67
确保 67
分配 67
一次 66
发布日期 66
编程 66
自动 66
也可以 66
服务器 65
那么 65
定义了 65
添加到 65
忽略 65
某个 64
退出 64
相当于 64
同样 64
接收 64
封存 64
作者 63
的情况下 63
核心与内置 63
能够 63
移除 63
运行时 63
给出 62
如果没有 62
资源 62
教程 62
它们的 62
建议 62
出现 61
日志记录 61
撰写并实现 61
的时候 61
基本 61
给定的 61
源码 61
切片 61
共享 60
声明 60
第一个 60
海龟 60
请求 60
可用于 60
之间 60
等于 60
模拟 60
扩展模块 60
递归 60
加入 60
终端 59
的字典 59
这意味着 59
除了 59
的方式 59
针对 58
除非 58
影响 58
释放 58
缓存 58
缩进 58
命名空间 58
单个 58
可以在 57
末尾 57
生成器 57
继承 57
空格 57
贡献 57
归档 57
构造 57
关于 57
相关的 56
一种 56
介绍 56
前缀 56
内置函数 56
指南 56
显式 56
文件描述符 56
规则 55
调试 55
简单 55
解释 55
传给 55
详细 55
此模块 55
旗标 55
主要 55
环境 54
不再 54
十进制 54
否则返回 54
期间 54
阻塞 54
回调 54
返回值 54
为什么 54
最终 54
可迭代对象 54
外部 54
各种 54
内置 53
处理器 53
不需要 53
缓冲 53
注册 53
开发 53
过程 53
立即 52
标签 52
也是 52
软件 52
求值 52
仍然 52
换行符 52
标准库 52
标识符 52
更多 52
模块提供了 52
标注 52
第二个 52
实例化 51
如果一个 51
设置为 51
项目 51
全局 51
抽象 51
捕获 51
对应的 51
成功 51
精度 51
默认情况下 51
填充 51
拷贝 51
单独 51
整个 51
超时 50
颜色 50
现在会 50
直到 50
本身 50
跟踪 50
请使用 50
的话 50
装饰器 50
整型 50
随机 50
附带 49
意义 49
相等 49
之间的 49
可通过 49
这些函数 49
只是 49
被用作 49
导致 49
客户端 49
标识 49
想要 48
分别 48
属于 48
关键字 48
分发 48
是通过 48
使用了 48
而非 48
比如 48
虽然 48
终止 48
策略 48
正确 47
解包 47
格式字符串 47
的形式 47
序列化 47
三个 47
也会 47
成为 47
得到 47
大于 47
此外 47
本地 47
嵌入 46
框架 46
设计 46
成员 46
分析 46
报告 46
一般 46
回溯 45
来实现 45
指明 45
实现了 45
可选参数 45
首先 44
枚举 44
简单的 44
依赖于 44
指令 44
快速 44
会导致 44
目前 43
该模块 43
容器 43
之前的 43
插入 43
所使用的 43
阅读 43
复制 43
语义 43
位置参数 43
规范 43
概述 43
子类 43
不存在 43
即使 43
保证 43
重载 43
不会被 43
什么 43
环境变量 43
决定 43
算法 42
这里 42
如果在 42
额外的 42
之一 42
管道 42
读写 42
加载器 42
失败时返回 42
强制 42
相应的 42
相应 42
提示 42
同步 42
避免 41
考虑 41
嵌套 41
钩子 41
取消 41
称为 41
下面的 41
默认值为 41
可以是 41
提取 41
复数 41
已弃用 41
这是一个 41
及其 41
附加 41
的一部分 41
类的实例 41
取决于 41
字节串 41
历史 41
浏览器 41
字节码 41
之外 41
解压缩 41
最后 40
撰写 40
一条 40
编辑器 40
完整 40
密码 40
一个新的 40
实际上 40
风格 40
结构体 40
希望 40
提供的 40
范围 40
记录器 40
数学 40
锁定 40
只有 40
组合 40
负数 40
相反 40
引发一个 40
优先级 39
有用的 39
下列 39
空间 39
因为它 39
现有 39
拥有 39
必须为 39
被用来 39
软件包 39
无论 39
不支持 39
机制 39
的顺序 39
这个类 39
对应于 39
安装程序 39
仅在 39
都会 39
精确 39
额外 39
增加 39
兼容 38
命令行选项 38
小于 38
引发异常 38
核心 38
控件 38
组成的 38
抽象基类 38
返回一个新的 38
内置的 38
将引发 38
正确的 38
意味着 38
节点 38
包装 38
情况下 38
被使用 38
假定 37
可选 37
文件对象 37
在这种情况下 37
转义 37
常规 37
操作系统 37
只能 37
字符串列表 37
的完整 37
类定义 37
一节 37
性能 37
构造函数 37
可用性 37
大量 37
被执行 37
脚注 37
已被 37
他们 37
几个 36
系统上 36
发起调用 36
上述 36
拼接 36
视图 36
覆盖 36
列出 36
配置文件 36
基础 36
计数 36
一致 36
还可以 36
可以被 36
上下文管理器 36
只读 36
该对象 36
动态 36
该函数 36
的改变 36
被视为 36
超过 35
以下是 35
还是 35
该值 35
修复 35
正常 35
连续 35
按位 35
作用域 35
知道 35
静态 35
有一些 35
维护 35
摘要 35
自己 35
宽度 35
优化 35
实体 35
完整的 35
发出 35
类对象 35
的功能 35
为零 35
文档字符串 35
空字符串 35
这个模块 35
接受一个 35
局部变量 35
分隔 34
被用于 34
小节 34
放入 34
的其他 34
数量 34
很有用 34
再次 34
被取消 34
作为参数 34
发行版 34
公开 34
初始 34
制表符 34
另一 34
组件 34
交互 34
字母 34
开发者 34
和其他 34
会引发 34
审计事件 34
会返回 34
这样做 34
分隔符 34
调整 34
区域 34
高效 34
编译器 34
子目录 34
坐标 34
禁用 34
方面 34
时区 34
特定的 33
形状 33
遍历 33
是一种 33
面板 33
自身 33
显式地 33
手册 33
多线程 33
数据流 33
遇到 33
继续 33
固定 33
可变 33
假设 33
至少 33
一系列 33
细节 33
特别 33
菜单 33
差异 33
变化 33
对象类型 33
编解码器 32
不必 32
第三方 32
对话框 32
同一 32
二进制数据 32
代码对象 32
导出 32
推导式 32
其中包含 32
工具示例 32
回退 32
会产生 32
一个包含 32
验证 32
下划线 32
另外 32
新增 32
文件系统 32
这个例子 32
算术 32
可调用对象 32
如果存在 32
停止 32
推荐 32
逻辑 32
浮点 32
层级 32
可以为 31
包含了 31
复杂 31
本节 31
看到 31
该方法 31
动作 31
元数据 31
清理 31
绝对 31
成功时返回 31
相对 31
概念 31
赋值给 31
列表中 31
适当的 31
样式 31
打包 31
准确 31
包含在 31
长度为 31
时被调用 31
电子邮件 31
方案 31
很多 31
的长度 31
适合 30
句柄 30
其中的 30
可被用来 30
甚至 30
抛出 30
的符号 30
全局变量 30
恢复 30
始终 30
超出 30
你可以使用 30
头文件 30
持久化 30
管理器 30
来表示 30
中移除 30
增量 30
收集 30
全部 30
多种 30
反斜杠 30
进入 30
单独的 30
定制 30
多次 30
构建和 30
名为 30
统计 29
不包含 29
下载 29
解决 29
最初 29
总是会 29
最大 29
不带 29
不可用 29
创建一个新的 29
组织 29
时返回 29
线程中 29
下层的 29
移植到 29
加上 29
合并 29
隐式 29
陷阱 29
所提供的 29
机器 29
的内存 29
结尾 29
可用的 29
起来 28
绑定到 28
会自动 28
后者 28
然而 28
所返回的 28
等级 28
所有的 28
相比 28
而且 28
所需的 28
指定一个 28
描述器 28
开头 28
签名 28
后续 28
系统调用 28
单元 28
来获取 28
分布 28
引入 28
的语法 28
它可以 28
无效的 28
最小 28
序号 28
源文件 28
代码块 28
处于 28
垃圾回收 28
任何其他 28
仅限 28
别名 28
设备 28
交互式 27
当你 27
以下代码 27
私有 27
将它们 27
命令行参数 27
重要的 27
原因 27
的工具 27
讨论 27
等价 27
堆栈 27
表示形式 27
简化 27
代理 27
引号 27
单词 27
模块中的 27
方法来 27
分组 27
只要 27
最好 27
可能是 27
为真值 27
时候 27
附带参数 27
权限 27
高级 27
原地 27
解码 27
如果未 27
并将其 27
遵循 27
调度 27
继承自 26
可能需要 26
通常是 26
优先 26
非阻塞 26
编码格式 26
改进 26
相对于 26
此方法会 26
图形 26
监视器 26
采用 26
你应该 26
监视 26
命令行界面 26
此操作 26
程序员 26
调试器 26
常见 26
平台上 26
你必须 26
所定义的 26
示例中 26
速度 26
的最小 26
的最大 26
有两个 26
范围内 26
可等待对象 26
按照 26
表示为 26
的替代 26
每次 26
虚拟环境 26
语句中 26
主机 26
重置 26
我们可以 26
存在于 25
如果不 25
效率 25
一旦 25
两者 25
函数对象 25
函数定义 25
来创建 25
非零 25
明确 25
来处理 25
序列类型 25
自己的 25
更容易 25
复杂的 25
挂起 25
日志记录器 25
了解详情 25
现在将 25
在其他情况下 25
允许你 25
方式是 25
参数列表 25
下面 25
放在 25
许可 25
混合 25
描述了 25
一个列表 25
简单地 24
真正 24
通信 24
字符串或 24
函数来 24
页面 24
还有 24
指示 24
如果未指定 24
作为一个 24
元字符 24
同样的 24
封装 24
回显 24
稳定 24
章节 24
通过使用 24
外部函数 24
如果你想要 24
那些 24
交换 24
经常 24
系统中 24
它必须 24
但不 24
不会再 24
关键 24
提示符 24
屏幕 24
导入模块 24
如果有 24
个字节 24
并返回一个 24
大小写 24
此函数会 24
导入机制 24
字典中 24
取值 24
识别 24
普通 24
就像 24
也可能 24
的第一个 24
必须是 24
的别名 24
插值 24
来执行 24
涉及 24
两种 24
结果是 24
冻结 24
中的所有 24
则返回真值 24
受限 23
有效的 23
你可能 23
工厂函数 23
无符号 23
隐藏 23
派生 23
一个异常 23
最后一个 23
中断 23
唤醒 23
局部 23
等等 23
为空 23
为真 23
对齐 23
则将引发 23
则会使用 23
容易 23
被设为 23
的应用 23
当然 23
标记为 23
但它 23
理解 23
发送到 23
类实例 23
当使用 23
的当前 23
必须在 23
无限 23
计算机 23
只会 23
满足 23
布尔值 23
列表推导式 23
你可以通过 23
是因为 23
或其他 23
如何使用 23
有限 23
引发的异常 23
副本 23
符合 23
会显示 23
抽取 23
尽可能 22
找不到 22
临时 22
风格的 22
静默 22
回调函数 22
标头 22
看起来 22
另请参阅 22
这些方法 22
怎样 22
包含的 22
刷新 22
东西 22
格式单元 22
是为了 22
的大小 22
解释器中 22
通过调用 22
最多 22
在运行时 22
主题 22
组成 22
空白符 22
具有与 22
的末尾 22
中定义的 22
内容的 22
更多的 22
不允许 22
依赖 22
段落 22
在某些 22
原型 22
上面的 22
空白字符 22
可以用 22
为假值 22
远程 22
指定了 22
你自己的 22
接近 22
哈希 22
预期 22
修正 22
开发人员 22
查询 22
技术 21
清除 21
演示 21
的开头 21
技巧 21
的不同 21
你也可以 21
丢失 21
日期 21
层次结构 21
直接使用 21
手动 21
补全 21
参数为 21
相似 21
独立 21
用于创建 21
更多细节 21
种方式 21
可能的 21
最近 21
上下文变量 21
括号 21
此行为 21
请改用 21
非常有用 21
以下方法 21
简短 21
应用程序中 21
位于 21
必须为一个 21
安排 21
在所有 21
只有在 21
详情 21
提供了一些 21
测量 21
这相当于 21
一个整数 21
效果 21
兼容性 21
撰写由 21
终结 21
省略 21
将导致 20
常见问题 20
有什么新变化 20
加密 20
绘图 20
舍入到 20
文件格式 20
程度 20
反向 20
延迟 20
圆括号 20
弹出 20
升级 20
经过 20
在内部 20
存储在 20
失败时 20
数字类型 20
嵌套的 20
记住 20
那样 20
这允许 20
这两个 20
活动 20
专门 20
的返回值 20
分块 20
专属的 20
一个名为 20
十六进制数 20
使用以下 20
写入到 20
都可以 20
调用者 20
这个函数 20
匹配对象 20
自动换行 20
认为 20
变得 20
子类化 20
才会 20
调用此方法 20
的基础 20
透明 20
代替 20
配合 20
传入的 20
随后 20
代码中 20
两个参数 20
内置类型 20
唯一 20
具有相同的 20
函数返回 20
学生 20
十进制数 20
目录中 20
多边形 20
现在支持 20
装饰 20
尺寸 20
常见的 20
一个字符串 20
需要使用 20
字节数组 20
移动 20
所用的 20
可执行文件 20
方便 20
方向 20
包装器 19
区别 19
原生 19
分配器 19
事实 19
共享库 19
减少 19
您可以 19
不带参数 19
导入系统 19
三种 19
这一点 19
的可迭代对象 19
剩余 19
可能导致 19
成员的 19
让我们 19
表明 19
引擎 19
函数调用 19
开头的 19
过滤器 19
一致性 19
解读为 19
不受 19
旨在 19
实例属性 19
类别 19
以外 19
假值 19
提供了一种 19
标题 19
因此在 19
拆分 19
替换为 19
字符串字面值 19
来指定 19
步骤 19
才能 19
以获取 19
另一种 19
存放 19
也可 19
现在接受 19
数量的 19
第一个参数 19
尽管 19
的第一 19
子句体 19
的各种 19
开源 19
秒数 19
提交 19
如果需要 19
参数指定 19
一份 19
冲突 19
方法可以 19
的描述 19
除外 19
的基本 19
进行比较 19
了解有关 19
现在是 19
出现在 19
开销 19
丢弃 19
被移除 19
控制台 19
要使用 19
后面 19
可能不 19
本章 19
并不会 19
作用域中 19
本机 19
相当 19
版本中 19
更多信息 19
第二个操作数 18
的结果如果失败返回 18
交互模式 18
均为 18
累积 18
映射到 18
仅仅 18
第二 18
典型 18
垃圾 18
编辑 18
激活 18
学习 18
适配 18
高阶 18
前面 18
添加了新的 18
列表对象 18
负责 18
也不 18
很好 18
等效 18
补丁 18
是否有 18
只需 18
传入一个 18
一个实例 18
原语 18
会被忽略 18
计划 18
的一些 18
例外 18
而不会 18
上调用 18
代理对象 18
最高层级 18
因为它们 18
它们将 18
介绍了 18
现在可以 18
无穷大 18
创建时 18
被引发 18
的含义 18
被认为 18
被称为 18
键值对 18
不是一个 18
相对导入 18
启动器 18
标准输出 18
操作数 18
中的值 18
下文 18
会发生 18
上面 18
还提供了 18
它们会 18
必须不为 18
属性引用 18
子模块 18
以下示例 18
特殊方法 18
我们将 18
画笔 18
不应 18
漏洞 18
来确定 18
约定 18
重要 18
已被移除 18
将不会 18
旧版本 18
这个方法 18
内存块 18
并且不 18
它们在 18
这等价于 18
并没有 18
它们是 18
有可能 18
将自动 18
出来 18
算术运算 18
的更多信息 17
该文件 17
用户自定义 17
中没有 17
涵盖 17
逗号 17
或者如果 17
密钥 17
解析树 17
版权 17
一个元组 17
先前 17
视为 17
区域设置 17
档案 17
大致 17
证明 17
你需要 17
此处 17
所描述的 17
弃用 17
引发了 17
通常会 17
方便地 17
并不是 17
适当 17
将结果 17
已经被 17
已存在 17
在其他 17
空格符 17
描述符 17
确实 17
如下所示 17
本文 17
程序中 17
相关联 17
结果状态 17
将被忽略 17
一起使用 17
来源 17
联合 17
数据类 17
的文件名 17
终结器 17
编码和解码 17
模块定义了 17
你所 17
定义了一个 17
版本号 17
都会被 17
未定义 17
不包括 17
不保证 17
且不 17
就会 17
模块提供了一个 17
其他线程 17
搜索路径 17
调试模式 17
就可以 17
强制转换 17
协程对象 17
清晰 17
列出了 17
它会在 17
构成的 17
国际化 17
哪些 17
唯一的 17
来访问 17
的原因 17
的指数 17
未被 17
这通常 17
监听 17
序列对象 17
严格 17
敏感 17
上限 17
尚未 17
生效 17
如果要 17
邮件列表 17
实例变量 17
如果该 17
自由 17
子集 16
可被用于 16
安装程序以使用 16
了一些 16
方括号 16
文档中 16
调用时 16
花括号 16
筛选 16
队列中 16
足够 16
无效 16
所指定的 16
恰好 16
一个或多个 16
不同于 16
与其他 16
模块名称 16
模块内容 16
的一种 16
引入了 16
第一次 16
为单位 16
在任何 16
数据结构 16
可变对象 16
匹配任何 16
有必要 16
特别是 16
出现的 16
现有的 16
翻译 16
并非 16
命名空间中 16
跳过 16
类属性 16
是有效的 16
如果文件 16
检索 16
是可选的 16
如果你想 16
建立 16
结合 16
关联的 16
包含一个 16
断言 16
变体 16
逗号分隔 16
参阅 16
泛型 16
之后的 16
用法示例 16
结果的 16
结构化 16
扩展名 16
内建 16
冒号 16
请参见 16
否则将 16
具有相同 16
它允许 16
很容易 16
明显 16
达到 16
发生了 16
通知 16
是一个包含 16
可用来 16
已弃用的 16
双曲 16
它应该 16
如何在 16
多少 16
提升 16
打印出 16
自然 16
含义 16
会通过 16
直接访问 16
原子 16
反汇编 16
是什么 16
中找到 16
类型对象 16
其他对象 16
其中一个 16
的日志记录 16
中包含 16
中查找 16
令人 16
调度策略 16
表达 16
模板 16
会影响 16
许可证 16
语法错误 16
场景 16
的子类型 16
被转换为 16
被添加到 16
没有任何 16
字符串表示 16
概率 16
返回当前 16
受到 15
信号处理程序 15
命名空间包 15
像这样 15
可读 15
它是一个 15
开发模式 15
等同于 15
双引号 15
运算数 15
你想要 15
一个参数 15
弱引用 15
起始 15
文本模式 15
某种 15
也支持 15
其他的 15
生成器表达式 15
格式化字符串 15
查找器 15
的权标值 15
该异常 15
预定义 15
有两种 15
兼容的 15
整型数 15
持续 15
文件描述符的 15
转换为字符串 15
操作码 15
正式版 15
公共 15
错误信息 15
重写 15
错误报告 15
静态类型 15
链接到 15
引用计数 15
是由于 15
如果您 15
都有 15
最常见的 15
的容器 15
不变 15
请查看 15
几种 15
以外的 15
向下 15
类型提示 15
中所有 15
的一个别名 15
边界 15
的事件循环 15
函数和类 15
时才 15
扫描 15
反序列化 15
轻松 15
首选 15
传播 15
严重 15
世界 15
表示法 15
说明符 15
这使得 15
灵活 15
专属 15
消除 15
为基数 15
的对应 15
的唯一 15
向下兼容 15
的名字 15
的特定 15
的常量 15
日程 15
的副本 15
的成员 15
中的元素 15
更快 15
相匹配 15
在此情况下 15
过滤 15
此方法将 15
当前上下文 15
存在则 15
可以直接 15
可以选择 15
可以提供 15
准备 15
并附带 15
将所有 15
可打印 15
样本 15
已安装 15
中的文件 15
类型的对象 15
片段 15
必要的 15
地方 15
限定 15
出现于 15
给出的 15
子类型 15
也可以通过 15
如果给出 15
被设置为 15
排列 15
可以将 15
排除 15
可移植 15
提供一个 15
符号链接 15
集成 15
被导入 15
按钮 15
被求值 15
传统 15
转换器 15
模块的文档 15
会返回一个 15
旧式 15
将按 14
通道 14
被作为 14
定位 14
缺少 14
区分 14
最高 14
非空 14
空白 14
到达 14
时钟 14
编号 14
放置 14
后缀 14
编码器 14
特征属性 14
默认行为 14
中添加 14
返回结果 14
中搜索 14
受支持的 14
中进行 14
中新增 14
获得锁 14
转换成 14
必须使用 14
可哈希 14
方法调用 14
执行器 14
后续的 14
被阻塞 14
字节顺序 14
字节数据 14
如果两 14
规格说明 14
的变化 14
使用它们 14
操作数的 14
一段 14
是否为 14
是如何 14
正态分布 14
如果所 14
如果它 14
其他错误 14
其他语言 14
时间戳 14
直接调用 14
最接近的 14
性能优化 14
实现细节 14
种不同 14
空列表 14
一个带有 14
一个字典 14
这种情况 14
应用中 14
特定于 14
最后一 14
窗口中 14
已编译 14
有一种 14
有许多 14
有意义 14
支割线 14
错误码 14
第一行 14
偏移量 14
检测到 14
算法的 14
在同一 14
打开一个 14
不能用 14
中被移除 14
中使用的 14
存在的 14
在没有 14
在这个 14
时区数据 14
进行排序 14
单位 14
参数调用 14
如果指定 14
所支持的 14
所对应的 14
的平台上 14
是不可变的 14
间隔 14
间接 14
星期 14
喜欢 14
深度 14
科学 14
写成 14
一个简单的 14
邮件 14
轮询 14
是线程安全的 14
的符号链接 14
的可调用对象 14
详情参见 14
命令行接口 14
格式化程序 14
几乎 14
架构 14
往往 14
收到 14
字节串对象 14
触发 14
守护 14
前导 14
的某个 14
命名元组 14
赋值语句 14
其他语言特性修改 14
的精度 14
的两个 14
的缩进 14
的数量 14
错误消息 14
日志消息 14
压缩数据 14
安全地 13
弱引用对象 13
显示了 13
下层 13
从未 13
迭代器对象 13
所有其他 13
整数或 13
具体实现 13
二进制文件 13
内存分配器 13
初始化器 13
移除了 13
预期的 13
比特位 13
方法的对象 13
文件进行 13
方法返回一个 13
主机名 13
派生类 13
跨平台 13
对象具有 13
多重 13
索引号 13
精确的 13
更多信息请参阅 13
赋值为 13
这些模块 13
命名为 13
是一个字符串 13
这个问题 13
的正则表达式 13
第一个操作数 13
生成一个 13
空行 13
一个用于 13
合理的 13
一个元素 13
总是返回 13
文件类对象 13
区别在于 13
对象类型的 13
枚举成员 13
补全函数 13
形式返回 13
帮助消息 13
会先 13
会话 13
十六进制 13
相互 13
种情况下 13
调用函数 13
异常会被 13
错误处理 13
插入顺序 13
上下文中 13
等待直到 13
时差 13
指针类型 13
向后兼容 13
指涉对象 13
增强赋值 13
时就 13
添加一个 13
小写字母 13
相关信息 13
包含以下 13
从左至右 13
从字符串 13
编程语言 13
图像 13
打头 13
图片 13
换句话说 13
定义一个 13
被调用时 13
包用户指南 13
只有一个 13
解封 13
不受支持 13
解决方案是 13
如果参数为 13
字母数字 13
如果指定了 13
在内存中 13
方式打开 13
更复杂的 13
将会引发 13
二进制流 13
的最后一个 13
更好的 13
不一定 13
强大 13
工厂 13
的内置 13
的因此 13
在多个 13
转化为 13
告诉 13
的附加 13
流程 13
中提取 13
可读性 13
角度 13
将总是 13
项目的 13
之内 13
以允许 13
结果将 13
创建了 13
否则为 13
期望的 13
类似地 13
各个 13
年份 13
被添加 13
被关闭 13
被修改 13
被设置 13
最低 13
设置了 13
会生成 13
磁盘 13
设置或 13
意外 13
攻击 13
一致的 13
追踪 13
哪个 13
模块级 13
相等的 13
数据并 13
余数 13
个空格 13
不应该 13
生产 13
外层 13
独立的 13
凭据 13
至多 13
操作符 13
来完成 13
类变量 13
足以 13
它还 13
展示了 13
消耗 13
每个键 13
进一步 13
平均值 13
正确地 13
致谢 13
键值 13
则引发 13
注册表 13
还需要 13
切换 13
本文档 13
简单型 13
它会被 13
应该是 13
稍后 13
特别地 13
所述 13
时才会 13
时它会 13
折叠 12
历史文件 12
溢出 12
早期 12
链接器 12
也就是说 12
用这个 12
作为脚本 12
允许用户 12
是用于 12
仅限位置 12
因此如果 12
的多个 12
的单词 12
的全部 12
但是如果 12
你可以在 12
路径对象 12
的写法 12
的回调 12
换行 12
构造一个 12
的能力 12
的算法 12
的概念 12
的最佳 12
它包含 12
为整数 12
用于在 12
套件 12
内存管理器 12
采样 12
必须是一个 12
函数的参数 12
组成的列表 12
重载此方法 12
很大 12
异步生成器 12
第一 12
动态链接库 12
日期和时间 12
周期 12
从而 12
正式 12
弧度 12
语法分析程序 12
移至 12
的文件描述符 12
无穷 12
布局 12
布尔 12
小写 12
随机数生成器 12
在之前版本中 12
每条 12
指导 12
上下文管理器的 12
期望 12
而言 12
滚动 12
广泛 12
乘法 12
禁止 12
的抽象基类 12
音频 12
它接受一个 12
用户定义的 12
延伸 12
难以 12
如果你需要 12
去除 12
清空 12
辅助 12
美化 12
可以是任何 12
打开的文件 12
数据描述器 12
可靠 12
代码中使用 12
会创建一个 12
字符串中的 12
响应 12
字符串形式 12
在命令行中 12
提供了一个 12
公有 12
平方 12
如果可能 12
一个字符 12
要获取 12
下方式 12
写入文件 12
将匹配 12
的浏览器 12
的优先级 12
创建新的 12
将作为 12
并设置 12
入门 12
方便的 12
方式来 12
如果给定 12
现在可 12
需求 12
通用的 12
通过将 12
大部分 12
进行迭代 12
在这里 12
以下函数 12
在一起 12
软件包的 12
在每次 12
在未来 12
字节序 12
不完整 12
同名 12
静默地 12
足够的 12
因为在 12
尾随 12
序列中 12
复数的 12
列出的 12
互联网 12
作用于 12
起作用 12
允许在 12
流行的 12
隐式地 12
取反 12
有以下 12
关联 12
低层级 12
最新的 12
最小的 12
声明为 12
委托给 12
最简单 12
对话框的 12
文件类型 12
子句中 12
或更多 12
这个对象 12
接下来 12
这种方式 12
以避免 12
可能为 12
函数可以 12
函数用于 12
类型检查 12
可以从 12
展示 12
存档 12
直至 12
中读取 12
中删除 12
返回包含 12
应当使用 12
以防止 12
或者一个 12
可表示 12
实例对象 12
感知型 12
新增了 12
较大 12
时如果 12
请求的 12
来构建 12
异常处理 12
是基于 12
上下文行 12
协程函数 12
是包含 12
是作为 12
更易 12
关系 12
可以用来 12
可以包含 12
不安全 12
模块提供 12
模块层级 12
模块包含 12
会被视为 12
只需要 12
计时器 12
被设计为 12
计数器 12
更早 12
被替换为 12
限定名称 12
更好 12
更大 12
不同类型 12
被当作 12
成功时返回结果在失败时抛出一个异常并返回 12
在命令行 12
大写字母 12
提议 12
会抛出 12
提高 12
当前进程 12
内存地址 12
容器对象 12
为止 12
所属 12
它只 12
感谢 12
传统的 11
的部分 11
执行时 11
会阻塞 11
好处 11
此类推 11
的便捷 11
数组中 11
你可以用 11
例如以下 11
当前位置 11
当且仅当 11
可接受 11
内置异常 11
可能在 11
可用作 11
很重要 11
会被求值 11
数则返回 11
参数则 11
的机制 11
的通用 11
复合语句 11
代表一个 11
不兼容 11
不变量 11
的性能 11
执行任何 11
被初始化 11
使用默认 11
被传播 11
不幸的是 11
字符类中 11
正在等待 11
它并不 11
解析为 11
所有子 11
来进行 11
进先出 11
所产生 11
所在的 11
正则匹配 11
用户可 11
组成部分 11
如何从 11
如何将 11
工具集 11
如果是 11
如果此 11
都有一个 11
引发错误 11
于所有 11
完成后 11
中选择 11
下列方法 11
的地方 11
多项集 11
及其他 11
标准库中 11
标准输入 11
过程中 11
的地址 11
类和函数 11
器对象 11
返回给定 11
新特性 11
时区的 11
实例方法 11
正整数 11
分析器 11
该名称 11
该实例 11
加一个 11
递归地 11
的内存块 11
无法被 11
的代码块 11
消费者 11
的高层级 11
版协议 11
的做法是 11
而无需 11
所有平台 11
所指向的 11
而不再 11
未指定 11
所生成的 11
安装了 11
近似值 11
双精度 11
差异的 11
键和值 11
序列或 11
灵活的 11
哈希值 11
捷方式 11
普通的 11
用于表示 11
语言核心 11
安装包 11
小数点 11
位运算 11
表示一个 11
文件中的 11
文件末尾 11
环境中 11
中出现的 11
标准差 11
期间发生 11
选项卡 11
结果值 11
已有的 11
中的函数 11
将显示 11
中的任何 11
将不再 11
控制器 11
获取一个 11
当前的 11
造成 11
更新为 11
可以作为 11
更好地 11
方法都 11
提供对 11
通常不 11
用于处理 11
其内容 11
有效位 11
发生异常 11
发生错误 11
关联到 11
同名的 11
在你的 11
或更高 11
如果设置 11
应当为 11
如果参数 11
接收到 11
保存在 11
果提供了 11
类位于 11
随着 11
参数必须是 11
缓冲区大小 11
复合 11
域名 11
四个 11
共同 11
仅当 11
权重 11
的引用计数 11
正负 11
寻找 11
点击 11
的详细信息 11
的操作系统 11
发行 11
的所有元素 11
一个单独的 11
即可 11
一个有效的 11
种子 11
两次 11
字符串格式化 11
损坏 11
在默认情况下 11
或者是一个 11
里面 11
物理 11
改进的模块 11
载入 11
函数式编程 11
杂项 11
其他类型的 11
按键 11
界面 11
异常处理器 11
事项 11
上面的例子 11
还有一个 11
堆中 11
优点 11
潜在 11
不仅 11
失效 11
输入和输出 11
操作系统的 11
沿着 11
编码与解码 11
判断 11
利用 11
鼠标 11
泛型类型 11
基于生成器的协程 11
为零则 11
为负值 11
逻辑运算 11
防止 11
一样的 11
背景 11
真值 11
配置字典 11
已知 11
整型转化成一个 11
计时 11
其子类型的实例 11
路径条目查找器 11
几乎所有 11
二元 11
测试用例 11
的改进 11
对象的类型 11
熟悉 11
基准 11
词法分析 11
的相应 11
带有一个 11
易受攻击 11
举例来说 11
表达式列表 11
紧凑 11
解锁 11
的开销 11
距离 11
就不 10
整数值 10
第三个 10
适用 10
则表示 10
元组中 10
更高 10
两个值 10
列表或 10
已从 10
但也 10
实例时 10
容差 10
应当被 10
合适的 10
地址的 10
基本上 10
基本的 10
合法的 10
总结 10
取出 10
保护 10
正常的 10
添加新 10
长整型 10
出错 10
未来 10
变种 10
重入 10
限制为 10
所示 10
回复 10
完毕 10
有趣 10
该类的 10
长时间 10
展开 10
确定性 10
因此它 10
上可用 10
就必须 10
显然 10
查阅 10
然后再 10
必需 10
字面 10
重定向 10
异常类 10
值得 10
规格 10
安装到 10
但它们 10
但不会 10
参看 10
而不必 10
面向 10
某一 10
都支持 10
所需 10
以读写 10
大写 10
来提供 10
请访问 10
解码器 10
这篇 10
随机性 10
时这个 10
新增的 10
新闻组 10
占位 10
绘制 10
常用的 10
以下人 10
匿名 10
以字节 10
歧义 10
屏蔽 10
截断 10
虚拟 10
得到的 10
编译时 10
虚部 10
可读的 10
可执行 10
可查找 10
首次 10
它将被 10
的有用 10
的项目 10
的范围 10
的速度 10
的事情 10
的空格 10
写入的 10
的只读 10
为每个 10
的需求 10
的句法 10
和写入 10
可继承 10
一次性 10
一个空 10
专用 10
这样就 10
对齐方 10
语法上 10
一章 10
语句体 10
一起 10
一点 10
团队 10
弦值 10
密集 10
不希望 10
存储为 10
在具有 10
清楚 10
大小和 10
端口 10
提供给 10
更高级 10
尤其 10
更简单 10
例如要 10
流式 10
不能为 10
近似 10
场合 10
向左 10
高度 10
将根据 10
按下 10
负值 10
值表示 10
嵌入到 10
嵌入式 10
比特 10
则会在 10
行为与 10
可扩展 10
打印到 10
打包的 10
补零 10
此外还 10
词法 10
此功能 10
副作 10
矩阵 10
会直接 10
会出现 10
左侧 10
则需要 10
传输的 10
左边 10
被赋值 10
被写入 10
被加入 10
被访问 10
只包含 10
相应地 10
相似的 10
不可变 10
十分 10
不可能 10
下面是一个 10
会被执行 10
后续调用 10
关键字形参 10
被设计用 10
被传递给 10
被定义为 10
相对路径 10
类的新实例 10
类型的实例 10
在不同的 10
在交互式 10
在必要时 10
最新版本的 10
很小 10
例如如果 10
例如使用 10
当前目录 10
内置模块 10
并且没有 10
二进制浮点 10
二进制模式 10
将日志记录 10
将返回一个 10
将其转换为 10
路径不存在 10
压缩和解压 10
感到 10
演示了如何 10
警告的基类 10
警告过滤器 10
参数必须 10
读取数据 10
感兴趣的 10
目标列表 10
名称的模块 10
方法可用于 10
中的一个 10
中的重要 10
缓冲区接口 10
过滤器链 10
弃用并将在 10
可能无法 10
使用自定义 10
可变序列 10
增加了新的 10
也可以使用 10
底层库中的 10
画笔颜色 10
面列出的 10
面向对象 10
也可以是 10
每个模块 10
使用当前 10
原始字符串 10
缓冲协议 10
这可以通过 10
因此可以 10
还要注意 10
知道如何 10
位分隔符 10
文件和目录 10
系统路径 10
序列长度 10
整数表示 10
压缩文件 10
辅助函数 10
启动方法 10
填充颜色 10
运算数是 10
舍入模式 10
测试代码 10
有可能的 10
下列函数 10
通常情况下 10
字符串文字 10
标准错误 10
返回值为 10
默认使用 10
基于哈希 10
实际上是 10
低层级的 10
以十进制数 10
读取或写入 10
模块属性 10
阻塞直到 10
调用一次 10
创建并返回 10
重新引发 10
继续执行 10
省略或为 10
正在运行 10
单个字符 10
的一个子类 10
的版本中 10
的下一个 10
本章中描述的模块 10
海龟的 10
如果失败返回 10
用户界面 10
八进制 10
逻辑值 10
为给定的 10
不会执行溢出检查 10
为真值则 10
标准类型层级结构 10
算直接使用它储存结果 10
个字符的 10
发生改变 10
的绝对值 10
这些参数 10
在大多数情况下 10
所创建的 10
创建虚拟环境 10
的键和值 10
一个简单的例子 10
一个可调用对象 10
事件循环方法 10
如果路径指向 10
对于一个 10
所有这些 10
它们可以 10
自动创建 10
主模块 10
栈回溯 10
连接到 10
一个完整 10
如果可选 10
该构造器接受一个可选的 10
模块中定义的 10
一个协程 10
此模块提供了 10
成员检测 10
如果对象 10
是这样的 10
推荐的 10
不同之处在于 10
如果定义了 9
如果为 9
因此这 9
弃用的 9
要使用的 9
感兴趣 9
字符串方法 9
如果你使用 9
最新 9
了用于 9
会引发异常 9
对象进行 9
可以通过在 9
来生成 9
来读取 9
地说 9
种类型的 9
来避免 9
最简单的 9
时会被 9
字符串参数 9
非负 9
一部分 9
的因为 9
布尔运算 9
的值是 9
什么是 9
解读 9
为当前 9
映射中 9
一行的 9
的作用 9
错误时 9
集合中 9
这可能 9
这可以 9
名称映射 9
高层级的 9
高层级 9
每个元素 9
是所有 9
是没有 9
是可变 9
的参数列表 9
的解决方案 9
但不是 9
对象可以 9
的简单 9
是对于 9
共享内存 9
的更多 9
的差异 9
退出时 9
路径名 9
产生一个 9
生成器对象 9
的计数 9
会把 9
用户定义 9
打开文件 9
随机字节 9
用于确定 9
正态分布的 9
代码块的 9
分块的 9
时会引发 9
用于实现 9
则将其 9
被丢弃 9
实例并 9
如果模块 9
被捕获 9
结果为 9
分开 9
将打印 9
中的每个 9
你想 9
将其设 9
如何处理 9
例子中 9
如果你不 9
标注的 9
因而 9
有不同 9
至少有 9
其他方 9
可能包含 9
将是一个 9
被改变 9
返回真 9
内存分配 9
内存块的 9
合理 9
并返回其 9
不太 9
该参数 9
一个例子 9
如果它们 9
中显示 9
中定义 9
如果我们 9
方法和属性 9
过去 9
下面的例子 9
被弃用 9
被传给 9
或者是 9
被忽略 9
被创建 9
现在已 9
定义为 9
在大多数 9
会打印 9
构成 9
均可 9
提供了更 9
模式下 9
每一 8
委托 8
上下文管理 8
把它 8
最佳 8
模块实现了 8
参数的函数 8
移植 8
其余 8
返回的对象 8
详细信息请参 8
创建一个新 8
的扩展模块 8
无需 8
进程中 8
系列 8
事情 8
一个浮点数 8
生成器函数 8
和协 8
十进制浮点 8
这种情况下 8
最接近 8
元组或 8
程控制 8
如果省略 8
注册的 8
解决方案 8
类可以 8
函数体 8
结果会 8
异常则 8
将每个 8
将会被 8
并且它 8
可以定义 8
更高的 8
方法也 8
通常用 8
数据库中 8
在以下 8
数据格式 8
在这些 8
精度的 8
永远不 8
演示了 8
余部分 8
对象作为 8
对象是否 8
对象会被 8
对象或者 8
对象例如 8
还没有 8
不匹配 8
你希望 8
仍然可 8
的大部分 8
都必须 8
上现在 8
种方式来 8
进程时 8
有自己的 8
如果可 8
没有可用 8
发布版 8
发生时 8
用于从 8
指向一个 8
它们不 8
它们也 8
它们都 8
两个操作 8
使用内置 8
的效果 8
的归档 8
消息发送 8
的时区 8
的值会 8
个参数 8
自动将 8
这两种 8
这是由 8
模块可以 8
后的结果 8
被解析 8
被解释 8
存在一个 8
会将其 8
会破坏 8
在程序中 8
会发出 8
可变的 8
可调用 8
可以让 8
语言中 8
必须返回 8
包含于 8
函数创建 8
以用作 8
于其他 8
时发生 8
随机数 8
两个方法 8
给出了 7
因此你 7
已被弃用 7
整型转化成 7
能包含 7
如果其 7
零值 7
要执行 7
匹配字符 7
特征 7
要注意 7
模块还 7
绝对值 7
其他模块 7
的方式来 7
一个线程 7
时可以 7
该模块提供 7
就能 7
内存管理 7
是需要 7
有其他 7
所生成 7
其他方法 7
代码段 7
永远 7
注册一个 7
库参考 7
快捷 7
表示类型 7
版本上 7
的泛型 7
对应的值 7
三个参数 7
些模块 7
下内容 7
制表 7
地调用 7
用于获取 7
定义了以下函数 7
模块定义了以下 7
中出现 7
这些类型 7
新的函数 7
不会在 7
类提供了 7
字段名 7
破坏 7
请注意此 7
可以通过将 7
的规范 7
的区域 7
的动态 7
让你 7
未来的 7
使用标准 7
的每一 7
个实例 7
被省略 7
是这样 7
了许多 7
模块定义 7
了这个 7
也就是 7
也可以在 7
是不可 7
模式打开 7
相同类型 7
定义了以下 7
在当前 7
引用对象 7
字典的键 7
从左 7
用于将 7
你的代码 7
数表示的 7
的最后一 7
中我们 7
语言特性 6
类对象的 6
这里有 6
以这样 6
异常都 6
是非常 6
增强 6
的工厂 6
层次 6
不可变的 6
返回真值 6
完全不 6
参数可以 6
设置一个 6
类定义了 6
在给定 6
对象提供 6
受支持 6
易于 6
浏览 6
此模块中 6
的值将 6
包含所 6
包括在 6
可以把 6
数组对象 6
一步 6
用方式 6
在不同 6
没有可 6
数默认为 6
如果没有给 6
类提供 6
线程安全 6
对象的引用 6
对象转换为 6
未找到 6
当提供 6
格式字符 6
一个可选的 6
发起 6
些工具 6
伪随机 6
如果设 6
一个迭代器 6
都是可 6
它需要 6
存在一 6
泛型类 6
做法 6
旧版 6
记录器的 6
详细信息 6
个元素 6
的下一 6
能用于 6
的过滤器 6
读取并 6
和关键字 6
便捷 6
自定义类 6
个列表 6
一个特殊 6
这两 6
读取一 6
于特定 6
参数都 6
导入时 6
其他值 6
个或多个 6
有定义 6
层级的 6
之前被 6
为默认值 6
会保留 6
一个类似 6
会等待 6
值可能 6
转化 6
一个事件 6
无论是 6
时引发 6
一个可以 6
之处 6
一个指向 6
属性来 6
有任何 6
的做法 6
应该使用 6
在于它 5
型对象 5
还提供 5
没有提 5
一个数字 5
迭代对象 5
的模块名 5
为底 5
被定义 5
路径指向 5
而无 5
大多 5
此模块提供 5
可以创建 5
记录消息 5
阻塞模式 5
个操作 5
成一个 5
样可以 5
感知 5
的局部 5
的字节数 5
平均 5
一个具有 5
值可以 5
向后 5
中的项 5
外还 5
通过一个 5
值会被 5
很长 5
出了 5
底层库 5
会被调用 5
种类 5
的代码中 5
所引发的 5
如下所 5
限于 5
例子演示了 5
加到 5
程序来 5
函数总是 5
返回一个新 5
要创建 5
是一个简单的 5
另请参 5
了解更多 5
的哈希 5
为负 5
为假 5
获取对 5
于给定 5
创建新 5
模块现在 5
本章中 5
了两个 5
中可以 5
为单个 5
它通常 5
会按 5
如果这 5
所有对 5
也可以被 5
是一个包 5
模块定义了一 5
模块名 5
要实现 5
元组其 5
达式 5
是一些 5
个整数 5
个新的 5
它们所 5
信号处理 5
循环中 5
最简 4
字符串转换 4
转化成一个 4
字符串格式 4
论是 4
模块中定义 4
该构造器 4
注意如果 4
函数接受 4
个线程 4
于任何 4
回收 4
于这些 4
一个小 4
个迭代 4
抛出一个 4
任何对 4
以提供 4
认值 4
中贡 4
提供了以 4
入一个 4
值如果 4
储存 4
会显 4
列表并 4
更复杂 4
任何字符 4
为垃圾 4
为所有 4
包含有 4
变长 4
个处理程序 4
新实例 4
斜杠 4
下面是一 4
预定 4
与内置 4
可用则 4
那么你 4
请改 4
一个简单 4
对象中的 4
其中每 4
不是在 4
进行编码 4
或其子 4
的另一 4
造器 4
事件循 4
的绝对 4
的重要 4
表示一 4
它提供 4
可以使 4
种情况 4
所对应 4
参数默认 4
被直接 4
的上下 4
可以更 4
一个可选 4
更多信息请参 4
不正确 4
一个映射 4
一个错误 4
是不可变 4
的一个子 4
的补全 4
向其 4
换为 4
被打 4
常情况下 4
后再 4
种方法 4
返回给 4
接受一个可选的 4
个简单的例子 4
线程安全的 4
有新的 4
中描述的 4
其他可 4
些情况下 4
作为一 4
失败返回 3
种形式 3
或多个 3
并将在 3
的新实例 3
对象的类 3
兴趣 3
结果如 3
添加一 3
参数传递 3
分布的 3
数进行 3
一个独 3
如以下 3
更简 3
此方 3
的异常类 3
最新版本 3
的其余 3
这些类 3
解压 3
的异常将 3
有两 3
被重新 3
其他类型 3
常用于 3
号分隔 3
其他情况 3
决于 3
个条目 3
改进的 3
记录输出 3
级函数 3
被替换 3
不适用 3
的调度 3
以及可 3
下文中 3
客户 3
程序中的 3
送给 3
其子类 3
的更多信息请参 3
套接 3
这些字符 3
时可能 3
空间中 3
了所有 3
中如果 3
则返 3
符串 3
为具有 3
做法是 3
高层 3
有这样 3
提供了一 3
的区别 3
有可用 3
用其他 3
对话 3
底层库中 3
方法可用 3
为给定 3
一个长 3
有相同 3
持久 3
是否可 3
不存在或 3
表中的 3
个数字 3
会阻 3
名元组 3
来确 3
撰写并 3
用因为 3
带参数 3
是可以 3
是可选 3
则可以 3
点数 3
中的元 3
中的每 3
用以下 3
可等待 3
使用这些 3
构造器接受 3
二进制数 3
可以指定 3
前进 3
执行模 3
获取更多 3
它可被 3
它们可 3
接字 3
被称 3
里有 3
被赋 3
的可迭代 3
该构造器接受一个可选 3
标准类型 3
个操作数 3
选参数 3
都应 3
一个字节 3
信息请参阅 3
个模块的 3
安装程序以 3
列表可 3
所描述 3
所定义 3
的可调用 2
选项名 2
调用底层 2
个例子 2
一个单独 2
的第三 2
面的例子 2
有权 2
下面是 2
个长度为 2
且没有 2
个特殊 2
有特殊 2
层级结构 2
的对象可 2
种类型 2
能力 2
器不会 2
电子邮 2
数字面值 2
该方 2
用于计 2
得更 2
是简单 2
可迭代对 2
是另一 2
数是一个 2
型提示 2
必须是一 2
所提供 2
认实现 2
人员 2
置参数 2
的空白 2
不会执行 2
指涉 2
取决 2
静态类 2
许你 2
三方 2
何处 2
在失败时 2
面值 2
用它们 2
用这种 2
提供了对 2
台上 2
应当使 2
是如果 2
则会引 2
型转化成 2
默认情况 2
如果提供 2
用此函数 2
空字符 2
节串对象 2
有三 2
际上 2
口中 2
的层次 2
所有元素 2
之前版本 2
进行调 2
个映射 2
程序可 2
装了 2
新闻 2
释器 2
语法分析 2
有自己 2
新版本的 2
建一个 2
被添 2
任何其 2
偏移 2
如果路径 2
插入顺 2
压缩和解 2
可选参 2
在下面 2
式说明 2
推导 2
序列表 2
可迭代 2
理器 2
举例 2
添加了一 2
其子类型的实例则 2
时抛出 2
可变数 2
则需 2
说如果 2
会被视 2
电子 2
在上面 2
码中的 2
少有 2
况下 2
来创 2
此情况 2
国际 2
二进 2
键字参数 2
外还有 2
这等价 2
字节数 2
些函数 2
二个 2
被设计 2
次调用 2
字符串字面 2
更多信息请 2
数如果 2
果未 2
一个异常并 2
这是一 2
内置类 2
获取更 2
可能已 2
串对象 2
送到 2
个随机 2
符的字符串 2
也可以使 2
一个浮 2
中的任 2
信息请 2
中的第 2
可以通 2
代表一 2
舍入模 2
但是你 2
在大多 1
必要 1
可执行文 1
可等待对 1
仅限位 1
成的列 1
用此方 1
可以选 1
让我 1
久化 1
用于实 1
构造器接受一个 1
异常并返回 1
可调用对 1
该构造器接受一 1
数必须是 1
用于确 1
其他情况下 1
数情况下 1
该函 1
用于指 1
据类型的 1
数据描述 1
更清 1
转化成 1
于创 1
引用计 1
该构造器接 1
代器对象 1
缩数据 1
最常见 1
缩文件 1
径对象 1
空字 1
别在于 1
接受一 1
析器 1
的可迭 1
输入和输 1
测到 1
法现在 1
在其他情况 1
字符的字 1
开文件 1
的应用程 1
赖于 1
递给 1
在这种情况 1
有什么 1
区别在 1
进制 1
用户自 1
这些方 1
在第一 1
事件日 1
元运算 1
回真值 1
饰器 1
据库 1
在此情 1
含所有 1
回收器 1
构体 1
描述的模块 1
入到最接近 1
法错误 1
返回假 1
会创建一 1
只有一 1
此情况下 1
成部分 1
溯信息 1
历史文 1
只是一 1
就是说 1
化字符 1
这相当 1
需要更 1
数都是 1
进制数码 1
个可选的整数初 1
参数是一 1
冲区 1
数和类 1
消费 1
或写入 1
数或者 1
这种方 1
器协议 1
算术运 1
术运算 1
档字符串 1
将匹 1
特殊方 1
数的数 1
间内 1
随机数生 1
合适 1
味着 1
理程序 1
数用于 1
还没 1
据类型 1
的过滤 1
数作为 1
请使 1
据结构 1
你自己 1
来完 1
请注 1
抛出一个异常 1
化器 1
不适 1
子类型的实例 1
数不会 1
型转化成一个 1
基于生成器的 1
如果失败 1
这个函 1
被视 1
长整 1
调用底 1
该构造器接受 1
以十 1
先级 1
限位 1
来获 1
例化 1
价于 1
不同类 1
简单的例子 1
事件循环方 1
可证 1
可能无 1
可以是一 1
置函数 1
始化器 1
所指向 1
左至右 1
可能导 1
可能需 1
重载此 1
制流 1
你必 1
制台 1
些操作 1
你需 1
以是任何 1
其他语 1
用户指南 1
的更多信息请 1
细节请 1
句体 1
本章中描述的 1
虚拟环 1
他类型的 1
动器 1
入系 1
式说明符 1
用的函数 1
格式化方 1
第三 1
符串值 1
换器 1
件描述符 1
装程序中 1
参数必 1
参数默 1
匹配字 1
个有效的 1
将是一 1
个单独的 1
至右 1
失败时返 1
情况下会 1
认情况下 1
命令行参 1
已被移 1
已移除 1
号字符 1
文件格 1
缓冲协 1
于当前 1
空白字 1
配置字 1
个空列表 1
移量 1
同类型的 1
储存结果 1
以下示 1
们想 1
许用户 1
言中 1
将会引 1
个参数的 1
期间发 1
果两个 1
型的实例 1
以及其 1
默地 1
回的对象 1
成器 1
将其转 1
个额外的 1
式化 1
个反斜杠 1
必须返 1
个具有 1
何其他 1
必须使 1
最常 1
文本编 1
了如何 1
节码 1
有提供 1
会检 1
弃用并 1
且仅当 1
弃用并将 1
表示形 1
随机字 1
号分隔的 1
也可以通 1
承自 1
了解有 1
便地 1
个类的 1
些模 1
个不同 1
缓冲区大 1
了新的 1
了一种 1
层库中的 1
前上下文 1
必要时 1
功时返回 1
息请参阅 1
新的对 1
子进 1
新的特 1
个可选 1
有什么新 1
进行迭 1
会抛 1
对于一 1
有相同的 1
之处在于 1
互模式 1
之前的版 1
一个别名 1
来初始 1
定状态 1
上下文管 1
误消息 1
对两个 1
性检 1
添加了新 1
储为 1
每个元 1
类用于 1
是一个字符 1
一个可调 1
是一个简单 1
是线程安全 1
白字符 1
闭时 1
处在于 1
了以下函数 1
好地 1
详情参 1
汇编 1
通常情况 1
块可以 1
并返回一 1
的整数初始 1
包含一 1
的关键字参 1
会被用 1
将其转换 1
志记录 1
包含以 1
包用户 1
详细信 1
一个浮点 1
十进 1
两个参 1
类的新 1
不同之处在 1
辑器 1
设计用 1
发环境 1
注意此 1
注册一 1
要执 1
中被移 1
统调用 1
现在接 1
正态 1
被绑定 1
格式化字符 1
该构造器接受一个 1
白符 1
中的所 1
在这种情 1
展模块 1
模块还提供 1
提供一 1
符串文字 1
则的话 1
受一个可选的整数 1
如果我 1
格符 1
生成器表达 1
都有一 1
上运 1
件包的 1
如果对 1
如果需 1
件系统 1
件循环 1
列长度 1
的数据类 1
回真 1
会被解 1
果你 1
述的模块 1
支割 1
的实例则 1
否则返 1
多其他 1
例属性 1
入的模块 1
如果给 1
如果没 1
制浮点数 1
二个参数 1
例来说 1
们都 1
如果指 1
