望能 0
与此同 0
香港 1
利亚 0
主要是 0
在去 0
球迷 1
乐龄 1
使用 0
亚洲 1
基层 1
这不 0
阿申 0
男子 0
实现 0
到底 0
问题的 0
公民 1
日前 1
在马 0
最大的 0
无论 0
下跌 1
东西 0
的机 0
定要 0
三年 0
是因为 0
还会 0
注意 0
北京 1
克汉 0
口的 0
同的 0
于这 0
扩大 0
追求 1
你们 0
大家 0
从事 0
实的 0
按摩 1
的股 0
足球 1
发言人 1
节目 1
完全 0
主席 1
一向 0
在本地 0
良好 1
的英 0
的病 0
有三 0
座组 0
阿申纳 0
的股 0
报告 1
赔偿 1
生医院 0
印尼 1
无法 0
召开 1
感谢 1
的另 0
资政 0
的可能 0
战略 1
护人 0
士司 0
人民 1
能会 0
两国 1
笃生 0
新的 0
的话 0
不好 0
房地产 1
台上 0
心理 1
素质 1
觉得 0
上个月 0
高度 1
公积金 1
近的 0
英格兰 1
国总统 0
研究 1
每次 0
句话 0
增加 1
由贸易 0
呼吁 1
确定 0
近期 1
的影响 0
人口 1
任何 1
的三 0
昨天在 0
人有 0
更多的 0
政部 0
来自 0
港元 1
据了 0
得不 0
和中 0
下一 0
汽车 1
代表 1
拉克战 0
海军 1
这方 0
是最 0
法院 1
雇主 1
中央 1
房地产 1
济增长 0
董建 0
削减 1
演员 1
文的 0
讲座 1
小姐 1
的过 0
的方 0
的主 0
有效 1
应付 1
拉克 0
指出 0
很多 0
价值 1
航空公 0
方的 0
罗斯 0
可见 0
立即 0
公司 1
市民 1
要的是 0
指挥 1
当时 1
非典型肺炎 1
打算 0
袭击 1
生部 0
印象 1
采访 1
女性 1
上下 0
处于 0
者的 0
共有 0
好几 0
有什 0
细胞 1
是被 0
部分 0
于这 0
发挥 1
也就 0
理局 0
一点 0
万新 0
实际 1
做出 0
技术 1
经验 1
合约 1
危机 1
病房 1
护人员 0
原则 1
世界卫生组 0
的文 0
正在 0
印度 1
最大的 0
才会 0
人对 0
乐观 1
受欢 0
出口 1
收费 1
男友 1
而是 0
目标 1
离开 0
演唱 1
美国的 0
基地 1
高度 1
一时 0
各自 0
一场 0
面积 1
演员 1
们还 0
国民 0
再次 0
争的 0
地铁 1
建屋 0
事发 0
者说 0
股市 1
对象 1
胜利 1
实施 1
意义 1
类似 0
附近的 0
交易 1
专业 1
效果 1
收费 1
星期六 1
声明 1
晚上 0
有限公 0
医护人 0
消费者 1
口罩 1
影响 1
是我们 0
等于 0
只能 0
使他 0
费者 0
负责 1
机师 0
程度 1
身边 1
的两 0
员说 0
汉姆 0
戏剧 1
歌手 1
伊拉 0
以一 0
艺人 1
记者 1
又有 0
个人 0
的特 0
新加坡的 0
打击 1
的机会 0
味着 0
在大 0
丈夫 1
加入 0
陈水扁 1
更加 0
资者 0
果不 0
还没有 0
背景 1
总值 0
文学 1
时间 1
不起 0
可能是 0
事情 0
选择 0
截至 0
更加 0
是人 0
人的 0
公司的 0
中国大 0
避免 1
两次 0
面对的 0
今年 0
美国 1
经济的 0
组成 0
葡萄 1
将有 0
接触 1
真是 0
限制 1
资源 1
副主 0
一个人 0
言论 1
利物浦 1
高的 0
半年 0
但在 0
他们是 0
国国 0
世界卫生组织 1
大学 1
的阿 0
方言 1
科学 1
因为 0
在对 0
人才 1
门的 0
人对 0
一定 0
一段 0
身的 0
讨论 1
资者 0
发生 0
济的 0
局的 0
就要 0
打击 1
本人 0
面对 1
下跌 1
日的 0
贝尔 0
基地 1
曼联 1
的话 0
测试 1
工作 1
表现 1
赔偿 1
习惯 1
专业 1
医生 1
人口 1
马来西亚 1
炸弹 1
满意 1
电脑 1
制度 1
创新 1
科技 1
美国人 1
美元 1
手术 1
清洁 1
宣传 1
游客 1
会谈 1
医护人员 1
执照 1
涉嫌 1
享有 1
局势 1
观察 1
创新 1
危险 1
青年 1
情报 1
飞机 1
能力 1
控制 1
美丽 1
新闻 1
关注 1
纽约 1
生物 1
和平 1
交易 1
具体 1
人员 1
现实 1
推行 1
停车 1
内政 1
理事 1
分析 1
公共 1
告诉 1
怀疑 1
报道 1
推动 1
双方 1
工作 1
优惠 1
保持 1
计算 1
名单 1
附近 1
通讯 1
博士 1
标准 1
气氛 1
加拿大 1
车子 1
法院 1
水平 1
允许 1
完全 1
联络 1
正式 1
开始 1
