国际
中国
进行
美国
发展
目前
工作
今年
他们
企业
香港
问题
政府
我们
上海
一个
同时
通过
表示
伊拉克
经济
其中
要求
以及
北京
开始
举行
合作
计划
项目
由于
一些
这些
活动
比赛
建设
加强
自己
参加
亿美元
市场
公司
投资
日本
组织
没有
国家
希望
今天
决定
记者
提高
方面
研究
影响
根据
包括
增加
提供
发现
建立
认为
已经
双方
管理
获得
去年
分别
有关
提出
实施
需要
世界
宣布
城市
继续
支持
服务
技术
因此
如果
万元
社会
俄罗斯
代表
生产
出现
会议
全国
造成
努力
现在
强调
必须
规定
情况
报道
地区
安全
联合国
进入
指出
公里
法国
发生
而且
产品
增长
虽然
因为
此外
德国
可以
工程
欧盟
以色列
期间
韩国
旅游
主要
报告
作用
目标
成立
美军
得到
来自
经过
英国
生活
只有
积极
政策
关系
教育
达到
部分
措施
许多
文化
解决
之间
时间
台湾
广东
随着
当天
使用
月份
保护
超过
广州
公布
过去
近年来
采取
完成
举办
结束
这次
专家
这样
特别是
形成
环境
历史
医院
这种
之后
方式
介绍
欧洲
减少
确保
可能
接受
最近
保证
据悉
访问
帮助
结果
世纪
学生
尽管
各种
利用
成绩
建议
取得
进一步
人员
能力
信息
关于
调查
一直
据了解
改革
其他
学校
参与
重要
推动
资金
最后
控制
未来
受到
出口
优势
患者
安排
稳定
能够
每年
水平
不仅
导致
当地
中心
万美元
领域
组成
成功
预计
政治
系统
拥有
交流
标准
负责
美元
全球
最终
官员
带来
调整
任务
首次
印度
领导
恢复
处理
另外
意大利
学习
行动
基础
机构
表明
病人
训练
讨论
警方
地方
制度
变化
比赛中
汽车
单位
左右
经验
选择
科技
人民
准备
负责人
伊朗
检查
业务
精神
分钟
应该
加拿大
网络
健康
了解
保持
新加坡
针对
投入
有效
甚至
情况下
传统
人类
疫情
产生
坚持
更多
经营
过程中
条件
改善
协议
设计
分析
内容
这里
朝鲜
消息
冠军
原则
死亡
集团
和平
西班牙
如今
良好
透露
执行
一样
不断
连续
布什
法律
第一
居民
存在
设备
不同
销售
设立
迅速
银行
家庭
基本
机会
收入
邀请
直接
治疗
机场
会谈
位于
战争
推出
价格
球队
资源
责任
时候
如何
需求
任何
采用
它们
据报道
关注
谈判
原因
首先
呼吁
整个
发表
球员
男子
挑战
不过
利益
今后
亚洲
事件
正式
联系
观众
严重
突破
委员会
尤其是
才能
看到
公斤
形式
游客
小时
著名
与此同时
方案
附近
批准
泰国
两国
困难
宣传
飞机
孩子
威胁
人才
女子
全部
发挥
非典型肺炎
每天
长期
卫生
开放
或者
力量
专业
胜利
第一次
现象
援助
价值
涉及
不能
承诺
明显
贡献
意见
制造
教练
工作人员
竞争
儿童
表现
限制
给予
病毒
妇女
担任
相信
媒体
建筑
上述
案件
队伍
欢迎
相比
一般
旅客
中央
第二
引起
对手
卫生部
只要
联合
领先
是否
演出
申请
真正
医护人员
越南
预测
印尼
总统
通知
功能
实际
医生
重视
改变
设施
消费者
反对
范围
非常
青年
独立
贷款
状况
压力
思想
运动
萨达姆
同意
菲律宾
不少
生命
并且
争取
鼓励
立场
打击
方法
证实
她们
知识
电话
表演
年代
消费
平均
自然
前往
依然
教授
丰富
速度
地位
至少
投资者
阶段
展开
病例
局面
最高
购买
公开
很多
态度
疾病
实力
状态
损失
资料
交易
考虑
网站
配合
有些
参赛
趋势
形象
离开
大部分
同样
商业
主席
解释
特别
特色
意义
显示
信心
估计
人士
品牌
危险
效果
数据
大学
费用
一部分
事业
艺术
电脑
成员
承认
出席
认识
纷纷
曾经
作品
出版
接触
因素
那么
比较
感染
胡锦涛
动物
取消
马来西亚
荷兰
数字
办公室
警告
属于
那些
协助
两岸
协会
破坏
担心
位置
反映
女性
仍然
市民
空间
拒绝
教师
原来
过程
使得
现场
几乎
说明
避免
大陆
下午
一旦
加入
紧张
风险
