日电
新华社
非典
新华社北京
亿元
可吸入颗粒物
体育
我国
开展
防治
促进
澳门
港澳台
重点
中国队
人们
农民
多云
万人
开发
之一
电视快讯
北京市
实现
巴格达
实行
天津
加快
据介绍
共同
小标题
深圳
此次
日晚
农业
基地
最大
运动员
按照
今日新闻
农村
各地
群众
全省
人死亡
选手
召开
全面
日上午
新华社华盛顿
先后
确定
奥运会
再次
重庆
扩大
三个代表
西藏
具有
科学
保障
越来越
领导人
下降
制定
万吨
巴西
机制
基础上
新疆
莫斯科
同比增长
日下午
广西
签署
相关
非洲
西部
经济发展
截至
有关部门
产业
南京
新世纪
人受伤
培训
国务院
路线图
统一
代表团
成都
面临
规划
启动
外事
全市
贸易
创造
个国家
浙江
此前
杭州
四川
内蒙古
办法
武汉
成果
考察
落实
工业
综述
俱乐部
持续
科学家
澳大利亚
广东省
维护
通讯
防治非典
质量
特点
个百分点
规模
中国政府
完善
增强
交通
战略
职工
防止
江苏
土耳其
自治区
有利于
小雨
旅游业
规范
山东
墨西哥
力度
体系
随后
头条
声明
推进
世界卫生组织
叙利亚
会见
上升
新华社伦敦
万人次
具体
开幕
一系列
等方面
预防
哈尔滨
干部
民族
万亩
据统计
年以来
瑞典
阿根廷
内地
刚果
法轮功
为主
云南
十五
巨大
进口
立即
袭击
培养
新华社记者
南非
阿富汗
部队
福建
发布
其中包括
埃及
正常
作出
协调
食品
用于
监督
专门
各类
改造
区域
合同
金融
数量
统计
部门
人口
现有
尽快
伊拉克战争
大量
告诉记者
做好
巴基斯坦
药品
约旦
建成
大型
铁路
商品
指导
环保
特区政府
境内
九五
周年
河南
巴勒斯坦
道路
形势
已成为
在这里
推广
部署
关键
古巴
发言人
运输
今年以来
波兰
综合
社区
创新
公路
江西
新华社东京
降低
特殊
结构
医务人员
河北
发展中国家
从事
有限公司
不足
模式
战胜
新华社柏林
石油
路透
山西
上海市
安理会
引进
消毒
万平方米
一批
金牌
文物
研究人员
老人
重要思想
平方米
就业
日凌晨
金字旁容
巴黎
众多
北约
军队
军事
高速公路
近期
宁夏
青少年
介绍说
面积
大规模
海关
瑞士
累计
海南
结合
第三
联赛
上半年
沈阳
步伐
电子
现代化
车辆
比例
手段
智利
主要是
整体
决赛
刚刚
实现了
普遍
非典疫情
安徽
队员
第一个
湖南
传播
现代
陕西
新增
逐步
足球
土地
无法
研讨会
先进
修改
获悉
严格
美英联军
湖北
新华社巴黎
能源
阿拉法特
其它
抵达
今年上半年
祖国
重申
辽宁
博物馆
采访
医疗
深入
承担
有助于
自身
证明
沙特
首都
科威特
污染
冲突
材料
文件
赢得
展示
摄氏度
优秀
研制
航班
天津市
电力
西安
斗争
财政
议会
很快
获胜
论坛
突出
昆明
乌克兰
关心
进攻
方针
主场
实践
检测
希腊
二氧化硫
机遇
河北省
提前
高校
快速
讲话
浙江省
传染病
运行
停止
美国总统布什
确认
伦敦
专家认为
纪念
探索
权利
广泛
事故
对话
枚金牌
适应
发行
哥伦比亚
联盟
文明
芬兰
艾滋病
监测
决议
符合
总投资
应当
禁止
葡萄牙
村民
热情
实验
