他说
但是
除了
当时
所以
昨天
这个
其实
她说
就是
本地
还是
然而
沙斯
另一方面
朋友
万新元
对于
成为
被告
之前
还有
所有
一名
当然
至于
例如
感觉
之外
什么
母亲
作为
死者
只是
面对
也是
他指出
为了
电影
角色
个月
父亲
所谓
曼联
即使
都是
丈夫
节目
公众
综合电
儿子
新航
妻子
新闻
父母
来说
老师
新元
女儿
免费
不是
过后
澳洲
故事
顾客
音乐
当局
员工
昨日
两人
酒店
肯定
地点
日前
后来
然后
东西
哥哥
联合早报
生意
等等
前天
这名
看法
一次
张国荣
女佣
课程
一切
做法
手机
马国
反应
事情
妈妈
突然
大约
昨晚
读者
两个
喜欢
广告
原本
记录
至今
似乎
照片
律师
股票
那样
皇马
晚上
批评
声音
女郎
课题
如此
该公司
否则
陈水扁
乘客
冲击
亿新元
身体
知道
名字
股权
感情
月底
对方
本身
戈尔
食物
经常
老板
民众
拍摄
危机
预料
受伤
职员
一起
主办
家长
竟然
言论
公尺
司机
年轻人
收费
语言
股市
直到
事实
时代
情绪
制作
贝克汉姆
创作
组屋
事实上
以来
将在
身份
明年
克林顿
攻击
新加坡人
个人
接着
主持
而不是
商家
本月
为什么
客户
距离
年轻
领袖
唯一
艺人
接下来
小孩
自由
多年
终于
日子
则是
导演
实际上
歌曲
心情
球迷
或许
在新加坡
阿申纳
台北
文章
指责
起来
今早
演唱会
演员
游戏
华人
华文
雇主
结婚
亚细安
两名
习惯
不满
最好
声称
这类
观察
兴趣
男人
不会
概念
瓦希德
受访时说
询问
小布什
最重要
类似
万英镑
毕竟
身上
行业
车子
击败
切尔西
售价
人民币
隔离
警察
美丽
完全
运作
另一
华语
最新
据知
吉隆坡讯
策略
联络
缺乏
觉得
女人
利物浦
投诉
选举
歌迷
尝试
发出
报道说
早报
上午
可能性
理想
经历
人物
之际
教育部
就像
心态
贝哥
可惜
谈到
杂志
出售
尤其
程度
李资政
反而
香港讯
业者
怀疑
简单
英语
命运
另一个
沟通
彼此
错误
对此
谈话
最佳
这项
也没有
显然
巴士
怎么
进球
没想到
一种
推行
手术
被捕
理由
护士
别人
会员
印象
自从
允许
气氛
总理
对象
照顾
民进党
嫌犯
其余
下跌
失败
英文
多数
合约
成了
你们
民主
立刻
注意
吸引
笔者
并没有
歌手
餐馆
权力
提升
也许
基金
在今年
星期六
年龄
享受
寻找
建屋局
月间
感受
小组
日晚上
中国大陆
讲座
条例
时刻
座组屋
指示
女生
家属
刺激
变成
并非
多少
影片
画面
球会
少女
赔偿
文学
心理
可说是
确实
男友
再加上
先生
接近
近日
预期
性格
文字
武器
公寓
星期
商人
爸爸
电视
阅读
工人
回家
南大
眼睛
万股
万零吉
回答
售卖
既然
受影响
工厂
女友
民主党
到目前为止
该队
上周
系列
以便
资产
通常
维持
例子
西方
测试
董建华
选民
另一名
衣服
吴总理
零吉
动作
